Log file open, 07/31/20 16:39:11
LogInit: Display: Running engine for game: UnitedPlanets
LogPlatformFile: Not using cached read wrapper
LogTaskGraph: Started task graph with 5 named threads and 14 total threads with 3 sets of task threads.
LogStats: Stats thread started at 0.767957
LogD3D11RHI: Loaded GFSDK_Aftermath_Lib.x64.dll
LogICUInternationalization: ICU TimeZone Detection - Raw Offset: -5:00, Platform Override: ''
LogPluginManager: Mounting plugin Paper2D
LogPluginManager: Mounting plugin AISupport
LogPluginManager: Mounting plugin LightPropagationVolume
LogPluginManager: Mounting plugin CameraShakePreviewer
LogPluginManager: Mounting plugin ActorLayerUtilities
LogPluginManager: Mounting plugin AnimationSharing
LogPluginManager: Mounting plugin CLionSourceCodeAccess
LogPluginManager: Mounting plugin CodeLiteSourceCodeAccess
LogPluginManager: Mounting plugin GitSourceControl
LogPluginManager: Mounting plugin KDevelopSourceCodeAccess
LogPluginManager: Mounting plugin NullSourceCodeAccess
LogPluginManager: Mounting plugin PerforceSourceControl
LogPluginManager: Mounting plugin PlasticSourceControl
LogPluginManager: Mounting plugin RiderSourceCodeAccess
LogPluginManager: Mounting plugin SubversionSourceControl
LogPluginManager: Mounting plugin UObjectPlugin
LogPluginManager: Mounting plugin VisualStudioCodeSourceCodeAccess
LogPluginManager: Mounting plugin VisualStudioSourceCodeAccess
LogPluginManager: Mounting plugin XCodeSourceCodeAccess
LogPluginManager: Mounting plugin AssetManagerEditor
LogPluginManager: Mounting plugin CryptoKeys
LogPluginManager: Mounting plugin CurveEditorTools
LogPluginManager: Mounting plugin DataValidation
LogPluginManager: Mounting plugin EditorScriptingUtilities
LogPluginManager: Mounting plugin FacialAnimation
LogPluginManager: Mounting plugin GameplayTagsEditor
LogPluginManager: Mounting plugin GeometryMode
LogPluginManager: Mounting plugin MacGraphicsSwitching
LogPluginManager: Mounting plugin MaterialAnalyzer
LogPluginManager: Mounting plugin MobileLauncherProfileWizard
LogPluginManager: Mounting plugin PluginBrowser
LogPluginManager: Mounting plugin SpeedTreeImporter
LogPluginManager: Mounting plugin DatasmithContent
LogPluginManager: Mounting plugin VariantManagerContent
LogPluginManager: Mounting plugin AlembicImporter
LogPluginManager: Mounting plugin AutomationUtils
LogPluginManager: Mounting plugin BackChannel
LogPluginManager: Mounting plugin ChaosCloth
LogPluginManager: Mounting plugin ChaosClothEditor
LogPluginManager: Mounting plugin ChaosEditor
LogPluginManager: Mounting plugin ChaosNiagara
LogPluginManager: Mounting plugin ChaosSolverPlugin
LogPluginManager: Mounting plugin CharacterAI
LogPluginManager: Mounting plugin GeometryCache
LogPluginManager: Mounting plugin GeometryCollectionPlugin
LogPluginManager: Mounting plugin GeometryProcessing
LogPluginManager: Mounting plugin PlanarCut
LogPluginManager: Mounting plugin PlatformCrypto
LogPluginManager: Mounting plugin ProxyLODPlugin
LogPluginManager: Mounting plugin SkeletalReduction
LogPluginManager: Mounting plugin Niagara
LogPluginManager: Mounting plugin MagicLeap
LogPluginManager: Mounting plugin MagicLeapLightEstimation
LogPluginManager: Mounting plugin MagicLeapMedia
LogPluginManager: Mounting plugin MagicLeapPassableWorld
LogPluginManager: Mounting plugin MLSDK
LogPluginManager: Mounting plugin AndroidMedia
LogPluginManager: Mounting plugin AvfMedia
LogPluginManager: Mounting plugin ImgMedia
LogPluginManager: Mounting plugin MediaCompositing
LogPluginManager: Mounting plugin MediaPlayerEditor
LogPluginManager: Mounting plugin WebMMedia
LogPluginManager: Mounting plugin WmfMedia
LogPluginManager: Mounting plugin MeshPainting
LogPluginManager: Mounting plugin TcpMessaging
LogPluginManager: Mounting plugin UdpMessaging
LogPluginManager: Mounting plugin ActorSequence
LogPluginManager: Mounting plugin LevelSequenceEditor
LogPluginManager: Mounting plugin MatineeToLevelSequence
LogPluginManager: Mounting plugin MovieRenderPipeline
LogPluginManager: Mounting plugin TemplateSequence
LogPluginManager: Mounting plugin NetcodeUnitTest
LogPluginManager: Mounting plugin NUTUnrealEngine4
LogPluginManager: Mounting plugin OnlineSubsystemGooglePlay
LogPluginManager: Mounting plugin OnlineSubsystemIOS
LogPluginManager: Mounting plugin OnlineSubsystem
LogPluginManager: Mounting plugin OnlineSubsystemNull
LogPluginManager: Mounting plugin OnlineSubsystemUtils
LogPluginManager: Mounting plugin LauncherChunkInstaller
LogPluginManager: Mounting plugin AndroidDeviceProfileSelector
LogPluginManager: Mounting plugin AndroidMoviePlayer
LogPluginManager: Mounting plugin AndroidPermission
LogPluginManager: Mounting plugin AppleImageUtils
LogPluginManager: Mounting plugin AppleMoviePlayer
LogPluginManager: Mounting plugin ArchVisCharacter
LogPluginManager: Mounting plugin AssetTags
LogPluginManager: Mounting plugin AudioCapture
LogPluginManager: Mounting plugin CableComponent
LogPluginManager: Mounting plugin CustomMeshComponent
LogPluginManager: Mounting plugin EditableMesh
LogPluginManager: Mounting plugin ExampleDeviceProfileSelector
LogPluginManager: Mounting plugin GoogleCloudMessaging
LogPluginManager: Mounting plugin GooglePAD
LogPluginManager: Mounting plugin IOSDeviceProfileSelector
LogPluginManager: Mounting plugin LinuxDeviceProfileSelector
LogPluginManager: Mounting plugin LocationServicesBPLibrary
LogPluginManager: Mounting plugin MobilePatchingUtils
LogPluginManager: Mounting plugin OculusVR
LogPluginManager: Mounting plugin PhysXVehicles
LogPluginManager: Mounting plugin PostSplashScreen
LogPluginManager: Mounting plugin ProceduralMeshComponent
LogPluginManager: Mounting plugin RuntimePhysXCooking
LogPluginManager: Mounting plugin SignificanceManager
LogPluginManager: Mounting plugin SoundFields
LogPluginManager: Mounting plugin SteamVR
LogPluginManager: Mounting plugin Synthesis
LogPluginManager: Mounting plugin WebMMoviePlayer
LogPluginManager: Mounting plugin WindowsMoviePlayer
LogPluginManager: Mounting plugin ScreenshotTools
LogInit: Using libcurl 7.55.1-DEV
LogInit:  - built for x86_64-pc-win32
LogInit:  - supports SSL with OpenSSL/1.1.1
LogInit:  - supports HTTP deflate (compression) using libz 1.2.8
LogInit:  - other features:
LogInit:      CURL_VERSION_SSL
LogInit:      CURL_VERSION_LIBZ
LogInit:      CURL_VERSION_IPV6
LogInit:      CURL_VERSION_ASYNCHDNS
LogInit:      CURL_VERSION_LARGEFILE
LogInit:      CURL_VERSION_IDN
LogInit:  CurlRequestOptions (configurable via config and command line):
LogInit:  - bVerifyPeer = true  - Libcurl will verify peer certificate
LogInit:  - bUseHttpProxy = false  - Libcurl will NOT use HTTP proxy
LogInit:  - bDontReuseConnections = false  - Libcurl will reuse connections
LogInit:  - MaxHostConnections = 16  - Libcurl will limit the number of connections to a host
LogInit:  - LocalHostAddr = Default
LogInit:  - BufferSize = 65536
LogOnline: OSS: Creating online subsystem instance for: NULL
LogInit: WinSock: version 1.1 (2.2), MaxSocks=32767, MaxUdp=65467
LogOnline: OSS: TryLoadSubsystemAndSetDefault: Loaded subsystem for module [NULL]
LogInit: Build: ++UE4+Release-4.25-CL-13144385
LogInit: Engine Version: 4.25.0-13144385+++UE4+Release-4.25
LogInit: Compatible Engine Version: 4.25.0-13144385+++UE4+Release-4.25
LogInit: Net CL: 13144385
LogInit: OS: Windows 10 (Release 1903) (), CPU: Intel(R) Core(TM) i5-6300HQ CPU @ 2.30GHz, GPU: Intel(R) HD Graphics 530
LogInit: Compiled (64-bit): May  2 2020 02:12:11
LogInit: Compiled with Visual C++: 19.24.28315.00
LogInit: Build Configuration: Development
LogInit: Branch Name: ++UE4+Release-4.25
LogInit: Command Line: 
LogInit: Base Directory: C:/Program Files/Epic Games/UE_4.25/Engine/Binaries/Win64/
LogInit: Allocator: TBB
LogInit: Installed Engine Build: 1
LogDevObjectVersion: Number of dev versions registered: 26
LogDevObjectVersion:   Dev-Blueprints (B0D832E4-1F89-4F0D-ACCF-7EB736FD4AA2): 10
LogDevObjectVersion:   Dev-Build (E1C64328-A22C-4D53-A36C-8E866417BD8C): 0
LogDevObjectVersion:   Dev-Core (375EC13C-06E4-48FB-B500-84F0262A717E): 4
LogDevObjectVersion:   Dev-Editor (E4B068ED-F494-42E9-A231-DA0B2E46BB41): 38
LogDevObjectVersion:   Dev-Framework (CFFC743F-43B0-4480-9391-14DF171D2073): 37
LogDevObjectVersion:   Dev-Mobile (B02B49B5-BB20-44E9-A304-32B752E40360): 2
LogDevObjectVersion:   Dev-Networking (A4E4105C-59A1-49B5-A7C5-40C4547EDFEE): 0
LogDevObjectVersion:   Dev-Online (39C831C9-5AE6-47DC-9A44-9C173E1C8E7C): 0
LogDevObjectVersion:   Dev-Physics (78F01B33-EBEA-4F98-B9B4-84EACCB95AA2): 4
LogDevObjectVersion:   Dev-Platform (6631380F-2D4D-43E0-8009-CF276956A95A): 0
LogDevObjectVersion:   Dev-Rendering (12F88B9F-8875-4AFC-A67C-D90C383ABD29): 43
LogDevObjectVersion:   Dev-Sequencer (7B5AE74C-D270-4C10-A958-57980B212A5A): 12
LogDevObjectVersion:   Dev-VR (D7296918-1DD6-4BDD-9DE2-64A83CC13884): 3
LogDevObjectVersion:   Dev-LoadTimes (C2A15278-BFE7-4AFE-6C17-90FF531DF755): 1
LogDevObjectVersion:   Private-Geometry (6EACA3D4-40EC-4CC1-B786-8BED09428FC5): 3
LogDevObjectVersion:   Dev-AnimPhys (29E575DD-E0A3-4627-9D10-D276232CDCEA): 17
LogDevObjectVersion:   Dev-Anim (AF43A65D-7FD3-4947-9873-3E8ED9C1BB05): 7
LogDevObjectVersion:   Dev-ReflectionCapture (6B266CEC-1EC7-4B8F-A30B-E4D90942FC07): 1
LogDevObjectVersion:   Dev-Automation (0DF73D61-A23F-47EA-B727-89E90C41499A): 1
LogDevObjectVersion:   FortniteMain (601D1886-AC64-4F84-AA16-D3DE0DEAC7D6): 31
LogDevObjectVersion:   Dev-Enterprise (9DFFBCD6-494F-0158-E221-12823C92A888): 10
LogDevObjectVersion:   Dev-Niagara (F2AED0AC-9AFE-416F-8664-AA7FFA26D6FC): 1
LogDevObjectVersion:   Dev-Destruction (174F1F0B-B4C6-45A5-B13F-2EE8D0FB917D): 10
LogDevObjectVersion:   Dev-Physics-Ext (35F94A83-E258-406C-A318-09F59610247C): 37
LogDevObjectVersion:   Dev-PhysicsMaterial-Chaos (B68FC16E-8B1B-42E2-B453-215C058844FE): 1
LogDevObjectVersion:   Dev-CineCamera (B2E18506-4273-CFC2-A54E-F4BB758BBA07): 1
LogInit: Presizing for max 25165824 objects, including 0 objects not considered by GC, pre-allocating 0 bytes for permanent pool.
LogConfig: Applying CVar settings from Section [/Script/Engine.StreamingSettings] File [C:/Users/TheK-B1000/Desktop/The K-B Folder/United Planets of Galaxies/RPG/UnitedPlanets/Saved/Config/Windows/Engine.ini]
LogConfig: Setting CVar [[s.MinBulkDataSizeForAsyncLoading:131072]]
LogConfig: Setting CVar [[s.AsyncLoadingThreadEnabled:0]]
LogConfig: Setting CVar [[s.EventDrivenLoaderEnabled:1]]
LogConfig: Setting CVar [[s.WarnIfTimeLimitExceeded:0]]
LogConfig: Setting CVar [[s.TimeLimitExceededMultiplier:1.5]]
LogConfig: Setting CVar [[s.TimeLimitExceededMinTime:0.005]]
LogConfig: Setting CVar [[s.UseBackgroundLevelStreaming:1]]
LogConfig: Setting CVar [[s.PriorityAsyncLoadingExtraTime:15.0]]
LogConfig: Setting CVar [[s.LevelStreamingActorsUpdateTimeLimit:5.0]]
LogConfig: Setting CVar [[s.PriorityLevelStreamingActorsUpdateExtraTime:5.0]]
LogConfig: Setting CVar [[s.LevelStreamingComponentsRegistrationGranularity:10]]
LogConfig: Setting CVar [[s.UnregisterComponentsTimeLimit:1.0]]
LogConfig: Setting CVar [[s.LevelStreamingComponentsUnregistrationGranularity:5]]
LogConfig: Setting CVar [[s.FlushStreamingOnExit:1]]
LogInit: Object subsystem initialized
LogConfig: Setting CVar [[con.DebugEarlyDefault:1]]
LogConfig: Setting CVar [[r.setres:1280x720]]
[2020.07.31-20.39.12:088][  0]LogConfig: Setting CVar [[r.VSync:0]]
[2020.07.31-20.39.12:088][  0]LogConfig: Setting CVar [[r.RHICmdBypass:0]]
[2020.07.31-20.39.12:088][  0]LogConfig: Applying CVar settings from Section [/Script/Engine.RendererSettings] File [C:/Users/TheK-B1000/Desktop/The K-B Folder/United Planets of Galaxies/RPG/UnitedPlanets/Saved/Config/Windows/Engine.ini]
[2020.07.31-20.39.12:088][  0]LogConfig: Setting CVar [[r.GPUCrashDebugging:0]]
[2020.07.31-20.39.12:088][  0]LogConfig: Applying CVar settings from Section [/Script/Engine.RendererOverrideSettings] File [C:/Users/TheK-B1000/Desktop/The K-B Folder/United Planets of Galaxies/RPG/UnitedPlanets/Saved/Config/Windows/Engine.ini]
[2020.07.31-20.39.12:088][  0]LogConfig: Applying CVar settings from Section [/Script/Engine.StreamingSettings] File [C:/Users/TheK-B1000/Desktop/The K-B Folder/United Planets of Galaxies/RPG/UnitedPlanets/Saved/Config/Windows/Engine.ini]
[2020.07.31-20.39.12:088][  0]LogConfig: Setting CVar [[s.MinBulkDataSizeForAsyncLoading:131072]]
[2020.07.31-20.39.12:088][  0]LogConfig: Setting CVar [[s.AsyncLoadingThreadEnabled:0]]
[2020.07.31-20.39.12:088][  0]LogConfig: Setting CVar [[s.EventDrivenLoaderEnabled:1]]
[2020.07.31-20.39.12:088][  0]LogConfig: Setting CVar [[s.WarnIfTimeLimitExceeded:0]]
[2020.07.31-20.39.12:088][  0]LogConfig: Setting CVar [[s.TimeLimitExceededMultiplier:1.5]]
[2020.07.31-20.39.12:088][  0]LogConfig: Setting CVar [[s.TimeLimitExceededMinTime:0.005]]
[2020.07.31-20.39.12:088][  0]LogConfig: Setting CVar [[s.UseBackgroundLevelStreaming:1]]
[2020.07.31-20.39.12:088][  0]LogConfig: Setting CVar [[s.PriorityAsyncLoadingExtraTime:15.0]]
[2020.07.31-20.39.12:088][  0]LogConfig: Setting CVar [[s.LevelStreamingActorsUpdateTimeLimit:5.0]]
[2020.07.31-20.39.12:088][  0]LogConfig: Setting CVar [[s.PriorityLevelStreamingActorsUpdateExtraTime:5.0]]
[2020.07.31-20.39.12:088][  0]LogConfig: Setting CVar [[s.LevelStreamingComponentsRegistrationGranularity:10]]
[2020.07.31-20.39.12:088][  0]LogConfig: Setting CVar [[s.UnregisterComponentsTimeLimit:1.0]]
[2020.07.31-20.39.12:088][  0]LogConfig: Setting CVar [[s.LevelStreamingComponentsUnregistrationGranularity:5]]
[2020.07.31-20.39.12:088][  0]LogConfig: Setting CVar [[s.FlushStreamingOnExit:1]]
[2020.07.31-20.39.12:088][  0]LogConfig: Applying CVar settings from Section [/Script/Engine.GarbageCollectionSettings] File [C:/Users/TheK-B1000/Desktop/The K-B Folder/United Planets of Galaxies/RPG/UnitedPlanets/Saved/Config/Windows/Engine.ini]
[2020.07.31-20.39.12:088][  0]LogConfig: Setting CVar [[gc.MaxObjectsNotConsideredByGC:1]]
[2020.07.31-20.39.12:088][  0]LogConfig: Setting CVar [[gc.SizeOfPermanentObjectPool:0]]
[2020.07.31-20.39.12:088][  0]LogConfig: Setting CVar [[gc.FlushStreamingOnGC:0]]
[2020.07.31-20.39.12:089][  0]LogConfig: Setting CVar [[gc.NumRetriesBeforeForcingGC:10]]
[2020.07.31-20.39.12:089][  0]LogConfig: Setting CVar [[gc.AllowParallelGC:1]]
[2020.07.31-20.39.12:089][  0]LogConfig: Setting CVar [[gc.TimeBetweenPurgingPendingKillObjects:61.1]]
[2020.07.31-20.39.12:089][  0]LogConfig: Setting CVar [[gc.MaxObjectsInEditor:25165824]]
[2020.07.31-20.39.12:089][  0]LogConfig: Setting CVar [[gc.IncrementalBeginDestroyEnabled:1]]
[2020.07.31-20.39.12:089][  0]LogConfig: Setting CVar [[gc.CreateGCClusters:1]]
[2020.07.31-20.39.12:089][  0]LogConfig: Setting CVar [[gc.MinGCClusterSize:5]]
[2020.07.31-20.39.12:089][  0]LogConfig: Setting CVar [[gc.ActorClusteringEnabled:0]]
[2020.07.31-20.39.12:089][  0]LogConfig: Setting CVar [[gc.BlueprintClusteringEnabled:0]]
[2020.07.31-20.39.12:089][  0]LogConfig: Setting CVar [[gc.UseDisregardForGCOnDedicatedServers:0]]
[2020.07.31-20.39.12:089][  0]LogConfig: Applying CVar settings from Section [/Script/Engine.NetworkSettings] File [C:/Users/TheK-B1000/Desktop/The K-B Folder/United Planets of Galaxies/RPG/UnitedPlanets/Saved/Config/Windows/Engine.ini]
[2020.07.31-20.39.12:089][  0]LogConfig: Applying CVar settings from Section [/Script/UnrealEd.CookerSettings] File [C:/Users/TheK-B1000/Desktop/The K-B Folder/United Planets of Galaxies/RPG/UnitedPlanets/Saved/Config/Windows/Engine.ini]
[2020.07.31-20.39.12:094][  0]LogConfig: Applying CVar settings from Section [ViewDistanceQuality@3] File [C:/Users/TheK-B1000/Desktop/The K-B Folder/United Planets of Galaxies/RPG/UnitedPlanets/Saved/Config/Windows/Scalability.ini]
[2020.07.31-20.39.12:094][  0]LogConfig: Setting CVar [[r.SkeletalMeshLODBias:0]]
[2020.07.31-20.39.12:094][  0]LogConfig: Setting CVar [[r.ViewDistanceScale:1.0]]
[2020.07.31-20.39.12:094][  0]LogConfig: Applying CVar settings from Section [AntiAliasingQuality@3] File [C:/Users/TheK-B1000/Desktop/The K-B Folder/United Planets of Galaxies/RPG/UnitedPlanets/Saved/Config/Windows/Scalability.ini]
[2020.07.31-20.39.12:094][  0]LogConfig: Setting CVar [[r.PostProcessAAQuality:4]]
[2020.07.31-20.39.12:094][  0]LogConfig: Applying CVar settings from Section [ShadowQuality@3] File [C:/Users/TheK-B1000/Desktop/The K-B Folder/United Planets of Galaxies/RPG/UnitedPlanets/Saved/Config/Windows/Scalability.ini]
[2020.07.31-20.39.12:094][  0]LogConfig: Setting CVar [[r.LightFunctionQuality:1]]
[2020.07.31-20.39.12:094][  0]LogConfig: Setting CVar [[r.ShadowQuality:5]]
[2020.07.31-20.39.12:094][  0]LogConfig: Setting CVar [[r.Shadow.CSM.MaxCascades:10]]
[2020.07.31-20.39.12:095][  0]LogConfig: Setting CVar [[r.Shadow.MaxResolution:2048]]
[2020.07.31-20.39.12:095][  0]LogConfig: Setting CVar [[r.Shadow.MaxCSMResolution:2048]]
[2020.07.31-20.39.12:095][  0]LogConfig: Setting CVar [[r.Shadow.RadiusThreshold:0.01]]
[2020.07.31-20.39.12:095][  0]LogConfig: Setting CVar [[r.Shadow.DistanceScale:1.0]]
[2020.07.31-20.39.12:095][  0]LogConfig: Setting CVar [[r.Shadow.CSM.TransitionScale:1.0]]
[2020.07.31-20.39.12:095][  0]LogConfig: Setting CVar [[r.Shadow.PreShadowResolutionFactor:1.0]]
[2020.07.31-20.39.12:095][  0]LogConfig: Setting CVar [[r.DistanceFieldShadowing:1]]
[2020.07.31-20.39.12:095][  0]LogConfig: Setting CVar [[r.DistanceFieldAO:1]]
[2020.07.31-20.39.12:095][  0]LogConfig: Setting CVar [[r.AOQuality:2]]
[2020.07.31-20.39.12:095][  0]LogConfig: Setting CVar [[r.VolumetricFog:1]]
[2020.07.31-20.39.12:095][  0]LogConfig: Setting CVar [[r.VolumetricFog.GridPixelSize:8]]
[2020.07.31-20.39.12:095][  0]LogConfig: Setting CVar [[r.VolumetricFog.GridSizeZ:128]]
[2020.07.31-20.39.12:095][  0]LogConfig: Setting CVar [[r.VolumetricFog.HistoryMissSupersampleCount:4]]
[2020.07.31-20.39.12:095][  0]LogConfig: Setting CVar [[r.LightMaxDrawDistanceScale:1]]
[2020.07.31-20.39.12:095][  0]LogConfig: Setting CVar [[r.CapsuleShadows:1]]
[2020.07.31-20.39.12:095][  0]LogConfig: Applying CVar settings from Section [PostProcessQuality@3] File [C:/Users/TheK-B1000/Desktop/The K-B Folder/United Planets of Galaxies/RPG/UnitedPlanets/Saved/Config/Windows/Scalability.ini]
[2020.07.31-20.39.12:095][  0]LogConfig: Setting CVar [[r.MotionBlurQuality:4]]
[2020.07.31-20.39.12:095][  0]LogConfig: Setting CVar [[r.AmbientOcclusionMipLevelFactor:0.4]]
[2020.07.31-20.39.12:095][  0]LogConfig: Setting CVar [[r.AmbientOcclusionMaxQuality:100]]
[2020.07.31-20.39.12:095][  0]LogConfig: Setting CVar [[r.AmbientOcclusionLevels:-1]]
[2020.07.31-20.39.12:095][  0]LogConfig: Setting CVar [[r.AmbientOcclusionRadiusScale:1.0]]
[2020.07.31-20.39.12:095][  0]LogConfig: Setting CVar [[r.DepthOfFieldQuality:2]]
[2020.07.31-20.39.12:095][  0]LogConfig: Setting CVar [[r.RenderTargetPoolMin:400]]
[2020.07.31-20.39.12:095][  0]LogConfig: Setting CVar [[r.LensFlareQuality:2]]
[2020.07.31-20.39.12:095][  0]LogConfig: Setting CVar [[r.SceneColorFringeQuality:1]]
[2020.07.31-20.39.12:095][  0]LogConfig: Setting CVar [[r.EyeAdaptationQuality:2]]
[2020.07.31-20.39.12:095][  0]LogConfig: Setting CVar [[r.BloomQuality:5]]
[2020.07.31-20.39.12:095][  0]LogConfig: Setting CVar [[r.FastBlurThreshold:100]]
[2020.07.31-20.39.12:095][  0]LogConfig: Setting CVar [[r.Upscale.Quality:3]]
[2020.07.31-20.39.12:095][  0]LogConfig: Setting CVar [[r.Tonemapper.GrainQuantization:1]]
[2020.07.31-20.39.12:095][  0]LogConfig: Setting CVar [[r.LightShaftQuality:1]]
[2020.07.31-20.39.12:095][  0]LogConfig: Setting CVar [[r.Filter.SizeScale:1]]
[2020.07.31-20.39.12:095][  0]LogConfig: Setting CVar [[r.Tonemapper.Quality:5]]
[2020.07.31-20.39.12:095][  0]LogConfig: Setting CVar [[r.DOF.Gather.AccumulatorQuality:1        ; higher gathering accumulator quality]]
[2020.07.31-20.39.12:095][  0]LogConfig: Setting CVar [[r.DOF.Gather.PostfilterMethod:1          ; Median3x3 postfilering method]]
[2020.07.31-20.39.12:095][  0]LogConfig: Setting CVar [[r.DOF.Gather.EnableBokehSettings:0       ; no bokeh simulation when gathering]]
[2020.07.31-20.39.12:095][  0]LogConfig: Setting CVar [[r.DOF.Gather.RingCount:4                 ; medium number of samples when gathering]]
[2020.07.31-20.39.12:095][  0]LogConfig: Setting CVar [[r.DOF.Scatter.ForegroundCompositing:1    ; additive foreground scattering]]
[2020.07.31-20.39.12:095][  0]LogConfig: Setting CVar [[r.DOF.Scatter.BackgroundCompositing:2    ; additive background scattering]]
[2020.07.31-20.39.12:095][  0]LogConfig: Setting CVar [[r.DOF.Scatter.EnableBokehSettings:1      ; bokeh simulation when scattering]]
[2020.07.31-20.39.12:095][  0]LogConfig: Setting CVar [[r.DOF.Scatter.MaxSpriteRatio:0.1         ; only a maximum of 10% of scattered bokeh]]
[2020.07.31-20.39.12:095][  0]LogConfig: Setting CVar [[r.DOF.Recombine.Quality:1                ; cheap slight out of focus]]
[2020.07.31-20.39.12:095][  0]LogConfig: Setting CVar [[r.DOF.Recombine.EnableBokehSettings:0    ; no bokeh simulation on slight out of focus]]
[2020.07.31-20.39.12:095][  0]LogConfig: Setting CVar [[r.DOF.TemporalAAQuality:1                ; more stable temporal accumulation]]
[2020.07.31-20.39.12:095][  0]LogConfig: Setting CVar [[r.DOF.Kernel.MaxForegroundRadius:0.025]]
[2020.07.31-20.39.12:095][  0]LogConfig: Setting CVar [[r.DOF.Kernel.MaxBackgroundRadius:0.025]]
[2020.07.31-20.39.12:095][  0]LogConfig: Applying CVar settings from Section [TextureQuality@3] File [C:/Users/TheK-B1000/Desktop/The K-B Folder/United Planets of Galaxies/RPG/UnitedPlanets/Saved/Config/Windows/Scalability.ini]
[2020.07.31-20.39.12:095][  0]LogConfig: Setting CVar [[r.Streaming.MipBias:0]]
[2020.07.31-20.39.12:095][  0]LogConfig: Setting CVar [[r.Streaming.AmortizeCPUToGPUCopy:0]]
[2020.07.31-20.39.12:095][  0]LogConfig: Setting CVar [[r.Streaming.MaxNumTexturesToStreamPerFrame:0]]
[2020.07.31-20.39.12:095][  0]LogConfig: Setting CVar [[r.Streaming.Boost:1]]
[2020.07.31-20.39.12:096][  0]LogConfig: Setting CVar [[r.MaxAnisotropy:8]]
[2020.07.31-20.39.12:096][  0]LogConfig: Setting CVar [[r.VT.MaxAnisotropy:8]]
[2020.07.31-20.39.12:096][  0]LogConfig: Setting CVar [[r.Streaming.LimitPoolSizeToVRAM:0]]
[2020.07.31-20.39.12:096][  0]LogConfig: Setting CVar [[r.Streaming.PoolSize:1000]]
[2020.07.31-20.39.12:096][  0]LogConfig: Setting CVar [[r.Streaming.MaxEffectiveScreenSize:0]]
[2020.07.31-20.39.12:096][  0]LogConfig: Applying CVar settings from Section [EffectsQuality@3] File [C:/Users/TheK-B1000/Desktop/The K-B Folder/United Planets of Galaxies/RPG/UnitedPlanets/Saved/Config/Windows/Scalability.ini]
[2020.07.31-20.39.12:096][  0]LogConfig: Setting CVar [[r.TranslucencyLightingVolumeDim:64]]
[2020.07.31-20.39.12:096][  0]LogConfig: Setting CVar [[r.RefractionQuality:2]]
[2020.07.31-20.39.12:096][  0]LogConfig: Setting CVar [[r.SSR.Quality:3]]
[2020.07.31-20.39.12:096][  0]LogConfig: Setting CVar [[r.SSR.HalfResSceneColor:0]]
[2020.07.31-20.39.12:096][  0]LogConfig: Setting CVar [[r.SceneColorFormat:4]]
[2020.07.31-20.39.12:096][  0]LogConfig: Setting CVar [[r.DetailMode:2]]
[2020.07.31-20.39.12:096][  0]LogConfig: Setting CVar [[r.TranslucencyVolumeBlur:1]]
[2020.07.31-20.39.12:096][  0]LogConfig: Setting CVar [[r.MaterialQualityLevel:1 ; High quality]]
[2020.07.31-20.39.12:096][  0]LogConfig: Setting CVar [[r.SSS.Scale:1]]
[2020.07.31-20.39.12:096][  0]LogConfig: Setting CVar [[r.SSS.SampleSet:2]]
[2020.07.31-20.39.12:096][  0]LogConfig: Setting CVar [[r.SSS.Quality:1]]
[2020.07.31-20.39.12:096][  0]LogConfig: Setting CVar [[r.SSS.HalfRes:0]]
[2020.07.31-20.39.12:096][  0]LogConfig: Setting CVar [[r.SSGI.Quality:3]]
[2020.07.31-20.39.12:096][  0]LogConfig: Setting CVar [[r.EmitterSpawnRateScale:1.0]]
[2020.07.31-20.39.12:096][  0]LogConfig: Setting CVar [[r.ParticleLightQuality:2]]
[2020.07.31-20.39.12:096][  0]LogConfig: Setting CVar [[r.SkyAtmosphere.AerialPerspectiveLUT.FastApplyOnOpaque:1 ; Always have FastSkyLUT 1 in this case to avoid wrong sky]]
[2020.07.31-20.39.12:096][  0]LogConfig: Setting CVar [[r.SkyAtmosphere.AerialPerspectiveLUT.SampleCountPerSlice:1]]
[2020.07.31-20.39.12:096][  0]LogConfig: Setting CVar [[r.SkyAtmosphere.AerialPerspectiveLUT.DepthResolution:16.0]]
[2020.07.31-20.39.12:096][  0]LogConfig: Setting CVar [[r.SkyAtmosphere.FastSkyLUT:1]]
[2020.07.31-20.39.12:096][  0]LogConfig: Setting CVar [[r.SkyAtmosphere.FastSkyLUT.SampleCountMin:4.0]]
[2020.07.31-20.39.12:096][  0]LogConfig: Setting CVar [[r.SkyAtmosphere.FastSkyLUT.SampleCountMax:32.0]]
[2020.07.31-20.39.12:096][  0]LogConfig: Setting CVar [[r.SkyAtmosphere.SampleCountMin:4.0]]
[2020.07.31-20.39.12:096][  0]LogConfig: Setting CVar [[r.SkyAtmosphere.SampleCountMax:32.0]]
[2020.07.31-20.39.12:096][  0]LogConfig: Setting CVar [[r.SkyAtmosphere.TransmittanceLUT.UseSmallFormat:0]]
[2020.07.31-20.39.12:096][  0]LogConfig: Setting CVar [[r.SkyAtmosphere.TransmittanceLUT.SampleCount:10.0]]
[2020.07.31-20.39.12:096][  0]LogConfig: Setting CVar [[r.SkyAtmosphere.MultiScatteringLUT.SampleCount:15.0]]
[2020.07.31-20.39.12:096][  0]LogConfig: Applying CVar settings from Section [FoliageQuality@3] File [C:/Users/TheK-B1000/Desktop/The K-B Folder/United Planets of Galaxies/RPG/UnitedPlanets/Saved/Config/Windows/Scalability.ini]
[2020.07.31-20.39.12:096][  0]LogConfig: Setting CVar [[foliage.DensityScale:1.0]]
[2020.07.31-20.39.12:096][  0]LogConfig: Setting CVar [[grass.DensityScale:1.0]]
[2020.07.31-20.39.12:096][  0]LogConfig: Applying CVar settings from Section [ShadingQuality@3] File [C:/Users/TheK-B1000/Desktop/The K-B Folder/United Planets of Galaxies/RPG/UnitedPlanets/Saved/Config/Windows/Scalability.ini]
[2020.07.31-20.39.12:096][  0]LogConfig: Setting CVar [[r.HairStrands.SkyLighting.SampleCount:16]]
[2020.07.31-20.39.12:096][  0]LogConfig: Setting CVar [[r.HairStrands.SkyLighting.JitterIntegration:0]]
[2020.07.31-20.39.12:096][  0]LogConfig: Setting CVar [[r.HairStrands.SkyAO.SampleCount:16]]
[2020.07.31-20.39.12:096][  0]LogConfig: Setting CVar [[r.HairStrands.DeepShadow.SuperSampling:0]]
[2020.07.31-20.39.12:096][  0]LogConfig: Setting CVar [[r.HairStrands.VisibilityPPLL:0]]
[2020.07.31-20.39.12:096][  0]LogConfig: Setting CVar [[r.HairStrands.RasterizationScale:0.5]]
[2020.07.31-20.39.12:097][  0]LogConfig: Setting CVar [[r.HairStrands.VelocityRasterizationScale:1]]
[2020.07.31-20.39.12:097][  0]LogInit: Selected Device Profile: [Windows]
[2020.07.31-20.39.12:097][  0]LogInit: Applying CVar settings loaded from the selected device profile: [Windows]
[2020.07.31-20.39.12:098][  0]LogHAL: Display: Platform has ~ 8 GB [8462237696 / 8589934592 / 8], which maps to Default [LargestMinGB=32, LargerMinGB=12, DefaultMinGB=8, SmallerMinGB=6, SmallestMinGB=0)
[2020.07.31-20.39.12:098][  0]LogInit: Going up to parent DeviceProfile []
[2020.07.31-20.39.12:099][  0]LogConfig: Applying CVar settings from Section [ViewDistanceQuality@3] File [C:/Users/TheK-B1000/Desktop/The K-B Folder/United Planets of Galaxies/RPG/UnitedPlanets/Saved/Config/Windows/Scalability.ini]
[2020.07.31-20.39.12:099][  0]LogConfig: Setting CVar [[r.SkeletalMeshLODBias:0]]
[2020.07.31-20.39.12:099][  0]LogConfig: Setting CVar [[r.ViewDistanceScale:1.0]]
[2020.07.31-20.39.12:099][  0]LogConfig: Applying CVar settings from Section [AntiAliasingQuality@3] File [C:/Users/TheK-B1000/Desktop/The K-B Folder/United Planets of Galaxies/RPG/UnitedPlanets/Saved/Config/Windows/Scalability.ini]
[2020.07.31-20.39.12:099][  0]LogConfig: Setting CVar [[r.PostProcessAAQuality:4]]
[2020.07.31-20.39.12:099][  0]LogConfig: Applying CVar settings from Section [ShadowQuality@3] File [C:/Users/TheK-B1000/Desktop/The K-B Folder/United Planets of Galaxies/RPG/UnitedPlanets/Saved/Config/Windows/Scalability.ini]
[2020.07.31-20.39.12:099][  0]LogConfig: Setting CVar [[r.LightFunctionQuality:1]]
[2020.07.31-20.39.12:099][  0]LogConfig: Setting CVar [[r.ShadowQuality:5]]
[2020.07.31-20.39.12:099][  0]LogConfig: Setting CVar [[r.Shadow.CSM.MaxCascades:10]]
[2020.07.31-20.39.12:099][  0]LogConfig: Setting CVar [[r.Shadow.MaxResolution:2048]]
[2020.07.31-20.39.12:099][  0]LogConfig: Setting CVar [[r.Shadow.MaxCSMResolution:2048]]
[2020.07.31-20.39.12:099][  0]LogConfig: Setting CVar [[r.Shadow.RadiusThreshold:0.01]]
[2020.07.31-20.39.12:099][  0]LogConfig: Setting CVar [[r.Shadow.DistanceScale:1.0]]
[2020.07.31-20.39.12:099][  0]LogConfig: Setting CVar [[r.Shadow.CSM.TransitionScale:1.0]]
[2020.07.31-20.39.12:099][  0]LogConfig: Setting CVar [[r.Shadow.PreShadowResolutionFactor:1.0]]
[2020.07.31-20.39.12:099][  0]LogConfig: Setting CVar [[r.DistanceFieldShadowing:1]]
[2020.07.31-20.39.12:099][  0]LogConfig: Setting CVar [[r.DistanceFieldAO:1]]
[2020.07.31-20.39.12:099][  0]LogConfig: Setting CVar [[r.AOQuality:2]]
[2020.07.31-20.39.12:099][  0]LogConfig: Setting CVar [[r.VolumetricFog:1]]
[2020.07.31-20.39.12:099][  0]LogConfig: Setting CVar [[r.VolumetricFog.GridPixelSize:8]]
[2020.07.31-20.39.12:099][  0]LogConfig: Setting CVar [[r.VolumetricFog.GridSizeZ:128]]
[2020.07.31-20.39.12:099][  0]LogConfig: Setting CVar [[r.VolumetricFog.HistoryMissSupersampleCount:4]]
[2020.07.31-20.39.12:099][  0]LogConfig: Setting CVar [[r.LightMaxDrawDistanceScale:1]]
[2020.07.31-20.39.12:099][  0]LogConfig: Setting CVar [[r.CapsuleShadows:1]]
[2020.07.31-20.39.12:099][  0]LogConfig: Applying CVar settings from Section [PostProcessQuality@3] File [C:/Users/TheK-B1000/Desktop/The K-B Folder/United Planets of Galaxies/RPG/UnitedPlanets/Saved/Config/Windows/Scalability.ini]
[2020.07.31-20.39.12:099][  0]LogConfig: Setting CVar [[r.MotionBlurQuality:4]]
[2020.07.31-20.39.12:099][  0]LogConfig: Setting CVar [[r.AmbientOcclusionMipLevelFactor:0.4]]
[2020.07.31-20.39.12:099][  0]LogConfig: Setting CVar [[r.AmbientOcclusionMaxQuality:100]]
[2020.07.31-20.39.12:099][  0]LogConfig: Setting CVar [[r.AmbientOcclusionLevels:-1]]
[2020.07.31-20.39.12:099][  0]LogConfig: Setting CVar [[r.AmbientOcclusionRadiusScale:1.0]]
[2020.07.31-20.39.12:099][  0]LogConfig: Setting CVar [[r.DepthOfFieldQuality:2]]
[2020.07.31-20.39.12:099][  0]LogConfig: Setting CVar [[r.RenderTargetPoolMin:400]]
[2020.07.31-20.39.12:099][  0]LogConfig: Setting CVar [[r.LensFlareQuality:2]]
[2020.07.31-20.39.12:099][  0]LogConfig: Setting CVar [[r.SceneColorFringeQuality:1]]
[2020.07.31-20.39.12:099][  0]LogConfig: Setting CVar [[r.EyeAdaptationQuality:2]]
[2020.07.31-20.39.12:099][  0]LogConfig: Setting CVar [[r.BloomQuality:5]]
[2020.07.31-20.39.12:099][  0]LogConfig: Setting CVar [[r.FastBlurThreshold:100]]
[2020.07.31-20.39.12:099][  0]LogConfig: Setting CVar [[r.Upscale.Quality:3]]
[2020.07.31-20.39.12:099][  0]LogConfig: Setting CVar [[r.Tonemapper.GrainQuantization:1]]
[2020.07.31-20.39.12:099][  0]LogConfig: Setting CVar [[r.LightShaftQuality:1]]
[2020.07.31-20.39.12:099][  0]LogConfig: Setting CVar [[r.Filter.SizeScale:1]]
[2020.07.31-20.39.12:099][  0]LogConfig: Setting CVar [[r.Tonemapper.Quality:5]]
[2020.07.31-20.39.12:099][  0]LogConfig: Setting CVar [[r.DOF.Gather.AccumulatorQuality:1        ; higher gathering accumulator quality]]
[2020.07.31-20.39.12:099][  0]LogConfig: Setting CVar [[r.DOF.Gather.PostfilterMethod:1          ; Median3x3 postfilering method]]
[2020.07.31-20.39.12:100][  0]LogConfig: Setting CVar [[r.DOF.Gather.EnableBokehSettings:0       ; no bokeh simulation when gathering]]
[2020.07.31-20.39.12:100][  0]LogConfig: Setting CVar [[r.DOF.Gather.RingCount:4                 ; medium number of samples when gathering]]
[2020.07.31-20.39.12:100][  0]LogConfig: Setting CVar [[r.DOF.Scatter.ForegroundCompositing:1    ; additive foreground scattering]]
[2020.07.31-20.39.12:100][  0]LogConfig: Setting CVar [[r.DOF.Scatter.BackgroundCompositing:2    ; additive background scattering]]
[2020.07.31-20.39.12:100][  0]LogConfig: Setting CVar [[r.DOF.Scatter.EnableBokehSettings:1      ; bokeh simulation when scattering]]
[2020.07.31-20.39.12:100][  0]LogConfig: Setting CVar [[r.DOF.Scatter.MaxSpriteRatio:0.1         ; only a maximum of 10% of scattered bokeh]]
[2020.07.31-20.39.12:100][  0]LogConfig: Setting CVar [[r.DOF.Recombine.Quality:1                ; cheap slight out of focus]]
[2020.07.31-20.39.12:100][  0]LogConfig: Setting CVar [[r.DOF.Recombine.EnableBokehSettings:0    ; no bokeh simulation on slight out of focus]]
[2020.07.31-20.39.12:100][  0]LogConfig: Setting CVar [[r.DOF.TemporalAAQuality:1                ; more stable temporal accumulation]]
[2020.07.31-20.39.12:100][  0]LogConfig: Setting CVar [[r.DOF.Kernel.MaxForegroundRadius:0.025]]
[2020.07.31-20.39.12:100][  0]LogConfig: Setting CVar [[r.DOF.Kernel.MaxBackgroundRadius:0.025]]
[2020.07.31-20.39.12:100][  0]LogConfig: Applying CVar settings from Section [TextureQuality@3] File [C:/Users/TheK-B1000/Desktop/The K-B Folder/United Planets of Galaxies/RPG/UnitedPlanets/Saved/Config/Windows/Scalability.ini]
[2020.07.31-20.39.12:100][  0]LogConfig: Setting CVar [[r.Streaming.MipBias:0]]
[2020.07.31-20.39.12:100][  0]LogConfig: Setting CVar [[r.Streaming.AmortizeCPUToGPUCopy:0]]
[2020.07.31-20.39.12:100][  0]LogConfig: Setting CVar [[r.Streaming.MaxNumTexturesToStreamPerFrame:0]]
[2020.07.31-20.39.12:100][  0]LogConfig: Setting CVar [[r.Streaming.Boost:1]]
[2020.07.31-20.39.12:100][  0]LogConfig: Setting CVar [[r.MaxAnisotropy:8]]
[2020.07.31-20.39.12:100][  0]LogConfig: Setting CVar [[r.VT.MaxAnisotropy:8]]
[2020.07.31-20.39.12:100][  0]LogConfig: Setting CVar [[r.Streaming.LimitPoolSizeToVRAM:0]]
[2020.07.31-20.39.12:100][  0]LogConfig: Setting CVar [[r.Streaming.PoolSize:1000]]
[2020.07.31-20.39.12:100][  0]LogConfig: Setting CVar [[r.Streaming.MaxEffectiveScreenSize:0]]
[2020.07.31-20.39.12:100][  0]LogConfig: Applying CVar settings from Section [EffectsQuality@3] File [C:/Users/TheK-B1000/Desktop/The K-B Folder/United Planets of Galaxies/RPG/UnitedPlanets/Saved/Config/Windows/Scalability.ini]
[2020.07.31-20.39.12:100][  0]LogConfig: Setting CVar [[r.TranslucencyLightingVolumeDim:64]]
[2020.07.31-20.39.12:100][  0]LogConfig: Setting CVar [[r.RefractionQuality:2]]
[2020.07.31-20.39.12:100][  0]LogConfig: Setting CVar [[r.SSR.Quality:3]]
[2020.07.31-20.39.12:100][  0]LogConfig: Setting CVar [[r.SSR.HalfResSceneColor:0]]
[2020.07.31-20.39.12:100][  0]LogConfig: Setting CVar [[r.SceneColorFormat:4]]
[2020.07.31-20.39.12:100][  0]LogConfig: Setting CVar [[r.DetailMode:2]]
[2020.07.31-20.39.12:100][  0]LogConfig: Setting CVar [[r.TranslucencyVolumeBlur:1]]
[2020.07.31-20.39.12:100][  0]LogConfig: Setting CVar [[r.MaterialQualityLevel:1 ; High quality]]
[2020.07.31-20.39.12:100][  0]LogConfig: Setting CVar [[r.SSS.Scale:1]]
[2020.07.31-20.39.12:100][  0]LogConfig: Setting CVar [[r.SSS.SampleSet:2]]
[2020.07.31-20.39.12:100][  0]LogConfig: Setting CVar [[r.SSS.Quality:1]]
[2020.07.31-20.39.12:100][  0]LogConfig: Setting CVar [[r.SSS.HalfRes:0]]
[2020.07.31-20.39.12:100][  0]LogConfig: Setting CVar [[r.SSGI.Quality:3]]
[2020.07.31-20.39.12:100][  0]LogConfig: Setting CVar [[r.EmitterSpawnRateScale:1.0]]
[2020.07.31-20.39.12:100][  0]LogConfig: Setting CVar [[r.ParticleLightQuality:2]]
[2020.07.31-20.39.12:100][  0]LogConfig: Setting CVar [[r.SkyAtmosphere.AerialPerspectiveLUT.FastApplyOnOpaque:1 ; Always have FastSkyLUT 1 in this case to avoid wrong sky]]
[2020.07.31-20.39.12:100][  0]LogConfig: Setting CVar [[r.SkyAtmosphere.AerialPerspectiveLUT.SampleCountPerSlice:1]]
[2020.07.31-20.39.12:100][  0]LogConfig: Setting CVar [[r.SkyAtmosphere.AerialPerspectiveLUT.DepthResolution:16.0]]
[2020.07.31-20.39.12:100][  0]LogConfig: Setting CVar [[r.SkyAtmosphere.FastSkyLUT:1]]
[2020.07.31-20.39.12:100][  0]LogConfig: Setting CVar [[r.SkyAtmosphere.FastSkyLUT.SampleCountMin:4.0]]
[2020.07.31-20.39.12:100][  0]LogConfig: Setting CVar [[r.SkyAtmosphere.FastSkyLUT.SampleCountMax:32.0]]
[2020.07.31-20.39.12:100][  0]LogConfig: Setting CVar [[r.SkyAtmosphere.SampleCountMin:4.0]]
[2020.07.31-20.39.12:100][  0]LogConfig: Setting CVar [[r.SkyAtmosphere.SampleCountMax:32.0]]
[2020.07.31-20.39.12:100][  0]LogConfig: Setting CVar [[r.SkyAtmosphere.TransmittanceLUT.UseSmallFormat:0]]
[2020.07.31-20.39.12:100][  0]LogConfig: Setting CVar [[r.SkyAtmosphere.TransmittanceLUT.SampleCount:10.0]]
[2020.07.31-20.39.12:100][  0]LogConfig: Setting CVar [[r.SkyAtmosphere.MultiScatteringLUT.SampleCount:15.0]]
[2020.07.31-20.39.12:100][  0]LogConfig: Applying CVar settings from Section [FoliageQuality@3] File [C:/Users/TheK-B1000/Desktop/The K-B Folder/United Planets of Galaxies/RPG/UnitedPlanets/Saved/Config/Windows/Scalability.ini]
[2020.07.31-20.39.12:101][  0]LogConfig: Setting CVar [[foliage.DensityScale:1.0]]
[2020.07.31-20.39.12:101][  0]LogConfig: Setting CVar [[grass.DensityScale:1.0]]
[2020.07.31-20.39.12:101][  0]LogConfig: Applying CVar settings from Section [ShadingQuality@3] File [C:/Users/TheK-B1000/Desktop/The K-B Folder/United Planets of Galaxies/RPG/UnitedPlanets/Saved/Config/Windows/Scalability.ini]
[2020.07.31-20.39.12:101][  0]LogConfig: Setting CVar [[r.HairStrands.SkyLighting.SampleCount:16]]
[2020.07.31-20.39.12:101][  0]LogConfig: Setting CVar [[r.HairStrands.SkyLighting.JitterIntegration:0]]
[2020.07.31-20.39.12:101][  0]LogConfig: Setting CVar [[r.HairStrands.SkyAO.SampleCount:16]]
[2020.07.31-20.39.12:101][  0]LogConfig: Setting CVar [[r.HairStrands.DeepShadow.SuperSampling:0]]
[2020.07.31-20.39.12:101][  0]LogConfig: Setting CVar [[r.HairStrands.VisibilityPPLL:0]]
[2020.07.31-20.39.12:101][  0]LogConfig: Setting CVar [[r.HairStrands.RasterizationScale:0.5]]
[2020.07.31-20.39.12:101][  0]LogConfig: Setting CVar [[r.HairStrands.VelocityRasterizationScale:1]]
[2020.07.31-20.39.12:101][  0]LogConfig: Applying CVar settings from Section [Startup] File [../../../Engine/Config/ConsoleVariables.ini]
[2020.07.31-20.39.12:102][  0]LogConfig: Setting CVar [[net.UseAdaptiveNetUpdateFrequency:0]]
[2020.07.31-20.39.12:102][  0]LogConfig: Setting CVar [[p.chaos.AllowCreatePhysxBodies:1]]
[2020.07.31-20.39.12:102][  0]LogConfig: Setting CVar [[fx.SkipVectorVMBackendOptimizations:1]]
[2020.07.31-20.39.12:102][  0]LogConfig: Applying CVar settings from Section [ConsoleVariables] File [C:/Users/TheK-B1000/Desktop/The K-B Folder/United Planets of Galaxies/RPG/UnitedPlanets/Saved/Config/Windows/Engine.ini]
[2020.07.31-20.39.12:102][  0]LogInit: Computer: LAPTOP-7TARG8CR
[2020.07.31-20.39.12:102][  0]LogInit: User: TheKB1000
[2020.07.31-20.39.12:102][  0]LogInit: CPU Page size=4096, Cores=4
[2020.07.31-20.39.12:102][  0]LogInit: High frequency timer resolution =10.000000 MHz
[2020.07.31-20.39.12:102][  0]LogMemory: Memory total: Physical=7.9GB (8GB approx)
[2020.07.31-20.39.12:102][  0]LogMemory: Platform Memory Stats for Windows
[2020.07.31-20.39.12:102][  0]LogMemory: Process Physical Memory: 114.46 MB used, 114.46 MB peak
[2020.07.31-20.39.12:102][  0]LogMemory: Process Virtual Memory: 97.55 MB used, 97.55 MB peak
[2020.07.31-20.39.12:102][  0]LogMemory: Physical Memory: 6360.99 MB used,  1709.23 MB free, 8070.22 MB total
[2020.07.31-20.39.12:102][  0]LogMemory: Virtual Memory: 5129.82 MB used,  134212600.00 MB free, 134217728.00 MB total
[2020.07.31-20.39.12:114][  0]LogWindows: WindowsPlatformFeatures enabled
[2020.07.31-20.39.12:290][  0]LogInit: Physics initialised using underlying interface: PhysX
[2020.07.31-20.39.12:293][  0]LogInit: Using OS detected language (en-US).
[2020.07.31-20.39.12:293][  0]LogInit: Using OS detected locale (en-US).
[2020.07.31-20.39.12:325][  0]LogTextLocalizationManager: No specific localization for 'en-US' exists, so the 'en' localization will be used.
[2020.07.31-20.39.12:709][  0]LogInit: Setting process to per monitor DPI aware
[2020.07.31-20.39.13:022][  0]LogSlate: New Slate User Created.  User Index 0, Is Virtual User: 0
[2020.07.31-20.39.13:022][  0]LogSlate: Slate User Registered.  User Index 0, Is Virtual User: 0
[2020.07.31-20.39.13:513][  0]LogHMD: Failed to initialize OpenVR with code 110
[2020.07.31-20.39.13:513][  0]LogD3D11RHI: D3D11 min allowed feature level: 11_0
[2020.07.31-20.39.13:513][  0]LogD3D11RHI: D3D11 max allowed feature level: 11_0
[2020.07.31-20.39.13:513][  0]LogD3D11RHI: D3D11 adapters:
[2020.07.31-20.39.13:663][  0]LogD3D11RHI:    0. 'NVIDIA GeForce GTX 960M' (Feature Level 11_0)
[2020.07.31-20.39.13:663][  0]LogD3D11RHI:       4055/0/4035 MB DedicatedVideo/DedicatedSystem/SharedSystem, Outputs:1, VendorId:0x10de
[2020.07.31-20.39.13:679][  0]LogD3D11RHI:    1. 'Intel(R) HD Graphics 530' (Feature Level 11_0)
[2020.07.31-20.39.13:679][  0]LogD3D11RHI:       128/0/4035 MB DedicatedVideo/DedicatedSystem/SharedSystem, Outputs:0, VendorId:0x8086
[2020.07.31-20.39.13:685][  0]LogD3D11RHI:    2. 'Microsoft Basic Render Driver' (Feature Level 11_0)
[2020.07.31-20.39.13:685][  0]LogD3D11RHI:       0/0/4035 MB DedicatedVideo/DedicatedSystem/SharedSystem, Outputs:0, VendorId:0x1414
[2020.07.31-20.39.13:685][  0]LogD3D11RHI: Chosen D3D11 Adapter: 0
[2020.07.31-20.39.13:767][  0]LogD3D11RHI: Creating new Direct3DDevice
[2020.07.31-20.39.13:768][  0]LogD3D11RHI:     GPU DeviceId: 0x139b (for the marketing name, search the web for "GPU Device Id")
[2020.07.31-20.39.13:768][  0]LogWindows: EnumDisplayDevices:
[2020.07.31-20.39.13:768][  0]LogWindows:    0. 'Intel(R) HD Graphics 530' (P:1 D:1)
[2020.07.31-20.39.13:769][  0]LogWindows:    1. 'Intel(R) HD Graphics 530' (P:0 D:0)
[2020.07.31-20.39.13:769][  0]LogWindows:    2. 'Intel(R) HD Graphics 530' (P:0 D:0)
[2020.07.31-20.39.13:770][  0]LogWindows: DebugString: PrimaryIsNotTheChoosenAdapter PrimaryIsNotTheChoosenAdapter PrimaryIsNotTheChoosenAdapter FoundDriverCount:0 
[2020.07.31-20.39.13:770][  0]LogD3D11RHI:     Adapter Name: NVIDIA GeForce GTX 960M
[2020.07.31-20.39.13:770][  0]LogD3D11RHI:   Driver Version: Unknown (internal:Unknown, unified:Unknown)
[2020.07.31-20.39.13:770][  0]LogD3D11RHI:      Driver Date: Unknown
[2020.07.31-20.39.13:770][  0]LogRHI: Texture pool is 2839 MB (70% of 4055 MB)
[2020.07.31-20.39.13:829][  0]LogD3D11RHI: RHI has support for 64 bit atomics
[2020.07.31-20.39.13:837][  0]LogD3D11RHI: [Aftermath] Enabled and primed
[2020.07.31-20.39.13:837][  0]LogD3D11RHI: Async texture creation enabled
[2020.07.31-20.39.13:918][  0]LogD3D11RHI: GPU Timing Frequency: 1000.000000 (Debug: 2 2)
[2020.07.31-20.39.17:011][  0]LogTargetPlatformManager: Display: Loaded TargetPlatform 'AllDesktop'
[2020.07.31-20.39.17:101][  0]LogTargetPlatformManager: Display: Loaded TargetPlatform 'Android'
[2020.07.31-20.39.17:101][  0]LogTargetPlatformManager: Display: Loaded TargetPlatform 'Android_ASTC'
[2020.07.31-20.39.17:101][  0]LogTargetPlatformManager: Display: Loaded TargetPlatform 'Android_DXT'
[2020.07.31-20.39.17:101][  0]LogTargetPlatformManager: Display: Loaded TargetPlatform 'Android_ETC2'
[2020.07.31-20.39.17:101][  0]LogTargetPlatformManager: Display: Loaded TargetPlatform 'AndroidClient'
[2020.07.31-20.39.17:101][  0]LogTargetPlatformManager: Display: Loaded TargetPlatform 'Android_ASTCClient'
[2020.07.31-20.39.17:101][  0]LogTargetPlatformManager: Display: Loaded TargetPlatform 'Android_DXTClient'
[2020.07.31-20.39.17:101][  0]LogTargetPlatformManager: Display: Loaded TargetPlatform 'Android_ETC2Client'
[2020.07.31-20.39.17:102][  0]LogTargetPlatformManager: Display: Loaded TargetPlatform 'Android_Multi'
[2020.07.31-20.39.17:102][  0]LogTargetPlatformManager: Display: Loaded TargetPlatform 'Android_MultiClient'
[2020.07.31-20.39.17:283][  0]LogTargetPlatformManager: Display: Loaded TargetPlatform 'IOSClient'
[2020.07.31-20.39.17:283][  0]LogTargetPlatformManager: Display: Loaded TargetPlatform 'IOS'
[2020.07.31-20.39.17:365][  0]LogTargetPlatformManager: Display: Loaded TargetPlatform 'Linux'
[2020.07.31-20.39.17:392][  0]LogTargetPlatformManager: Display: Loaded TargetPlatform 'LinuxNoEditor'
[2020.07.31-20.39.17:410][  0]LogTargetPlatformManager: Display: Loaded TargetPlatform 'LinuxClient'
[2020.07.31-20.39.17:429][  0]LogTargetPlatformManager: Display: Loaded TargetPlatform 'LinuxServer'
[2020.07.31-20.39.17:465][  0]LogTargetPlatformManager: Display: Loaded TargetPlatform 'LinuxAArch64NoEditor'
[2020.07.31-20.39.17:522][  0]LogTargetPlatformManager: Display: Loaded TargetPlatform 'LinuxAArch64Client'
[2020.07.31-20.39.17:586][  0]LogTargetPlatformManager: Display: Loaded TargetPlatform 'LinuxAArch64Server'
[2020.07.31-20.39.17:673][  0]LogTargetPlatformManager: Display: Loaded TargetPlatform 'Lumin'
[2020.07.31-20.39.17:674][  0]LogTargetPlatformManager: Display: Loaded TargetPlatform 'LuminClient'
[2020.07.31-20.39.17:731][  0]LogTargetPlatformManager: Display: Loaded TargetPlatform 'TVOSClient'
[2020.07.31-20.39.17:731][  0]LogTargetPlatformManager: Display: Loaded TargetPlatform 'TVOS'
[2020.07.31-20.39.17:778][  0]LogTargetPlatformManager: Display: Loaded TargetPlatform 'WindowsNoEditor'
[2020.07.31-20.39.17:812][  0]LogTargetPlatformManager: Display: Loaded TargetPlatform 'Windows'
[2020.07.31-20.39.17:848][  0]LogTargetPlatformManager: Display: Loaded TargetPlatform 'WindowsClient'
[2020.07.31-20.39.17:884][  0]LogTargetPlatformManager: Display: Loaded TargetPlatform 'WindowsServer'
[2020.07.31-20.39.17:884][  0]LogTargetPlatformManager: Display: Building Assets For Windows
[2020.07.31-20.39.17:976][  0]LogAudioDebug: Display: Lib vorbis DLL was dynamically loaded.
[2020.07.31-20.39.18:223][  0]LogShaderCompilers: Guid format shader working directory is -52 characters bigger than the processId version (../../../../../../Users/TheK-B1000/Desktop/The K-B Folder/United Planets of Galaxies/RPG/UnitedPlanets/Intermediate/Shaders/WorkingDirectory/26968/).
[2020.07.31-20.39.18:223][  0]LogShaderCompilers: Cleaned the shader compiler working directory 'C:/Users/TheK-B1000/AppData/Local/Temp/UnrealShaderWorkingDir/E45AC6464C7073547295F7AACD437F87/'.
[2020.07.31-20.39.18:224][  0]LogXGEController: Cannot use XGE Controller as Incredibuild is not installed on this machine.
[2020.07.31-20.39.18:224][  0]LogShaderCompilers: Cannot use XGE Shader Compiler as Incredibuild is not installed on this machine.
[2020.07.31-20.39.18:224][  0]LogShaderCompilers: Display: Using Local Shader Compiler.
[2020.07.31-20.39.19:631][  0]LogDerivedDataCache: Display: Max Cache Size: 512 MB
[2020.07.31-20.39.20:318][  0]LogDerivedDataCache: Loaded boot cache 0.66s 108MB C:/Users/TheK-B1000/AppData/Local/UnrealEngine/4.25/DerivedDataCache/Boot.ddc.
[2020.07.31-20.39.20:318][  0]LogDerivedDataCache: Display: Loaded Boot cache: C:/Users/TheK-B1000/AppData/Local/UnrealEngine/4.25/DerivedDataCache/Boot.ddc
[2020.07.31-20.39.20:318][  0]LogDerivedDataCache: FDerivedDataBackendGraph:  Pak pak cache file ../../../../../../Users/TheK-B1000/Desktop/The K-B Folder/United Planets of Galaxies/RPG/UnitedPlanets/DerivedDataCache/DDC.ddp not found, will not use a pak cache.
[2020.07.31-20.39.20:318][  0]LogDerivedDataCache: Unable to find inner node Pak for hierarchical cache Hierarchy.
[2020.07.31-20.39.20:319][  0]LogDerivedDataCache: FDerivedDataBackendGraph:  CompressedPak pak cache file ../../../../../../Users/TheK-B1000/Desktop/The K-B Folder/United Planets of Galaxies/RPG/UnitedPlanets/DerivedDataCache/Compressed.ddp not found, will not use a pak cache.
[2020.07.31-20.39.20:319][  0]LogDerivedDataCache: Unable to find inner node CompressedPak for hierarchical cache Hierarchy.
[2020.07.31-20.39.20:336][  0]LogDerivedDataCache: Display: Pak cache opened for reading ../../../Engine/DerivedDataCache/Compressed.ddp.
[2020.07.31-20.39.20:336][  0]LogDerivedDataCache: FDerivedDataBackendGraph:  EnterprisePak pak cache file ../../../Enterprise/DerivedDataCache/Compressed.ddp not found, will not use a pak cache.
[2020.07.31-20.39.20:336][  0]LogDerivedDataCache: Unable to find inner node EnterprisePak for hierarchical cache Hierarchy.
[2020.07.31-20.39.20:337][  0]LogDerivedDataCache: Using Local data cache path C:/Users/TheK-B1000/AppData/Local/UnrealEngine/Common/DerivedDataCache: Writable
[2020.07.31-20.39.20:338][  0]LogDerivedDataCache: Shared data cache path not found in *engine.ini, will not use an Shared cache.
[2020.07.31-20.39.20:338][  0]LogDerivedDataCache: Unable to find inner node Shared for hierarchical cache Hierarchy.
[2020.07.31-20.39.20:435][  0]LogSlate: Using FreeType 2.10.0
[2020.07.31-20.39.20:436][  0]LogSlate: SlateFontServices - WITH_FREETYPE: 1, WITH_HARFBUZZ: 1
[2020.07.31-20.39.20:488][  0]LogAssetRegistry: FAssetRegistry took 0.0040 seconds to start up
[2020.07.31-20.39.20:953][  0]LogInit: Selected Device Profile: [Windows]
[2020.07.31-20.39.21:226][  0]LogMeshReduction: Using QuadricMeshReduction for automatic static mesh reduction
[2020.07.31-20.39.21:226][  0]LogMeshReduction: Using SimplygonMeshReduction for automatic skeletal mesh reduction
[2020.07.31-20.39.21:226][  0]LogMeshReduction: Using ProxyLODMeshReduction for automatic mesh merging
[2020.07.31-20.39.21:226][  0]LogMeshReduction: No distributed automatic mesh merging module available
[2020.07.31-20.39.21:227][  0]LogMeshMerging: No distributed automatic mesh merging module available
[2020.07.31-20.39.21:264][  0]LogNetVersion: UnitedPlanets 1.0.0, NetCL: 13144385, EngineNetVer: 14, GameNetVer: 0 (Checksum: 201480592)
[2020.07.31-20.39.22:336][  0]LogAISub: UAISubsystem::UAISubsystem AISubsystem (00000241D2209840), frame # 0
[2020.07.31-20.39.22:336][  0]LogAISub: UAISubsystem::UAISubsystem AIPerceptionSystem (00000241D214ED40), frame # 0
[2020.07.31-20.39.22:339][  0]LogAISub: UAISubsystem::UAISubsystem EnvQueryManager (00000241D229E000), frame # 0
[2020.07.31-20.39.22:422][  0]LogPackageLocalizationCache: Processed 19 localized package path(s) for 1 prioritized culture(s) in 0.056290 seconds
[2020.07.31-20.39.22:429][  0]LogUObjectArray: 15917 objects as part of root set at end of initial load.
[2020.07.31-20.39.22:429][  0]LogUObjectAllocator: 3965568 out of 0 bytes used by permanent object pool.
[2020.07.31-20.39.22:429][  0]LogUObjectArray: CloseDisregardForGC: 0/0 objects in disregard for GC pool
[2020.07.31-20.39.23:426][  0]LogTcpMessaging: Initializing TcpMessaging bridge
[2020.07.31-20.39.23:434][  0]LogUdpMessaging: Initializing bridge on interface 0.0.0.0:0 to multicast group 230.0.0.1:6666.
[2020.07.31-20.39.23:948][  0]SourceControl: Source control is disabled
[2020.07.31-20.39.23:949][  0]SourceControl: Source control is disabled
[2020.07.31-20.39.23:964][  0]SourceControl: Source control is disabled
[2020.07.31-20.39.23:975][  0]SourceControl: Source control is disabled
[2020.07.31-20.39.23:998][  0]SourceControl: Source control is disabled
[2020.07.31-20.39.24:744][  0]LogAndroidPermission: UAndroidPermissionCallbackProxy::GetInstance
[2020.07.31-20.39.24:791][  0]LogAudioCaptureCore: Display: No Audio Capture implementations found. Audio input will be silent.
[2020.07.31-20.39.24:791][  0]LogAudioCaptureCore: Display: No Audio Capture implementations found. Audio input will be silent.
[2020.07.31-20.39.24:902][  0]LogOcInput: OculusInput pre-init called
[2020.07.31-20.39.24:928][  0]LogWindows: Failed to load 'OVRPlugin.dll' (GetLastError=126)
[2020.07.31-20.39.24:928][  0]LogWindows: File 'OVRPlugin.dll' does not exist
[2020.07.31-20.39.25:099][  0]LogEngine: Initializing Engine...
[2020.07.31-20.39.25:101][  0]LogHMD: Failed to initialize OpenVR with code 110
[2020.07.31-20.39.25:101][  0]LogMagicLeap: Warning: VR disabled because ZI is not enabled.  To enable, in the editor, Edit -> Project Settings -> Plugins -> Magic Leap Plugin -> Enable Zero Iteration
[2020.07.31-20.39.25:104][  0]LogStats: UGameplayTagsManager::InitializeManager -  0.001 s
[2020.07.31-20.39.25:404][  0]LogInit: Initializing FReadOnlyCVARCache
[2020.07.31-20.39.25:426][  0]LogAIModule: Creating AISystem for world Untitled
[2020.07.31-20.39.25:426][  0]LogAISub: UAISubsystem::UAISubsystem EnvQueryManager (00000241E3A5FC00), frame # 0
[2020.07.31-20.39.25:426][  0]LogAISub: UAISubsystem::UAISubsystem AIPerceptionSystem (00000241E3AB9F80), frame # 0
[2020.07.31-20.39.25:439][  0]LogAudioMixer: Display: Audio Mixer Platform Settings:
[2020.07.31-20.39.25:439][  0]LogAudioMixer: Display: 	Sample Rate:						  48000
[2020.07.31-20.39.25:439][  0]LogAudioMixer: Display: 	Callback Buffer Frame Size Requested: 1024
[2020.07.31-20.39.25:439][  0]LogAudioMixer: Display: 	Callback Buffer Frame Size To Use:	  1024
[2020.07.31-20.39.25:439][  0]LogAudioMixer: Display: 	Number of buffers to queue:			  2
[2020.07.31-20.39.25:439][  0]LogAudioMixer: Display: 	Max Channels (voices):				  32
[2020.07.31-20.39.25:439][  0]LogAudioMixer: Display: 	Number of Async Source Workers:		  0
[2020.07.31-20.39.25:439][  0]LogAudio: Display: AudioDevice MaxSources: 32
[2020.07.31-20.39.25:439][  0]LogAudio: Display: Using built-in audio occlusion.
[2020.07.31-20.39.25:440][  0]LogAudioMixer: Display: Initializing audio mixer.
[2020.07.31-20.39.25:482][  0]LogAudioMixer: Display: 0: FrontLeft
[2020.07.31-20.39.25:482][  0]LogAudioMixer: Display: 1: FrontRight
[2020.07.31-20.39.26:223][  0]LogAudioMixer: Display: Using Audio Device Speakers (Realtek High Definition Audio)
[2020.07.31-20.39.26:224][  0]LogAudioMixer: Display: Initializing Sound Submixes...
[2020.07.31-20.39.26:228][  0]LogAudioMixer: Display: Creating Master Submix 'MasterSubmixDefault'
[2020.07.31-20.39.26:229][  0]LogAudioMixer: Display: Creating Master Submix 'MasterReverbSubmixDefault'
[2020.07.31-20.39.26:230][  0]LogAudioMixer: Display: Creating Master Submix 'MasterEQSubmixDefault'
[2020.07.31-20.39.26:231][  0]LogInit: FAudioDevice initialized.
[2020.07.31-20.39.26:232][  0]LogNetVersion: Set ProjectVersion to 1.0.0.0. Version Checksum will be recalculated on next use.
[2020.07.31-20.39.26:465][  0]LogDerivedDataCache: Saved boot cache 0.23s 108MB C:/Users/TheK-B1000/AppData/Local/UnrealEngine/4.25/DerivedDataCache/Boot.ddc.
[2020.07.31-20.39.26:466][  0]LogInit: Texture streaming: Enabled
[2020.07.31-20.39.26:511][  0]LogEngineSessionManager: EngineSessionManager initialized
[2020.07.31-20.39.26:511][  0]LogEngineSessionManager: EngineSessionManager sent abnormal shutdown report. Type=Crashed, SessionId={574CEDF4-49A9-D305-B346-FCBC957EA805}
[2020.07.31-20.39.26:511][  0]LogEditorSessionSummary: Verbose: Initializing EditorSessionSummaryWriter for editor session tracking
[2020.07.31-20.39.26:517][  0]LogEditorSessionSummary: EditorSessionSummaryWriter initialized
[2020.07.31-20.39.26:597][  0]LogInit: Transaction tracking system initialized
[2020.07.31-20.39.26:672][  0]BlueprintLog: New page: Editor Load
[2020.07.31-20.39.26:919][  0]LocalizationService: Localization service is disabled
[2020.07.31-20.39.27:343][  0]LogCook: Display: Max memory allowance for cook 16384mb min free memory 0mb
[2020.07.31-20.39.27:344][  0]LogCook: Display: Mobile HDR setting 1
[2020.07.31-20.39.27:724][  0]LogFileCache: Scanning file cache for directory 'C:/Users/TheK-B1000/Desktop/The K-B Folder/United Planets of Galaxies/RPG/UnitedPlanets/Content/' took 0.05s
[2020.07.31-20.39.28:196][  0]SourceControl: Source control is disabled
[2020.07.31-20.39.28:196][  0]LogUnrealEdMisc: Loading editor; pre map load, took 23.074
[2020.07.31-20.39.28:197][  0]Cmd: MAP LOAD FILE="../../../../../../Users/TheK-B1000/Desktop/The K-B Folder/United Planets of Galaxies/RPG/UnitedPlanets/Content/Maps/Arena.umap" TEMPLATE=0 SHOWPROGRESS=1 FEATURELEVEL=3
[2020.07.31-20.39.28:198][  0]LightingResults: New page: Lighting Build
[2020.07.31-20.39.28:203][  0]LogWorld: UWorld::CleanupWorld for Untitled, bSessionEnded=true, bCleanupResources=true
[2020.07.31-20.39.28:203][  0]LogSlate: InvalidateAllWidgets triggered.  All widgets were invalidated
[2020.07.31-20.39.28:203][  0]MapCheck: New page: Map Check
[2020.07.31-20.39.28:203][  0]LightingResults: New page: Lighting Build
[2020.07.31-20.39.28:217][  0]LogAISub: UAISubsystem::~UAISubsystem EnvQueryManager (00000241E3A5FC00), frame # 0
[2020.07.31-20.39.28:217][  0]LogAISub: UAISubsystem::~UAISubsystem AIPerceptionSystem (00000241E3AB9F80), frame # 0
[2020.07.31-20.39.28:218][  0]LogUObjectHash: Compacting FUObjectHashTables data took   1.00ms
[2020.07.31-20.39.29:234][  0]LogMaterial: Display: Missing cached shader map for material MagGun_MatA, compiling. 
[2020.07.31-20.39.29:250][  0]LogMaterial: Warning: C:\Users\TheK-B1000\Desktop\The K-B Folder\United Planets of Galaxies\RPG\UnitedPlanets\Content\AssetPacks\ShooterGame\Weapons\Materials\MagGun_MatA.uasset: Failed to compile Material for platform PCD3D_SM5, Default Material will be used in game.
[2020.07.31-20.39.29:250][  0]LogMaterial: Display: 	Function ML_Metal_Copper: (Node TextureSample) BaseColor in RGB Roughness in Alpha> Missing input texture
[2020.07.31-20.39.29:250][  0]LogMaterial: Display: 	Function ML_Metal_Copper: (Node MakeMaterialAttributes) Error on property BaseColor
[2020.07.31-20.39.29:250][  0]LogMaterial: Display: 	Function ML_Metal_Copper: (Node MakeMaterialAttributes) Error on property Roughness
[2020.07.31-20.39.29:768][  0]LogMaterial: Display: Missing cached shader map for material MagGun_SightLens_Mat, compiling. 
[2020.07.31-20.39.29:770][  0]LogMaterial: Warning: C:\Users\TheK-B1000\Desktop\The K-B Folder\United Planets of Galaxies\RPG\UnitedPlanets\Content\AssetPacks\ShooterGame\Weapons\Materials\MagGun_SightLens_Mat.uasset: Failed to compile Material for platform PCD3D_SM5, Default Material will be used in game.
[2020.07.31-20.39.29:770][  0]LogMaterial: Display: 	(Node TextureSample) Texture Sample> Missing input texture
[2020.07.31-20.39.29:772][  0]LogMaterial: Display: Missing cached shader map for material MagGun_MatB, compiling. 
[2020.07.31-20.39.29:781][  0]LogMaterial: Warning: C:\Users\TheK-B1000\Desktop\The K-B Folder\United Planets of Galaxies\RPG\UnitedPlanets\Content\AssetPacks\ShooterGame\Weapons\Materials\MagGun_MatB.uasset: Failed to compile Material for platform PCD3D_SM5, Default Material will be used in game.
[2020.07.31-20.39.29:781][  0]LogMaterial: Display: 	Function ML_Metal_Copper: (Node TextureSample) BaseColor in RGB Roughness in Alpha> Missing input texture
[2020.07.31-20.39.29:781][  0]LogMaterial: Display: 	Function ML_Metal_Copper: (Node MakeMaterialAttributes) Error on property BaseColor
[2020.07.31-20.39.29:781][  0]LogMaterial: Display: 	Function ML_Metal_Copper: (Node MakeMaterialAttributes) Error on property Roughness
[2020.07.31-20.39.29:814][  0]LogAIModule: Creating AISystem for world Arena
[2020.07.31-20.39.29:814][  0]LogAISub: UAISubsystem::UAISubsystem EnvQueryManager (00000241D278CC00), frame # 0
[2020.07.31-20.39.29:814][  0]LogAISub: UAISubsystem::UAISubsystem AIPerceptionSystem (00000241D2742340), frame # 0
[2020.07.31-20.39.29:836][  0]LogEditorServer: Finished looking for orphan Actors (0.000 secs)
[2020.07.31-20.39.29:855][  0]LogUObjectHash: Compacting FUObjectHashTables data took   1.05ms
[2020.07.31-20.39.29:855][  0]Cmd: MAP CHECKDEP NOCLEARLOG
[2020.07.31-20.39.29:856][  0]MapCheck: Map check complete: 0 Error(s), 0 Warning(s), took 0.498ms to complete.
[2020.07.31-20.39.29:856][  0]LogFileHelpers: Loading map 'Arena' took 1.660
[2020.07.31-20.39.29:863][  0]LogUnrealEdMisc: Total Editor Startup Time, took 24.741
[2020.07.31-20.39.30:090][  0]LogSlate: Updating window title bar state: overlay mode, drag disabled, window buttons hidden, title bar hidden
[2020.07.31-20.39.30:102][  0]LogSlate: Updating window title bar state: overlay mode, drag disabled, window buttons hidden, title bar hidden
[2020.07.31-20.39.30:113][  0]LogSlate: Updating window title bar state: overlay mode, drag disabled, window buttons hidden, title bar hidden
[2020.07.31-20.39.30:124][  0]LogSlate: Updating window title bar state: overlay mode, drag disabled, window buttons hidden, title bar hidden
[2020.07.31-20.39.30:146][  0]LogCollectionManager: Loaded 0 collections in 0.002850 seconds
[2020.07.31-20.39.30:187][  0]LogFileCache: Scanning file cache for directory 'C:/Users/TheK-B1000/Desktop/The K-B Folder/United Planets of Galaxies/RPG/UnitedPlanets/Saved/Collections/' took 0.00s
[2020.07.31-20.39.30:187][  0]LogFileCache: Scanning file cache for directory 'C:/Users/TheK-B1000/Desktop/The K-B Folder/United Planets of Galaxies/RPG/UnitedPlanets/Content/Developers/TheKB1000/Collections/' took 0.00s
[2020.07.31-20.39.30:187][  0]LogFileCache: Scanning file cache for directory 'C:/Users/TheK-B1000/Desktop/The K-B Folder/United Planets of Galaxies/RPG/UnitedPlanets/Content/Collections/' took 0.00s
[2020.07.31-20.39.30:187][  0]LogContentBrowser: Native class hierarchy populated in 0.0145 seconds. Added 3439 classes and 823 folders.
[2020.07.31-20.39.30:199][  0]LogContentBrowser: Native class hierarchy updated for 'WidgetCarousel' in 0.0008 seconds. Added 0 classes and 0 folders.
[2020.07.31-20.39.30:459][  0]LogContentBrowser: Native class hierarchy updated for 'AddContentDialog' in 0.0006 seconds. Added 0 classes and 0 folders.
[2020.07.31-20.39.30:469][  0]LogContentBrowser: Native class hierarchy updated for 'SceneOutliner' in 0.0008 seconds. Added 2 classes and 0 folders.
[2020.07.31-20.39.30:551][  0]LogSlate: Took 0.000141 seconds to synchronously load lazily loaded font '../../../Engine/Content/Slate/Fonts/Roboto-Regular.ttf' (155K)
[2020.07.31-20.39.30:555][  0]LogSlate: Took 0.000497 seconds to synchronously load lazily loaded font '../../../Engine/Content/Slate/Fonts/Roboto-Bold.ttf' (160K)
[2020.07.31-20.39.30:561][  0]LogSlate: Took 0.000858 seconds to synchronously load lazily loaded font '../../../Engine/Content/Editor/Slate/Fonts/FontAwesome.ttf' (139K)
[2020.07.31-20.39.30:563][  0]LogSlate: Took 0.000866 seconds to synchronously load lazily loaded font '../../../Engine/Content/Slate/Fonts/DroidSansMono.ttf' (77K)
[2020.07.31-20.39.30:744][  0]LogRenderer: Reallocating scene render targets to support 888x452 Format 10 NumSamples 1 (Frame:1).
[2020.07.31-20.39.30:902][  0]LogContentBrowser: Native class hierarchy updated for 'HierarchicalLODOutliner' in 0.0006 seconds. Added 0 classes and 0 folders.
[2020.07.31-20.39.30:902][  0]LogLoad: (Engine Initialization) Total time: 25.78 seconds
[2020.07.31-20.39.30:902][  0]LogLoad: (Engine Initialization) Total Blueprint compile time: 0.00 seconds
[2020.07.31-20.39.30:970][  0]LogContentStreaming: Texture pool size now 1000 MB
[2020.07.31-20.39.31:018][  1]LogAssetRegistry: Asset discovery search completed in 10.5324 seconds
[2020.07.31-20.39.31:024][  1]LogCollectionManager: Fixed up redirectors for 0 collections in 0.000003 seconds (updated 0 objects)
[2020.07.31-20.39.31:962][ 45]LogSlate: Took 0.001431 seconds to synchronously load lazily loaded font '../../../Engine/Content/Slate/Fonts/Roboto-Light.ttf' (167K)
[2020.07.31-20.39.42:301][637]LogUObjectHash: Compacting FUObjectHashTables data took   1.18ms
[2020.07.31-20.39.42:363][637]LogSavePackage: Moving '../../../../../../Users/TheK-B1000/Desktop/The K-B Folder/United Planets of Galaxies/RPG/UnitedPlanets/Saved/ArenaD1562D4242BA0B9366B0F6B9751499DD.tmp' to '../../../../../../Users/TheK-B1000/Desktop/The K-B Folder/United Planets of Galaxies/RPG/UnitedPlanets/Content/Maps/Arena.umap'
[2020.07.31-20.39.42:396][637]AssetCheck: New page: Asset Save: Arena
[2020.07.31-20.39.42:397][637]LogContentValidation: Display: Validating World /Game/Maps/Arena.Arena
[2020.07.31-20.40.15:044][951]LogAssetEditorSubsystem: Opening Asset editor for AimOffsetBlendSpace /Game/AssetPacks/ParagonWraith/Characters/Heroes/Wraith/Animations/Locomotion_Combat/AO/Idle_AO_Combat.Idle_AO_Combat
[2020.07.31-20.40.15:516][951]LogContentBrowser: Native class hierarchy updated for 'SkeletonEditor' in 0.0008 seconds. Added 1 classes and 2 folders.
[2020.07.31-20.40.15:889][951]LogActorComponent: RegisterComponentWithWorld: (/Engine/Transient.World_0:PersistentLevel.AnimationEditorPreviewActor_0.DebugSkelMeshComponent_0) Already registered. Aborting.
[2020.07.31-20.40.15:893][951]LogContentBrowser: Native class hierarchy updated for 'PinnedCommandList' in 0.0009 seconds. Added 1 classes and 0 folders.
[2020.07.31-20.40.16:635][951]LogSkeletalMesh: USkeletalMeshComponent::InitArticulated : Bodies already created (/Engine/Transient.World_0:PersistentLevel.AnimationEditorPreviewActor_0.DebugSkelMeshComponent_0) - call TermArticulated first.
[2020.07.31-20.40.17:092][951]LogAssetEditorSubsystem: Opening Asset editor for AnimBlueprint /Game/Animation/ABP_ShooterCharacter.ABP_ShooterCharacter
[2020.07.31-20.40.17:105][951]LogActorComponent: RegisterComponentWithWorld: (/Engine/Transient.World_3:PersistentLevel.AnimationEditorPreviewActor_0.DebugSkelMeshComponent_0) Already registered. Aborting.
[2020.07.31-20.40.17:393][951]LogContentBrowser: Native class hierarchy updated for 'BlueprintGraph' in 0.0011 seconds. Added 125 classes and 0 folders.
[2020.07.31-20.40.18:590][951]LogSkeletalMesh: USkeletalMeshComponent::InitArticulated : Bodies already created (/Engine/Transient.World_3:PersistentLevel.AnimationEditorPreviewActor_0.DebugSkelMeshComponent_0) - call TermArticulated first.
[2020.07.31-20.40.18:943][951]LogAssetEditorSubsystem: Opening Asset editor for BlackboardData /Game/AI/BB_EnemyAI.BB_EnemyAI
[2020.07.31-20.40.19:059][951]LogAssetEditorSubsystem: Opening Asset editor for BehaviorTree /Game/AI/BT_EnemyAI.BT_EnemyAI
[2020.07.31-20.40.19:144][951]LogAssetEditorSubsystem: Opening Asset editor for Blueprint /Game/Shooter/BP_ShooterCharacter.BP_ShooterCharacter
[2020.07.31-20.40.19:876][951]LogSlate: Took 0.001155 seconds to synchronously load lazily loaded font '../../../Engine/Content/Slate/Fonts/Roboto-BoldCondensed.ttf' (158K)
[2020.07.31-20.40.23:692][ 61]LogRenderer: Reallocating scene render targets to support 912x452 Format 10 NumSamples 1 (Frame:1).
[2020.07.31-20.40.23:693][ 61]LogContentBrowser: Verbose: The majority of assets in the view are of type: AnimSequence
[2020.07.31-20.40.24:495][ 84]LogSlate: Window 'Idle_AO_Combat' being destroyed
[2020.07.31-20.40.24:510][ 84]LogWorld: UWorld::CleanupWorld for World_0, bSessionEnded=true, bCleanupResources=true
[2020.07.31-20.40.24:510][ 84]LogSlate: InvalidateAllWidgets triggered.  All widgets were invalidated
[2020.07.31-20.40.24:679][ 84]LogWorld: UWorld::CleanupWorld for World_1, bSessionEnded=true, bCleanupResources=true
[2020.07.31-20.40.24:679][ 84]LogSlate: InvalidateAllWidgets triggered.  All widgets were invalidated
[2020.07.31-20.40.25:492][112]LogContentBrowser: Verbose: The majority of assets in the view are of type: AnimSequence
[2020.07.31-20.40.25:517][113]LogSlate: Took 0.001348 seconds to synchronously load lazily loaded font '../../../Engine/Content/Slate/Fonts/Roboto-Italic.ttf' (157K)
[2020.07.31-20.40.26:451][157]LogWorld: UWorld::CleanupWorld for World_5, bSessionEnded=true, bCleanupResources=true
[2020.07.31-20.40.26:451][157]LogSlate: InvalidateAllWidgets triggered.  All widgets were invalidated
[2020.07.31-20.40.58:918][960]BlueprintLog: New page: Compile ABP_ShooterCharacter
[2020.07.31-20.40.58:997][960]LogUObjectHash: Compacting FUObjectHashTables data took   3.15ms
[2020.07.31-20.40.59:393][968]LogSavePackage: Moving '../../../../../../Users/TheK-B1000/Desktop/The K-B Folder/United Planets of Galaxies/RPG/UnitedPlanets/Saved/ABP_ShooterCharacterC4EEBEB14C242F1359AD0EB6912205A3.tmp' to '../../../../../../Users/TheK-B1000/Desktop/The K-B Folder/United Planets of Galaxies/RPG/UnitedPlanets/Content/Animation/ABP_ShooterCharacter.uasset'
[2020.07.31-20.40.59:415][968]AssetCheck: New page: Asset Save: ABP_ShooterCharacter
[2020.07.31-20.40.59:415][968]LogContentValidation: Display: Validating AnimBlueprint /Game/Animation/ABP_ShooterCharacter.ABP_ShooterCharacter
[2020.07.31-20.41.58:991][420]BlueprintLog: New page: Compile ABP_ShooterCharacter
[2020.07.31-20.41.59:055][420]LogUObjectHash: Compacting FUObjectHashTables data took   3.26ms
[2020.07.31-20.41.59:544][434]LogSavePackage: Moving '../../../../../../Users/TheK-B1000/Desktop/The K-B Folder/United Planets of Galaxies/RPG/UnitedPlanets/Saved/ABP_ShooterCharacter7B62458142304A5534A592B806BA913E.tmp' to '../../../../../../Users/TheK-B1000/Desktop/The K-B Folder/United Planets of Galaxies/RPG/UnitedPlanets/Content/Animation/ABP_ShooterCharacter.uasset'
[2020.07.31-20.41.59:564][434]AssetCheck: New page: Asset Save: ABP_ShooterCharacter
[2020.07.31-20.41.59:564][434]LogContentValidation: Display: Validating AnimBlueprint /Game/Animation/ABP_ShooterCharacter.ABP_ShooterCharacter
[2020.07.31-20.42.37:221][454]LogRHI: Error: Present Fail Count 1
[2020.07.31-20.42.37:221][454]LogRHI: Error: SyncInterval 0
[2020.07.31-20.42.37:221][454]LogRHI: Error: SwapChainDesc.BufferDesc.Width 1938
[2020.07.31-20.42.37:221][454]LogRHI: Error: SwapChainDesc.BufferDesc.Height 1048
[2020.07.31-20.42.37:221][454]LogRHI: Error: SwapChainDesc.BufferDesc.RefreshRate.Numerator 0
[2020.07.31-20.42.37:221][454]LogRHI: Error: SwapChainDesc.BufferDesc.RefreshRate.Denominator 0
[2020.07.31-20.42.37:221][454]LogRHI: Error: SwapChainDesc.BufferDesc.Format 24
[2020.07.31-20.42.37:221][454]LogRHI: Error: SwapChainDesc.BufferDesc.ScanlineOrdering 0
[2020.07.31-20.42.37:221][454]LogRHI: Error: SwapChainDesc.BufferDesc.Scaling 0
[2020.07.31-20.42.37:221][454]LogRHI: Error: SwapChainDesc.SampleDesc.Count 1
[2020.07.31-20.42.37:222][454]LogRHI: Error: SwapChainDesc.SampleDesc.Quality 0
[2020.07.31-20.42.37:222][454]LogRHI: Error: SwapChainDesc.BufferUsage 48
[2020.07.31-20.42.37:222][454]LogRHI: Error: SwapChainDesc.BufferCount 2
[2020.07.31-20.42.37:222][454]LogRHI: Error: SwapChainDesc.OutputWindow 00000000001C10E2
[2020.07.31-20.42.37:222][454]LogRHI: Error: SwapChainDesc.Windowed true
[2020.07.31-20.42.37:222][454]LogRHI: Error: SwapChainDesc.SwapEffect 4
[2020.07.31-20.42.37:222][454]LogRHI: Error: SwapChainDesc.Flags 2050
[2020.07.31-20.42.43:873][476]LogRHI: Error: Present Fail Count 1
[2020.07.31-20.42.43:874][476]LogRHI: Error: SyncInterval 0
[2020.07.31-20.42.43:874][476]LogRHI: Error: SwapChainDesc.BufferDesc.Width 513
[2020.07.31-20.42.43:874][476]LogRHI: Error: SwapChainDesc.BufferDesc.Height 513
[2020.07.31-20.42.43:874][476]LogRHI: Error: SwapChainDesc.BufferDesc.RefreshRate.Numerator 0
[2020.07.31-20.42.43:874][476]LogRHI: Error: SwapChainDesc.BufferDesc.RefreshRate.Denominator 0
[2020.07.31-20.42.43:874][476]LogRHI: Error: SwapChainDesc.BufferDesc.Format 24
[2020.07.31-20.42.43:874][476]LogRHI: Error: SwapChainDesc.BufferDesc.ScanlineOrdering 0
[2020.07.31-20.42.43:874][476]LogRHI: Error: SwapChainDesc.BufferDesc.Scaling 0
[2020.07.31-20.42.43:874][476]LogRHI: Error: SwapChainDesc.SampleDesc.Count 1
[2020.07.31-20.42.43:874][476]LogRHI: Error: SwapChainDesc.SampleDesc.Quality 0
[2020.07.31-20.42.43:874][476]LogRHI: Error: SwapChainDesc.BufferUsage 48
[2020.07.31-20.42.43:874][476]LogRHI: Error: SwapChainDesc.BufferCount 2
[2020.07.31-20.42.43:874][476]LogRHI: Error: SwapChainDesc.OutputWindow 00000000000E0578
[2020.07.31-20.42.43:874][476]LogRHI: Error: SwapChainDesc.Windowed true
[2020.07.31-20.42.43:874][476]LogRHI: Error: SwapChainDesc.SwapEffect 4
[2020.07.31-20.42.43:874][476]LogRHI: Error: SwapChainDesc.Flags 2050
[2020.07.31-20.42.44:783][479]LogRHI: Error: Present Fail Count 2
[2020.07.31-20.42.44:783][479]LogRHI: Error: SyncInterval 0
[2020.07.31-20.42.44:783][479]LogRHI: Error: SwapChainDesc.BufferDesc.Width 513
[2020.07.31-20.42.44:783][479]LogRHI: Error: SwapChainDesc.BufferDesc.Height 513
[2020.07.31-20.42.44:783][479]LogRHI: Error: SwapChainDesc.BufferDesc.RefreshRate.Numerator 0
[2020.07.31-20.42.44:783][479]LogRHI: Error: SwapChainDesc.BufferDesc.RefreshRate.Denominator 0
[2020.07.31-20.42.44:783][479]LogRHI: Error: SwapChainDesc.BufferDesc.Format 24
[2020.07.31-20.42.44:783][479]LogRHI: Error: SwapChainDesc.BufferDesc.ScanlineOrdering 0
[2020.07.31-20.42.44:783][479]LogRHI: Error: SwapChainDesc.BufferDesc.Scaling 0
[2020.07.31-20.42.44:783][479]LogRHI: Error: SwapChainDesc.SampleDesc.Count 1
[2020.07.31-20.42.44:783][479]LogRHI: Error: SwapChainDesc.SampleDesc.Quality 0
[2020.07.31-20.42.44:783][479]LogRHI: Error: SwapChainDesc.BufferUsage 48
[2020.07.31-20.42.44:783][479]LogRHI: Error: SwapChainDesc.BufferCount 2
[2020.07.31-20.42.44:784][479]LogRHI: Error: SwapChainDesc.OutputWindow 00000000000E0578
[2020.07.31-20.42.44:784][479]LogRHI: Error: SwapChainDesc.Windowed true
[2020.07.31-20.42.44:784][479]LogRHI: Error: SwapChainDesc.SwapEffect 4
[2020.07.31-20.42.44:784][479]LogRHI: Error: SwapChainDesc.Flags 2050
[2020.07.31-20.42.44:870][482]LogRHI: Error: Present Fail Count 3
[2020.07.31-20.42.44:870][482]LogRHI: Error: SyncInterval 0
[2020.07.31-20.42.44:870][482]LogRHI: Error: SwapChainDesc.BufferDesc.Width 513
[2020.07.31-20.42.44:870][482]LogRHI: Error: SwapChainDesc.BufferDesc.Height 513
[2020.07.31-20.42.44:870][482]LogRHI: Error: SwapChainDesc.BufferDesc.RefreshRate.Numerator 0
[2020.07.31-20.42.44:870][482]LogRHI: Error: SwapChainDesc.BufferDesc.RefreshRate.Denominator 0
[2020.07.31-20.42.44:870][482]LogRHI: Error: SwapChainDesc.BufferDesc.Format 24
[2020.07.31-20.42.44:870][482]LogRHI: Error: SwapChainDesc.BufferDesc.ScanlineOrdering 0
[2020.07.31-20.42.44:870][482]LogRHI: Error: SwapChainDesc.BufferDesc.Scaling 0
[2020.07.31-20.42.44:870][482]LogRHI: Error: SwapChainDesc.SampleDesc.Count 1
[2020.07.31-20.42.44:870][482]LogRHI: Error: SwapChainDesc.SampleDesc.Quality 0
[2020.07.31-20.42.44:870][482]LogRHI: Error: SwapChainDesc.BufferUsage 48
[2020.07.31-20.42.44:870][482]LogRHI: Error: SwapChainDesc.BufferCount 2
[2020.07.31-20.42.44:870][482]LogRHI: Error: SwapChainDesc.OutputWindow 00000000000E0578
[2020.07.31-20.42.44:870][482]LogRHI: Error: SwapChainDesc.Windowed true
[2020.07.31-20.42.44:870][482]LogRHI: Error: SwapChainDesc.SwapEffect 4
[2020.07.31-20.42.44:870][482]LogRHI: Error: SwapChainDesc.Flags 2050
[2020.07.31-20.42.44:973][485]LogRHI: Error: Present Fail Count 4
[2020.07.31-20.42.44:973][485]LogRHI: Error: SyncInterval 0
[2020.07.31-20.42.44:973][485]LogRHI: Error: SwapChainDesc.BufferDesc.Width 513
[2020.07.31-20.42.44:973][485]LogRHI: Error: SwapChainDesc.BufferDesc.Height 513
[2020.07.31-20.42.44:973][485]LogRHI: Error: SwapChainDesc.BufferDesc.RefreshRate.Numerator 0
[2020.07.31-20.42.44:973][485]LogRHI: Error: SwapChainDesc.BufferDesc.RefreshRate.Denominator 0
[2020.07.31-20.42.44:973][485]LogRHI: Error: SwapChainDesc.BufferDesc.Format 24
[2020.07.31-20.42.44:973][485]LogRHI: Error: SwapChainDesc.BufferDesc.ScanlineOrdering 0
[2020.07.31-20.42.44:973][485]LogRHI: Error: SwapChainDesc.BufferDesc.Scaling 0
[2020.07.31-20.42.44:973][485]LogRHI: Error: SwapChainDesc.SampleDesc.Count 1
[2020.07.31-20.42.44:973][485]LogRHI: Error: SwapChainDesc.SampleDesc.Quality 0
[2020.07.31-20.42.44:973][485]LogRHI: Error: SwapChainDesc.BufferUsage 48
[2020.07.31-20.42.44:973][485]LogRHI: Error: SwapChainDesc.BufferCount 2
[2020.07.31-20.42.44:973][485]LogRHI: Error: SwapChainDesc.OutputWindow 00000000000E0578
[2020.07.31-20.42.44:973][485]LogRHI: Error: SwapChainDesc.Windowed true
[2020.07.31-20.42.44:973][485]LogRHI: Error: SwapChainDesc.SwapEffect 4
[2020.07.31-20.42.44:973][485]LogRHI: Error: SwapChainDesc.Flags 2050
[2020.07.31-20.42.45:113][488]LogRHI: Error: Present Fail Count 5
[2020.07.31-20.42.45:113][488]LogRHI: Error: SyncInterval 0
[2020.07.31-20.42.45:113][488]LogRHI: Error: SwapChainDesc.BufferDesc.Width 513
[2020.07.31-20.42.45:113][488]LogRHI: Error: SwapChainDesc.BufferDesc.Height 513
[2020.07.31-20.42.45:113][488]LogRHI: Error: SwapChainDesc.BufferDesc.RefreshRate.Numerator 0
[2020.07.31-20.42.45:113][488]LogRHI: Error: SwapChainDesc.BufferDesc.RefreshRate.Denominator 0
[2020.07.31-20.42.45:113][488]LogRHI: Error: SwapChainDesc.BufferDesc.Format 24
[2020.07.31-20.42.45:113][488]LogRHI: Error: SwapChainDesc.BufferDesc.ScanlineOrdering 0
[2020.07.31-20.42.45:113][488]LogRHI: Error: SwapChainDesc.BufferDesc.Scaling 0
[2020.07.31-20.42.45:113][488]LogRHI: Error: SwapChainDesc.SampleDesc.Count 1
[2020.07.31-20.42.45:114][488]LogRHI: Error: SwapChainDesc.SampleDesc.Quality 0
[2020.07.31-20.42.45:114][488]LogRHI: Error: SwapChainDesc.BufferUsage 48
[2020.07.31-20.42.45:114][488]LogRHI: Error: SwapChainDesc.BufferCount 2
[2020.07.31-20.42.45:114][488]LogRHI: Error: SwapChainDesc.OutputWindow 00000000000E0578
[2020.07.31-20.42.45:114][488]LogRHI: Error: SwapChainDesc.Windowed true
[2020.07.31-20.42.45:114][488]LogRHI: Error: SwapChainDesc.SwapEffect 4
[2020.07.31-20.42.45:114][488]LogRHI: Error: SwapChainDesc.Flags 2050
[2020.07.31-20.42.45:286][491]LogRHI: Error: Present Fail Count 6
[2020.07.31-20.42.45:286][491]LogRHI: Error: SyncInterval 0
[2020.07.31-20.42.45:286][491]LogRHI: Error: SwapChainDesc.BufferDesc.Width 513
[2020.07.31-20.42.45:286][491]LogRHI: Error: SwapChainDesc.BufferDesc.Height 513
[2020.07.31-20.42.45:286][491]LogRHI: Error: SwapChainDesc.BufferDesc.RefreshRate.Numerator 0
[2020.07.31-20.42.45:286][491]LogRHI: Error: SwapChainDesc.BufferDesc.RefreshRate.Denominator 0
[2020.07.31-20.42.45:286][491]LogRHI: Error: SwapChainDesc.BufferDesc.Format 24
[2020.07.31-20.42.45:286][491]LogRHI: Error: SwapChainDesc.BufferDesc.ScanlineOrdering 0
[2020.07.31-20.42.45:286][491]LogRHI: Error: SwapChainDesc.BufferDesc.Scaling 0
[2020.07.31-20.42.45:286][491]LogRHI: Error: SwapChainDesc.SampleDesc.Count 1
[2020.07.31-20.42.45:286][491]LogRHI: Error: SwapChainDesc.SampleDesc.Quality 0
[2020.07.31-20.42.45:286][491]LogRHI: Error: SwapChainDesc.BufferUsage 48
[2020.07.31-20.42.45:286][491]LogRHI: Error: SwapChainDesc.BufferCount 2
[2020.07.31-20.42.45:286][491]LogRHI: Error: SwapChainDesc.OutputWindow 00000000000E0578
[2020.07.31-20.42.45:286][491]LogRHI: Error: SwapChainDesc.Windowed true
[2020.07.31-20.42.45:287][491]LogRHI: Error: SwapChainDesc.SwapEffect 4
[2020.07.31-20.42.45:287][491]LogRHI: Error: SwapChainDesc.Flags 2050
[2020.07.31-20.42.45:998][515]LogRHI: Error: Present Fail Count 1
[2020.07.31-20.42.45:998][515]LogRHI: Error: SyncInterval 0
[2020.07.31-20.42.45:998][515]LogRHI: Error: SwapChainDesc.BufferDesc.Width 513
[2020.07.31-20.42.45:998][515]LogRHI: Error: SwapChainDesc.BufferDesc.Height 513
[2020.07.31-20.42.45:998][515]LogRHI: Error: SwapChainDesc.BufferDesc.RefreshRate.Numerator 0
[2020.07.31-20.42.45:998][515]LogRHI: Error: SwapChainDesc.BufferDesc.RefreshRate.Denominator 0
[2020.07.31-20.42.45:998][515]LogRHI: Error: SwapChainDesc.BufferDesc.Format 24
[2020.07.31-20.42.45:998][515]LogRHI: Error: SwapChainDesc.BufferDesc.ScanlineOrdering 0
[2020.07.31-20.42.45:998][515]LogRHI: Error: SwapChainDesc.BufferDesc.Scaling 0
[2020.07.31-20.42.45:998][515]LogRHI: Error: SwapChainDesc.SampleDesc.Count 1
[2020.07.31-20.42.45:998][515]LogRHI: Error: SwapChainDesc.SampleDesc.Quality 0
[2020.07.31-20.42.45:998][515]LogRHI: Error: SwapChainDesc.BufferUsage 48
[2020.07.31-20.42.45:998][515]LogRHI: Error: SwapChainDesc.BufferCount 2
[2020.07.31-20.42.45:998][515]LogRHI: Error: SwapChainDesc.OutputWindow 00000000000E0578
[2020.07.31-20.42.45:998][515]LogRHI: Error: SwapChainDesc.Windowed true
[2020.07.31-20.42.45:998][515]LogRHI: Error: SwapChainDesc.SwapEffect 4
[2020.07.31-20.42.45:998][515]LogRHI: Error: SwapChainDesc.Flags 2050
[2020.07.31-20.42.46:231][518]LogRHI: Error: Present Fail Count 2
[2020.07.31-20.42.46:231][518]LogRHI: Error: SyncInterval 0
[2020.07.31-20.42.46:231][518]LogRHI: Error: SwapChainDesc.BufferDesc.Width 513
[2020.07.31-20.42.46:231][518]LogRHI: Error: SwapChainDesc.BufferDesc.Height 513
[2020.07.31-20.42.46:231][518]LogRHI: Error: SwapChainDesc.BufferDesc.RefreshRate.Numerator 0
[2020.07.31-20.42.46:231][518]LogRHI: Error: SwapChainDesc.BufferDesc.RefreshRate.Denominator 0
[2020.07.31-20.42.46:231][518]LogRHI: Error: SwapChainDesc.BufferDesc.Format 24
[2020.07.31-20.42.46:231][518]LogRHI: Error: SwapChainDesc.BufferDesc.ScanlineOrdering 0
[2020.07.31-20.42.46:231][518]LogRHI: Error: SwapChainDesc.BufferDesc.Scaling 0
[2020.07.31-20.42.46:231][518]LogRHI: Error: SwapChainDesc.SampleDesc.Count 1
[2020.07.31-20.42.46:232][518]LogRHI: Error: SwapChainDesc.SampleDesc.Quality 0
[2020.07.31-20.42.46:232][518]LogRHI: Error: SwapChainDesc.BufferUsage 48
[2020.07.31-20.42.46:232][518]LogRHI: Error: SwapChainDesc.BufferCount 2
[2020.07.31-20.42.46:232][518]LogRHI: Error: SwapChainDesc.OutputWindow 00000000000E0578
[2020.07.31-20.42.46:232][518]LogRHI: Error: SwapChainDesc.Windowed true
[2020.07.31-20.42.46:232][518]LogRHI: Error: SwapChainDesc.SwapEffect 4
[2020.07.31-20.42.46:232][518]LogRHI: Error: SwapChainDesc.Flags 2050
[2020.07.31-20.42.46:290][521]LogRHI: Error: Present Fail Count 3
[2020.07.31-20.42.46:290][521]LogRHI: Error: SyncInterval 0
[2020.07.31-20.42.46:290][521]LogRHI: Error: SwapChainDesc.BufferDesc.Width 513
[2020.07.31-20.42.46:290][521]LogRHI: Error: SwapChainDesc.BufferDesc.Height 513
[2020.07.31-20.42.46:290][521]LogRHI: Error: SwapChainDesc.BufferDesc.RefreshRate.Numerator 0
[2020.07.31-20.42.46:290][521]LogRHI: Error: SwapChainDesc.BufferDesc.RefreshRate.Denominator 0
[2020.07.31-20.42.46:290][521]LogRHI: Error: SwapChainDesc.BufferDesc.Format 24
[2020.07.31-20.42.46:290][521]LogRHI: Error: SwapChainDesc.BufferDesc.ScanlineOrdering 0
[2020.07.31-20.42.46:290][521]LogRHI: Error: SwapChainDesc.BufferDesc.Scaling 0
[2020.07.31-20.42.46:290][521]LogRHI: Error: SwapChainDesc.SampleDesc.Count 1
[2020.07.31-20.42.46:290][521]LogRHI: Error: SwapChainDesc.SampleDesc.Quality 0
[2020.07.31-20.42.46:290][521]LogRHI: Error: SwapChainDesc.BufferUsage 48
[2020.07.31-20.42.46:290][521]LogRHI: Error: SwapChainDesc.BufferCount 2
[2020.07.31-20.42.46:290][521]LogRHI: Error: SwapChainDesc.OutputWindow 00000000000E0578
[2020.07.31-20.42.46:290][521]LogRHI: Error: SwapChainDesc.Windowed true
[2020.07.31-20.42.46:290][521]LogRHI: Error: SwapChainDesc.SwapEffect 4
[2020.07.31-20.42.46:290][521]LogRHI: Error: SwapChainDesc.Flags 2050
[2020.07.31-20.42.46:362][524]LogRHI: Error: Present Fail Count 4
[2020.07.31-20.42.46:362][524]LogRHI: Error: SyncInterval 0
[2020.07.31-20.42.46:362][524]LogRHI: Error: SwapChainDesc.BufferDesc.Width 513
[2020.07.31-20.42.46:363][524]LogRHI: Error: SwapChainDesc.BufferDesc.Height 513
[2020.07.31-20.42.46:363][524]LogRHI: Error: SwapChainDesc.BufferDesc.RefreshRate.Numerator 0
[2020.07.31-20.42.46:363][524]LogRHI: Error: SwapChainDesc.BufferDesc.RefreshRate.Denominator 0
[2020.07.31-20.42.46:363][524]LogRHI: Error: SwapChainDesc.BufferDesc.Format 24
[2020.07.31-20.42.46:363][524]LogRHI: Error: SwapChainDesc.BufferDesc.ScanlineOrdering 0
[2020.07.31-20.42.46:363][524]LogRHI: Error: SwapChainDesc.BufferDesc.Scaling 0
[2020.07.31-20.42.46:363][524]LogRHI: Error: SwapChainDesc.SampleDesc.Count 1
[2020.07.31-20.42.46:363][524]LogRHI: Error: SwapChainDesc.SampleDesc.Quality 0
[2020.07.31-20.42.46:363][524]LogRHI: Error: SwapChainDesc.BufferUsage 48
[2020.07.31-20.42.46:363][524]LogRHI: Error: SwapChainDesc.BufferCount 2
[2020.07.31-20.42.46:363][524]LogRHI: Error: SwapChainDesc.OutputWindow 00000000000E0578
[2020.07.31-20.42.46:363][524]LogRHI: Error: SwapChainDesc.Windowed true
[2020.07.31-20.42.46:363][524]LogRHI: Error: SwapChainDesc.SwapEffect 4
[2020.07.31-20.42.46:363][524]LogRHI: Error: SwapChainDesc.Flags 2050
[2020.07.31-20.42.46:420][527]LogRHI: Error: Present Fail Count 5
[2020.07.31-20.42.46:420][527]LogRHI: Error: SyncInterval 0
[2020.07.31-20.42.46:420][527]LogRHI: Error: SwapChainDesc.BufferDesc.Width 513
[2020.07.31-20.42.46:420][527]LogRHI: Error: SwapChainDesc.BufferDesc.Height 513
[2020.07.31-20.42.46:420][527]LogRHI: Error: SwapChainDesc.BufferDesc.RefreshRate.Numerator 0
[2020.07.31-20.42.46:420][527]LogRHI: Error: SwapChainDesc.BufferDesc.RefreshRate.Denominator 0
[2020.07.31-20.42.46:420][527]LogRHI: Error: SwapChainDesc.BufferDesc.Format 24
[2020.07.31-20.42.46:420][527]LogRHI: Error: SwapChainDesc.BufferDesc.ScanlineOrdering 0
[2020.07.31-20.42.46:420][527]LogRHI: Error: SwapChainDesc.BufferDesc.Scaling 0
[2020.07.31-20.42.46:420][527]LogRHI: Error: SwapChainDesc.SampleDesc.Count 1
[2020.07.31-20.42.46:420][527]LogRHI: Error: SwapChainDesc.SampleDesc.Quality 0
[2020.07.31-20.42.46:420][527]LogRHI: Error: SwapChainDesc.BufferUsage 48
[2020.07.31-20.42.46:420][527]LogRHI: Error: SwapChainDesc.BufferCount 2
[2020.07.31-20.42.46:420][527]LogRHI: Error: SwapChainDesc.OutputWindow 00000000000E0578
[2020.07.31-20.42.46:420][527]LogRHI: Error: SwapChainDesc.Windowed true
[2020.07.31-20.42.46:420][527]LogRHI: Error: SwapChainDesc.SwapEffect 4
[2020.07.31-20.42.46:420][527]LogRHI: Error: SwapChainDesc.Flags 2050
[2020.07.31-20.42.46:475][530]LogRHI: Error: Present Fail Count 6
[2020.07.31-20.42.46:475][530]LogRHI: Error: SyncInterval 0
[2020.07.31-20.42.46:475][530]LogRHI: Error: SwapChainDesc.BufferDesc.Width 513
[2020.07.31-20.42.46:475][530]LogRHI: Error: SwapChainDesc.BufferDesc.Height 513
[2020.07.31-20.42.46:475][530]LogRHI: Error: SwapChainDesc.BufferDesc.RefreshRate.Numerator 0
[2020.07.31-20.42.46:475][530]LogRHI: Error: SwapChainDesc.BufferDesc.RefreshRate.Denominator 0
[2020.07.31-20.42.46:475][530]LogRHI: Error: SwapChainDesc.BufferDesc.Format 24
[2020.07.31-20.42.46:475][530]LogRHI: Error: SwapChainDesc.BufferDesc.ScanlineOrdering 0
[2020.07.31-20.42.46:475][530]LogRHI: Error: SwapChainDesc.BufferDesc.Scaling 0
[2020.07.31-20.42.46:475][530]LogRHI: Error: SwapChainDesc.SampleDesc.Count 1
[2020.07.31-20.42.46:476][530]LogRHI: Error: SwapChainDesc.SampleDesc.Quality 0
[2020.07.31-20.42.46:476][530]LogRHI: Error: SwapChainDesc.BufferUsage 48
[2020.07.31-20.42.46:476][530]LogRHI: Error: SwapChainDesc.BufferCount 2
[2020.07.31-20.42.46:476][530]LogRHI: Error: SwapChainDesc.OutputWindow 00000000000E0578
[2020.07.31-20.42.46:476][530]LogRHI: Error: SwapChainDesc.Windowed true
[2020.07.31-20.42.46:476][530]LogRHI: Error: SwapChainDesc.SwapEffect 4
[2020.07.31-20.42.46:476][530]LogRHI: Error: SwapChainDesc.Flags 2050
[2020.07.31-20.42.46:521][533]LogRHI: Error: Present Fail Count 7
[2020.07.31-20.42.46:521][533]LogRHI: Error: SyncInterval 0
[2020.07.31-20.42.46:521][533]LogRHI: Error: SwapChainDesc.BufferDesc.Width 513
[2020.07.31-20.42.46:521][533]LogRHI: Error: SwapChainDesc.BufferDesc.Height 513
[2020.07.31-20.42.46:521][533]LogRHI: Error: SwapChainDesc.BufferDesc.RefreshRate.Numerator 0
[2020.07.31-20.42.46:521][533]LogRHI: Error: SwapChainDesc.BufferDesc.RefreshRate.Denominator 0
[2020.07.31-20.42.46:521][533]LogRHI: Error: SwapChainDesc.BufferDesc.Format 24
[2020.07.31-20.42.46:521][533]LogRHI: Error: SwapChainDesc.BufferDesc.ScanlineOrdering 0
[2020.07.31-20.42.46:521][533]LogRHI: Error: SwapChainDesc.BufferDesc.Scaling 0
[2020.07.31-20.42.46:521][533]LogRHI: Error: SwapChainDesc.SampleDesc.Count 1
[2020.07.31-20.42.46:521][533]LogRHI: Error: SwapChainDesc.SampleDesc.Quality 0
[2020.07.31-20.42.46:521][533]LogRHI: Error: SwapChainDesc.BufferUsage 48
[2020.07.31-20.42.46:521][533]LogRHI: Error: SwapChainDesc.BufferCount 2
[2020.07.31-20.42.46:521][533]LogRHI: Error: SwapChainDesc.OutputWindow 00000000000E0578
[2020.07.31-20.42.46:521][533]LogRHI: Error: SwapChainDesc.Windowed true
[2020.07.31-20.42.46:521][533]LogRHI: Error: SwapChainDesc.SwapEffect 4
[2020.07.31-20.42.46:521][533]LogRHI: Error: SwapChainDesc.Flags 2050
[2020.07.31-20.42.46:583][536]LogRHI: Error: Present Fail Count 8
[2020.07.31-20.42.46:584][536]LogRHI: Error: SyncInterval 0
[2020.07.31-20.42.46:584][536]LogRHI: Error: SwapChainDesc.BufferDesc.Width 513
[2020.07.31-20.42.46:584][536]LogRHI: Error: SwapChainDesc.BufferDesc.Height 513
[2020.07.31-20.42.46:584][536]LogRHI: Error: SwapChainDesc.BufferDesc.RefreshRate.Numerator 0
[2020.07.31-20.42.46:584][536]LogRHI: Error: SwapChainDesc.BufferDesc.RefreshRate.Denominator 0
[2020.07.31-20.42.46:584][536]LogRHI: Error: SwapChainDesc.BufferDesc.Format 24
[2020.07.31-20.42.46:584][536]LogRHI: Error: SwapChainDesc.BufferDesc.ScanlineOrdering 0
[2020.07.31-20.42.46:584][536]LogRHI: Error: SwapChainDesc.BufferDesc.Scaling 0
[2020.07.31-20.42.46:584][536]LogRHI: Error: SwapChainDesc.SampleDesc.Count 1
[2020.07.31-20.42.46:584][536]LogRHI: Error: SwapChainDesc.SampleDesc.Quality 0
[2020.07.31-20.42.46:584][536]LogRHI: Error: SwapChainDesc.BufferUsage 48
[2020.07.31-20.42.46:584][536]LogRHI: Error: SwapChainDesc.BufferCount 2
[2020.07.31-20.42.46:584][536]LogRHI: Error: SwapChainDesc.OutputWindow 00000000000E0578
[2020.07.31-20.42.46:584][536]LogRHI: Error: SwapChainDesc.Windowed true
[2020.07.31-20.42.46:584][536]LogRHI: Error: SwapChainDesc.SwapEffect 4
[2020.07.31-20.42.46:584][536]LogRHI: Error: SwapChainDesc.Flags 2050
[2020.07.31-20.42.46:634][539]LogRHI: Error: Present Fail Count 9
[2020.07.31-20.42.46:634][539]LogRHI: Error: SyncInterval 0
[2020.07.31-20.42.46:634][539]LogRHI: Error: SwapChainDesc.BufferDesc.Width 513
[2020.07.31-20.42.46:634][539]LogRHI: Error: SwapChainDesc.BufferDesc.Height 513
[2020.07.31-20.42.46:634][539]LogRHI: Error: SwapChainDesc.BufferDesc.RefreshRate.Numerator 0
[2020.07.31-20.42.46:634][539]LogRHI: Error: SwapChainDesc.BufferDesc.RefreshRate.Denominator 0
[2020.07.31-20.42.46:634][539]LogRHI: Error: SwapChainDesc.BufferDesc.Format 24
[2020.07.31-20.42.46:634][539]LogRHI: Error: SwapChainDesc.BufferDesc.ScanlineOrdering 0
[2020.07.31-20.42.46:634][539]LogRHI: Error: SwapChainDesc.BufferDesc.Scaling 0
[2020.07.31-20.42.46:634][539]LogRHI: Error: SwapChainDesc.SampleDesc.Count 1
[2020.07.31-20.42.46:634][539]LogRHI: Error: SwapChainDesc.SampleDesc.Quality 0
[2020.07.31-20.42.46:634][539]LogRHI: Error: SwapChainDesc.BufferUsage 48
[2020.07.31-20.42.46:634][539]LogRHI: Error: SwapChainDesc.BufferCount 2
[2020.07.31-20.42.46:634][539]LogRHI: Error: SwapChainDesc.OutputWindow 00000000000E0578
[2020.07.31-20.42.46:634][539]LogRHI: Error: SwapChainDesc.Windowed true
[2020.07.31-20.42.46:634][539]LogRHI: Error: SwapChainDesc.SwapEffect 4
[2020.07.31-20.42.46:634][539]LogRHI: Error: SwapChainDesc.Flags 2050
[2020.07.31-20.42.46:682][542]LogRHI: Error: Present Fail Count 10
[2020.07.31-20.42.46:682][542]LogRHI: Error: SyncInterval 0
[2020.07.31-20.42.46:682][542]LogRHI: Error: SwapChainDesc.BufferDesc.Width 513
[2020.07.31-20.42.46:682][542]LogRHI: Error: SwapChainDesc.BufferDesc.Height 513
[2020.07.31-20.42.46:682][542]LogRHI: Error: SwapChainDesc.BufferDesc.RefreshRate.Numerator 0
[2020.07.31-20.42.46:682][542]LogRHI: Error: SwapChainDesc.BufferDesc.RefreshRate.Denominator 0
[2020.07.31-20.42.46:682][542]LogRHI: Error: SwapChainDesc.BufferDesc.Format 24
[2020.07.31-20.42.46:682][542]LogRHI: Error: SwapChainDesc.BufferDesc.ScanlineOrdering 0
[2020.07.31-20.42.46:682][542]LogRHI: Error: SwapChainDesc.BufferDesc.Scaling 0
[2020.07.31-20.42.46:682][542]LogRHI: Error: SwapChainDesc.SampleDesc.Count 1
[2020.07.31-20.42.46:682][542]LogRHI: Error: SwapChainDesc.SampleDesc.Quality 0
[2020.07.31-20.42.46:682][542]LogRHI: Error: SwapChainDesc.BufferUsage 48
[2020.07.31-20.42.46:682][542]LogRHI: Error: SwapChainDesc.BufferCount 2
[2020.07.31-20.42.46:682][542]LogRHI: Error: SwapChainDesc.OutputWindow 00000000000E0578
[2020.07.31-20.42.46:682][542]LogRHI: Error: SwapChainDesc.Windowed true
[2020.07.31-20.42.46:682][542]LogRHI: Error: SwapChainDesc.SwapEffect 4
[2020.07.31-20.42.46:682][542]LogRHI: Error: SwapChainDesc.Flags 2050
[2020.07.31-20.42.46:727][545]LogRHI: Error: Present Fail Count 11
[2020.07.31-20.42.46:727][545]LogRHI: Error: SyncInterval 0
[2020.07.31-20.42.46:727][545]LogRHI: Error: SwapChainDesc.BufferDesc.Width 513
[2020.07.31-20.42.46:727][545]LogRHI: Error: SwapChainDesc.BufferDesc.Height 513
[2020.07.31-20.42.46:727][545]LogRHI: Error: SwapChainDesc.BufferDesc.RefreshRate.Numerator 0
[2020.07.31-20.42.46:727][545]LogRHI: Error: SwapChainDesc.BufferDesc.RefreshRate.Denominator 0
[2020.07.31-20.42.46:727][545]LogRHI: Error: SwapChainDesc.BufferDesc.Format 24
[2020.07.31-20.42.46:727][545]LogRHI: Error: SwapChainDesc.BufferDesc.ScanlineOrdering 0
[2020.07.31-20.42.46:727][545]LogRHI: Error: SwapChainDesc.BufferDesc.Scaling 0
[2020.07.31-20.42.46:727][545]LogRHI: Error: SwapChainDesc.SampleDesc.Count 1
[2020.07.31-20.42.46:727][545]LogRHI: Error: SwapChainDesc.SampleDesc.Quality 0
[2020.07.31-20.42.46:727][545]LogRHI: Error: SwapChainDesc.BufferUsage 48
[2020.07.31-20.42.46:727][545]LogRHI: Error: SwapChainDesc.BufferCount 2
[2020.07.31-20.42.46:727][545]LogRHI: Error: SwapChainDesc.OutputWindow 00000000000E0578
[2020.07.31-20.42.46:727][545]LogRHI: Error: SwapChainDesc.Windowed true
[2020.07.31-20.42.46:727][545]LogRHI: Error: SwapChainDesc.SwapEffect 4
[2020.07.31-20.42.46:727][545]LogRHI: Error: SwapChainDesc.Flags 2050
[2020.07.31-20.42.46:727][545]LogD3D11RHI: Error: Result failed 
 at D:/Build/++UE4+Licensee/Sync/Engine/Source/Runtime/Windows/D3D11RHI/Private/D3D11Viewport.cpp:388 
 with error DXGI_ERROR_DEVICE_REMOVED 00000000
[2020.07.31-20.42.46:727][545]LogD3D11RHI: [Aftermath] GDynamicRHI=00000241BAC420C0, GDX11NVAfterMathEnabled=1, Result=0x00000001, bDeviceActive=1
[2020.07.31-20.42.46:727][545]LogWindows: Windows GetLastError: The operation completed successfully. (0)
[2020.07.31-20.42.51:073][546]LogWindows: FPlatformMisc::RequestExit(0)
[2020.07.31-20.42.51:073][546]LogCore: Engine exit requested (reason: Win RequestExit)
[2020.07.31-20.42.51:073][546]LogWindows: FPlatformMisc::RequestExit(1)
[2020.07.31-20.42.51:073][546]LogCore: Engine exit requested (reason: Win RequestExit; note: exit was already requested)
[2020.07.31-20.42.51:082][546]Log file closed, 07/31/20 16:42:51
