Log file open, 06/18/20 17:32:07
LogInit: Display: Running engine for game: UnitedPlanets
LogPlatformFile: Not using cached read wrapper
LogTaskGraph: Started task graph with 5 named threads and 14 total threads with 3 sets of task threads.
LogStats: Stats thread started at 0.496609
LogD3D11RHI: Loaded GFSDK_Aftermath_Lib.x64.dll
LogICUInternationalization: ICU TimeZone Detection - Raw Offset: -8:00, Platform Override: ''
LogPluginManager: Mounting plugin Paper2D
LogPluginManager: Mounting plugin AISupport
LogPluginManager: Mounting plugin LightPropagationVolume
LogPluginManager: Mounting plugin CameraShakePreviewer
LogPluginManager: Mounting plugin ActorLayerUtilities
LogPluginManager: Mounting plugin AnimationSharing
LogPluginManager: Mounting plugin CLionSourceCodeAccess
LogPluginManager: Mounting plugin CodeLiteSourceCodeAccess
LogPluginManager: Mounting plugin GitSourceControl
LogPluginManager: Mounting plugin KDevelopSourceCodeAccess
LogPluginManager: Mounting plugin NullSourceCodeAccess
LogPluginManager: Mounting plugin PerforceSourceControl
LogPluginManager: Mounting plugin PlasticSourceControl
LogPluginManager: Mounting plugin RiderSourceCodeAccess
LogPluginManager: Mounting plugin SubversionSourceControl
LogPluginManager: Mounting plugin UObjectPlugin
LogPluginManager: Mounting plugin VisualStudioCodeSourceCodeAccess
LogPluginManager: Mounting plugin VisualStudioSourceCodeAccess
LogPluginManager: Mounting plugin XCodeSourceCodeAccess
LogPluginManager: Mounting plugin AssetManagerEditor
LogPluginManager: Mounting plugin CryptoKeys
LogPluginManager: Mounting plugin CurveEditorTools
LogPluginManager: Mounting plugin DataValidation
LogPluginManager: Mounting plugin EditorScriptingUtilities
LogPluginManager: Mounting plugin FacialAnimation
LogPluginManager: Mounting plugin GameplayTagsEditor
LogPluginManager: Mounting plugin GeometryMode
LogPluginManager: Mounting plugin MacGraphicsSwitching
LogPluginManager: Mounting plugin MaterialAnalyzer
LogPluginManager: Mounting plugin MobileLauncherProfileWizard
LogPluginManager: Mounting plugin PluginBrowser
LogPluginManager: Mounting plugin SpeedTreeImporter
LogPluginManager: Mounting plugin DatasmithContent
LogPluginManager: Mounting plugin VariantManagerContent
LogPluginManager: Mounting plugin AlembicImporter
LogPluginManager: Mounting plugin AutomationUtils
LogPluginManager: Mounting plugin BackChannel
LogPluginManager: Mounting plugin ChaosCloth
LogPluginManager: Mounting plugin ChaosClothEditor
LogPluginManager: Mounting plugin ChaosEditor
LogPluginManager: Mounting plugin ChaosNiagara
LogPluginManager: Mounting plugin ChaosSolverPlugin
LogPluginManager: Mounting plugin CharacterAI
LogPluginManager: Mounting plugin GeometryCache
LogPluginManager: Mounting plugin GeometryCollectionPlugin
LogPluginManager: Mounting plugin GeometryProcessing
LogPluginManager: Mounting plugin PlanarCut
LogPluginManager: Mounting plugin PlatformCrypto
LogPluginManager: Mounting plugin ProxyLODPlugin
LogPluginManager: Mounting plugin SkeletalReduction
LogPluginManager: Mounting plugin Niagara
LogPluginManager: Mounting plugin MagicLeap
LogPluginManager: Mounting plugin MagicLeapLightEstimation
LogPluginManager: Mounting plugin MagicLeapMedia
LogPluginManager: Mounting plugin MagicLeapPassableWorld
LogPluginManager: Mounting plugin MLSDK
LogPluginManager: Mounting plugin AndroidMedia
LogPluginManager: Mounting plugin AvfMedia
LogPluginManager: Mounting plugin ImgMedia
LogPluginManager: Mounting plugin MediaCompositing
LogPluginManager: Mounting plugin MediaPlayerEditor
LogPluginManager: Mounting plugin WebMMedia
LogPluginManager: Mounting plugin WmfMedia
LogPluginManager: Mounting plugin MeshPainting
LogPluginManager: Mounting plugin TcpMessaging
LogPluginManager: Mounting plugin UdpMessaging
LogPluginManager: Mounting plugin ActorSequence
LogPluginManager: Mounting plugin LevelSequenceEditor
LogPluginManager: Mounting plugin MatineeToLevelSequence
LogPluginManager: Mounting plugin MovieRenderPipeline
LogPluginManager: Mounting plugin TemplateSequence
LogPluginManager: Mounting plugin NetcodeUnitTest
LogPluginManager: Mounting plugin NUTUnrealEngine4
LogPluginManager: Mounting plugin OnlineSubsystemGooglePlay
LogPluginManager: Mounting plugin OnlineSubsystemIOS
LogPluginManager: Mounting plugin OnlineSubsystem
LogPluginManager: Mounting plugin OnlineSubsystemNull
LogPluginManager: Mounting plugin OnlineSubsystemUtils
LogPluginManager: Mounting plugin LauncherChunkInstaller
LogPluginManager: Mounting plugin AndroidDeviceProfileSelector
LogPluginManager: Mounting plugin AndroidMoviePlayer
LogPluginManager: Mounting plugin AndroidPermission
LogPluginManager: Mounting plugin AppleImageUtils
LogPluginManager: Mounting plugin AppleMoviePlayer
LogPluginManager: Mounting plugin ArchVisCharacter
LogPluginManager: Mounting plugin AssetTags
LogPluginManager: Mounting plugin AudioCapture
LogPluginManager: Mounting plugin CableComponent
LogPluginManager: Mounting plugin CustomMeshComponent
LogPluginManager: Mounting plugin EditableMesh
LogPluginManager: Mounting plugin ExampleDeviceProfileSelector
LogPluginManager: Mounting plugin GoogleCloudMessaging
LogPluginManager: Mounting plugin GooglePAD
LogPluginManager: Mounting plugin IOSDeviceProfileSelector
LogPluginManager: Mounting plugin LinuxDeviceProfileSelector
LogPluginManager: Mounting plugin LocationServicesBPLibrary
LogPluginManager: Mounting plugin MobilePatchingUtils
LogPluginManager: Mounting plugin OculusVR
LogPluginManager: Mounting plugin PhysXVehicles
LogPluginManager: Mounting plugin PostSplashScreen
LogPluginManager: Mounting plugin ProceduralMeshComponent
LogPluginManager: Mounting plugin RuntimePhysXCooking
LogPluginManager: Mounting plugin SignificanceManager
LogPluginManager: Mounting plugin SoundFields
LogPluginManager: Mounting plugin SteamVR
LogPluginManager: Mounting plugin Synthesis
LogPluginManager: Mounting plugin WebMMoviePlayer
LogPluginManager: Mounting plugin WindowsMoviePlayer
LogPluginManager: Mounting plugin ScreenshotTools
LogInit: Using libcurl 7.55.1-DEV
LogInit:  - built for x86_64-pc-win32
LogInit:  - supports SSL with OpenSSL/1.1.1
LogInit:  - supports HTTP deflate (compression) using libz 1.2.8
LogInit:  - other features:
LogInit:      CURL_VERSION_SSL
LogInit:      CURL_VERSION_LIBZ
LogInit:      CURL_VERSION_IPV6
LogInit:      CURL_VERSION_ASYNCHDNS
LogInit:      CURL_VERSION_LARGEFILE
LogInit:      CURL_VERSION_IDN
LogInit:  CurlRequestOptions (configurable via config and command line):
LogInit:  - bVerifyPeer = true  - Libcurl will verify peer certificate
LogInit:  - bUseHttpProxy = false  - Libcurl will NOT use HTTP proxy
LogInit:  - bDontReuseConnections = false  - Libcurl will reuse connections
LogInit:  - MaxHostConnections = 16  - Libcurl will limit the number of connections to a host
LogInit:  - LocalHostAddr = Default
LogInit:  - BufferSize = 65536
LogOnline: OSS: Creating online subsystem instance for: NULL
LogInit: WinSock: version 1.1 (2.2), MaxSocks=32767, MaxUdp=65467
LogOnline: OSS: TryLoadSubsystemAndSetDefault: Loaded subsystem for module [NULL]
LogInit: Build: ++UE4+Release-4.25-CL-13144385
LogInit: Engine Version: 4.25.0-13144385+++UE4+Release-4.25
LogInit: Compatible Engine Version: 4.25.0-13144385+++UE4+Release-4.25
LogInit: Net CL: 13144385
LogInit: OS: Windows 10 (Release 1903) (), CPU: Intel(R) Core(TM) i5-6300HQ CPU @ 2.30GHz, GPU: Intel(R) HD Graphics 530
LogInit: Compiled (64-bit): May  2 2020 02:12:11
LogInit: Compiled with Visual C++: 19.24.28315.00
LogInit: Build Configuration: Development
LogInit: Branch Name: ++UE4+Release-4.25
LogInit: Command Line: 
LogInit: Base Directory: C:/Program Files/Epic Games/UE_4.25/Engine/Binaries/Win64/
LogInit: Allocator: TBB
LogInit: Installed Engine Build: 1
LogDevObjectVersion: Number of dev versions registered: 26
LogDevObjectVersion:   Dev-Blueprints (B0D832E4-1F89-4F0D-ACCF-7EB736FD4AA2): 10
LogDevObjectVersion:   Dev-Build (E1C64328-A22C-4D53-A36C-8E866417BD8C): 0
LogDevObjectVersion:   Dev-Core (375EC13C-06E4-48FB-B500-84F0262A717E): 4
LogDevObjectVersion:   Dev-Editor (E4B068ED-F494-42E9-A231-DA0B2E46BB41): 38
LogDevObjectVersion:   Dev-Framework (CFFC743F-43B0-4480-9391-14DF171D2073): 37
LogDevObjectVersion:   Dev-Mobile (B02B49B5-BB20-44E9-A304-32B752E40360): 2
LogDevObjectVersion:   Dev-Networking (A4E4105C-59A1-49B5-A7C5-40C4547EDFEE): 0
LogDevObjectVersion:   Dev-Online (39C831C9-5AE6-47DC-9A44-9C173E1C8E7C): 0
LogDevObjectVersion:   Dev-Physics (78F01B33-EBEA-4F98-B9B4-84EACCB95AA2): 4
LogDevObjectVersion:   Dev-Platform (6631380F-2D4D-43E0-8009-CF276956A95A): 0
LogDevObjectVersion:   Dev-Rendering (12F88B9F-8875-4AFC-A67C-D90C383ABD29): 43
LogDevObjectVersion:   Dev-Sequencer (7B5AE74C-D270-4C10-A958-57980B212A5A): 12
LogDevObjectVersion:   Dev-VR (D7296918-1DD6-4BDD-9DE2-64A83CC13884): 3
LogDevObjectVersion:   Dev-LoadTimes (C2A15278-BFE7-4AFE-6C17-90FF531DF755): 1
LogDevObjectVersion:   Private-Geometry (6EACA3D4-40EC-4CC1-B786-8BED09428FC5): 3
LogDevObjectVersion:   Dev-AnimPhys (29E575DD-E0A3-4627-9D10-D276232CDCEA): 17
LogDevObjectVersion:   Dev-Anim (AF43A65D-7FD3-4947-9873-3E8ED9C1BB05): 7
LogDevObjectVersion:   Dev-ReflectionCapture (6B266CEC-1EC7-4B8F-A30B-E4D90942FC07): 1
LogDevObjectVersion:   Dev-Automation (0DF73D61-A23F-47EA-B727-89E90C41499A): 1
LogDevObjectVersion:   FortniteMain (601D1886-AC64-4F84-AA16-D3DE0DEAC7D6): 31
LogDevObjectVersion:   Dev-Enterprise (9DFFBCD6-494F-0158-E221-12823C92A888): 10
LogDevObjectVersion:   Dev-Niagara (F2AED0AC-9AFE-416F-8664-AA7FFA26D6FC): 1
LogDevObjectVersion:   Dev-Destruction (174F1F0B-B4C6-45A5-B13F-2EE8D0FB917D): 10
LogDevObjectVersion:   Dev-Physics-Ext (35F94A83-E258-406C-A318-09F59610247C): 37
LogDevObjectVersion:   Dev-PhysicsMaterial-Chaos (B68FC16E-8B1B-42E2-B453-215C058844FE): 1
LogDevObjectVersion:   Dev-CineCamera (B2E18506-4273-CFC2-A54E-F4BB758BBA07): 1
LogInit: Presizing for max 25165824 objects, including 0 objects not considered by GC, pre-allocating 0 bytes for permanent pool.
LogConfig: Applying CVar settings from Section [/Script/Engine.StreamingSettings] File [C:/Users/TheK-B1000/Desktop/The K-B Folder/United Planets of Galaxies/RPG/UnitedPlanets/Saved/Config/Windows/Engine.ini]
LogConfig: Setting CVar [[s.MinBulkDataSizeForAsyncLoading:131072]]
LogConfig: Setting CVar [[s.AsyncLoadingThreadEnabled:0]]
LogConfig: Setting CVar [[s.EventDrivenLoaderEnabled:1]]
LogConfig: Setting CVar [[s.WarnIfTimeLimitExceeded:0]]
LogConfig: Setting CVar [[s.TimeLimitExceededMultiplier:1.5]]
LogConfig: Setting CVar [[s.TimeLimitExceededMinTime:0.005]]
LogConfig: Setting CVar [[s.UseBackgroundLevelStreaming:1]]
LogConfig: Setting CVar [[s.PriorityAsyncLoadingExtraTime:15.0]]
LogConfig: Setting CVar [[s.LevelStreamingActorsUpdateTimeLimit:5.0]]
LogConfig: Setting CVar [[s.PriorityLevelStreamingActorsUpdateExtraTime:5.0]]
LogConfig: Setting CVar [[s.LevelStreamingComponentsRegistrationGranularity:10]]
LogConfig: Setting CVar [[s.UnregisterComponentsTimeLimit:1.0]]
LogConfig: Setting CVar [[s.LevelStreamingComponentsUnregistrationGranularity:5]]
LogConfig: Setting CVar [[s.FlushStreamingOnExit:1]]
LogInit: Object subsystem initialized
LogConfig: Setting CVar [[con.DebugEarlyDefault:1]]
LogConfig: Setting CVar [[r.setres:1280x720]]
[2020.06.19-00.32.08:714][  0]LogConfig: Setting CVar [[r.VSync:0]]
[2020.06.19-00.32.08:715][  0]LogConfig: Setting CVar [[r.RHICmdBypass:0]]
[2020.06.19-00.32.08:715][  0]LogConfig: Applying CVar settings from Section [/Script/Engine.RendererSettings] File [C:/Users/TheK-B1000/Desktop/The K-B Folder/United Planets of Galaxies/RPG/UnitedPlanets/Saved/Config/Windows/Engine.ini]
[2020.06.19-00.32.08:715][  0]LogConfig: Setting CVar [[r.GPUCrashDebugging:0]]
[2020.06.19-00.32.08:715][  0]LogConfig: Applying CVar settings from Section [/Script/Engine.RendererOverrideSettings] File [C:/Users/TheK-B1000/Desktop/The K-B Folder/United Planets of Galaxies/RPG/UnitedPlanets/Saved/Config/Windows/Engine.ini]
[2020.06.19-00.32.08:715][  0]LogConfig: Applying CVar settings from Section [/Script/Engine.StreamingSettings] File [C:/Users/TheK-B1000/Desktop/The K-B Folder/United Planets of Galaxies/RPG/UnitedPlanets/Saved/Config/Windows/Engine.ini]
[2020.06.19-00.32.08:715][  0]LogConfig: Setting CVar [[s.MinBulkDataSizeForAsyncLoading:131072]]
[2020.06.19-00.32.08:715][  0]LogConfig: Setting CVar [[s.AsyncLoadingThreadEnabled:0]]
[2020.06.19-00.32.08:715][  0]LogConfig: Setting CVar [[s.EventDrivenLoaderEnabled:1]]
[2020.06.19-00.32.08:715][  0]LogConfig: Setting CVar [[s.WarnIfTimeLimitExceeded:0]]
[2020.06.19-00.32.08:715][  0]LogConfig: Setting CVar [[s.TimeLimitExceededMultiplier:1.5]]
[2020.06.19-00.32.08:716][  0]LogConfig: Setting CVar [[s.TimeLimitExceededMinTime:0.005]]
[2020.06.19-00.32.08:716][  0]LogConfig: Setting CVar [[s.UseBackgroundLevelStreaming:1]]
[2020.06.19-00.32.08:716][  0]LogConfig: Setting CVar [[s.PriorityAsyncLoadingExtraTime:15.0]]
[2020.06.19-00.32.08:716][  0]LogConfig: Setting CVar [[s.LevelStreamingActorsUpdateTimeLimit:5.0]]
[2020.06.19-00.32.08:716][  0]LogConfig: Setting CVar [[s.PriorityLevelStreamingActorsUpdateExtraTime:5.0]]
[2020.06.19-00.32.08:716][  0]LogConfig: Setting CVar [[s.LevelStreamingComponentsRegistrationGranularity:10]]
[2020.06.19-00.32.08:716][  0]LogConfig: Setting CVar [[s.UnregisterComponentsTimeLimit:1.0]]
[2020.06.19-00.32.08:716][  0]LogConfig: Setting CVar [[s.LevelStreamingComponentsUnregistrationGranularity:5]]
[2020.06.19-00.32.08:716][  0]LogConfig: Setting CVar [[s.FlushStreamingOnExit:1]]
[2020.06.19-00.32.08:716][  0]LogConfig: Applying CVar settings from Section [/Script/Engine.GarbageCollectionSettings] File [C:/Users/TheK-B1000/Desktop/The K-B Folder/United Planets of Galaxies/RPG/UnitedPlanets/Saved/Config/Windows/Engine.ini]
[2020.06.19-00.32.08:716][  0]LogConfig: Setting CVar [[gc.MaxObjectsNotConsideredByGC:1]]
[2020.06.19-00.32.08:716][  0]LogConfig: Setting CVar [[gc.SizeOfPermanentObjectPool:0]]
[2020.06.19-00.32.08:716][  0]LogConfig: Setting CVar [[gc.FlushStreamingOnGC:0]]
[2020.06.19-00.32.08:716][  0]LogConfig: Setting CVar [[gc.NumRetriesBeforeForcingGC:10]]
[2020.06.19-00.32.08:716][  0]LogConfig: Setting CVar [[gc.AllowParallelGC:1]]
[2020.06.19-00.32.08:716][  0]LogConfig: Setting CVar [[gc.TimeBetweenPurgingPendingKillObjects:61.1]]
[2020.06.19-00.32.08:716][  0]LogConfig: Setting CVar [[gc.MaxObjectsInEditor:25165824]]
[2020.06.19-00.32.08:716][  0]LogConfig: Setting CVar [[gc.IncrementalBeginDestroyEnabled:1]]
[2020.06.19-00.32.08:716][  0]LogConfig: Setting CVar [[gc.CreateGCClusters:1]]
[2020.06.19-00.32.08:716][  0]LogConfig: Setting CVar [[gc.MinGCClusterSize:5]]
[2020.06.19-00.32.08:716][  0]LogConfig: Setting CVar [[gc.ActorClusteringEnabled:0]]
[2020.06.19-00.32.08:716][  0]LogConfig: Setting CVar [[gc.BlueprintClusteringEnabled:0]]
[2020.06.19-00.32.08:716][  0]LogConfig: Setting CVar [[gc.UseDisregardForGCOnDedicatedServers:0]]
[2020.06.19-00.32.08:716][  0]LogConfig: Applying CVar settings from Section [/Script/Engine.NetworkSettings] File [C:/Users/TheK-B1000/Desktop/The K-B Folder/United Planets of Galaxies/RPG/UnitedPlanets/Saved/Config/Windows/Engine.ini]
[2020.06.19-00.32.08:716][  0]LogConfig: Applying CVar settings from Section [/Script/UnrealEd.CookerSettings] File [C:/Users/TheK-B1000/Desktop/The K-B Folder/United Planets of Galaxies/RPG/UnitedPlanets/Saved/Config/Windows/Engine.ini]
[2020.06.19-00.32.08:721][  0]LogConfig: Applying CVar settings from Section [ViewDistanceQuality@3] File [C:/Users/TheK-B1000/Desktop/The K-B Folder/United Planets of Galaxies/RPG/UnitedPlanets/Saved/Config/Windows/Scalability.ini]
[2020.06.19-00.32.08:721][  0]LogConfig: Setting CVar [[r.SkeletalMeshLODBias:0]]
[2020.06.19-00.32.08:721][  0]LogConfig: Setting CVar [[r.ViewDistanceScale:1.0]]
[2020.06.19-00.32.08:721][  0]LogConfig: Applying CVar settings from Section [AntiAliasingQuality@3] File [C:/Users/TheK-B1000/Desktop/The K-B Folder/United Planets of Galaxies/RPG/UnitedPlanets/Saved/Config/Windows/Scalability.ini]
[2020.06.19-00.32.08:721][  0]LogConfig: Setting CVar [[r.PostProcessAAQuality:4]]
[2020.06.19-00.32.08:721][  0]LogConfig: Applying CVar settings from Section [ShadowQuality@3] File [C:/Users/TheK-B1000/Desktop/The K-B Folder/United Planets of Galaxies/RPG/UnitedPlanets/Saved/Config/Windows/Scalability.ini]
[2020.06.19-00.32.08:721][  0]LogConfig: Setting CVar [[r.LightFunctionQuality:1]]
[2020.06.19-00.32.08:721][  0]LogConfig: Setting CVar [[r.ShadowQuality:5]]
[2020.06.19-00.32.08:721][  0]LogConfig: Setting CVar [[r.Shadow.CSM.MaxCascades:10]]
[2020.06.19-00.32.08:721][  0]LogConfig: Setting CVar [[r.Shadow.MaxResolution:2048]]
[2020.06.19-00.32.08:721][  0]LogConfig: Setting CVar [[r.Shadow.MaxCSMResolution:2048]]
[2020.06.19-00.32.08:721][  0]LogConfig: Setting CVar [[r.Shadow.RadiusThreshold:0.01]]
[2020.06.19-00.32.08:721][  0]LogConfig: Setting CVar [[r.Shadow.DistanceScale:1.0]]
[2020.06.19-00.32.08:721][  0]LogConfig: Setting CVar [[r.Shadow.CSM.TransitionScale:1.0]]
[2020.06.19-00.32.08:721][  0]LogConfig: Setting CVar [[r.Shadow.PreShadowResolutionFactor:1.0]]
[2020.06.19-00.32.08:721][  0]LogConfig: Setting CVar [[r.DistanceFieldShadowing:1]]
[2020.06.19-00.32.08:721][  0]LogConfig: Setting CVar [[r.DistanceFieldAO:1]]
[2020.06.19-00.32.08:721][  0]LogConfig: Setting CVar [[r.AOQuality:2]]
[2020.06.19-00.32.08:721][  0]LogConfig: Setting CVar [[r.VolumetricFog:1]]
[2020.06.19-00.32.08:721][  0]LogConfig: Setting CVar [[r.VolumetricFog.GridPixelSize:8]]
[2020.06.19-00.32.08:721][  0]LogConfig: Setting CVar [[r.VolumetricFog.GridSizeZ:128]]
[2020.06.19-00.32.08:721][  0]LogConfig: Setting CVar [[r.VolumetricFog.HistoryMissSupersampleCount:4]]
[2020.06.19-00.32.08:722][  0]LogConfig: Setting CVar [[r.LightMaxDrawDistanceScale:1]]
[2020.06.19-00.32.08:722][  0]LogConfig: Setting CVar [[r.CapsuleShadows:1]]
[2020.06.19-00.32.08:722][  0]LogConfig: Applying CVar settings from Section [PostProcessQuality@3] File [C:/Users/TheK-B1000/Desktop/The K-B Folder/United Planets of Galaxies/RPG/UnitedPlanets/Saved/Config/Windows/Scalability.ini]
[2020.06.19-00.32.08:722][  0]LogConfig: Setting CVar [[r.MotionBlurQuality:4]]
[2020.06.19-00.32.08:722][  0]LogConfig: Setting CVar [[r.AmbientOcclusionMipLevelFactor:0.4]]
[2020.06.19-00.32.08:722][  0]LogConfig: Setting CVar [[r.AmbientOcclusionMaxQuality:100]]
[2020.06.19-00.32.08:722][  0]LogConfig: Setting CVar [[r.AmbientOcclusionLevels:-1]]
[2020.06.19-00.32.08:722][  0]LogConfig: Setting CVar [[r.AmbientOcclusionRadiusScale:1.0]]
[2020.06.19-00.32.08:722][  0]LogConfig: Setting CVar [[r.DepthOfFieldQuality:2]]
[2020.06.19-00.32.08:722][  0]LogConfig: Setting CVar [[r.RenderTargetPoolMin:400]]
[2020.06.19-00.32.08:722][  0]LogConfig: Setting CVar [[r.LensFlareQuality:2]]
[2020.06.19-00.32.08:722][  0]LogConfig: Setting CVar [[r.SceneColorFringeQuality:1]]
[2020.06.19-00.32.08:722][  0]LogConfig: Setting CVar [[r.EyeAdaptationQuality:2]]
[2020.06.19-00.32.08:722][  0]LogConfig: Setting CVar [[r.BloomQuality:5]]
[2020.06.19-00.32.08:722][  0]LogConfig: Setting CVar [[r.FastBlurThreshold:100]]
[2020.06.19-00.32.08:722][  0]LogConfig: Setting CVar [[r.Upscale.Quality:3]]
[2020.06.19-00.32.08:722][  0]LogConfig: Setting CVar [[r.Tonemapper.GrainQuantization:1]]
[2020.06.19-00.32.08:722][  0]LogConfig: Setting CVar [[r.LightShaftQuality:1]]
[2020.06.19-00.32.08:722][  0]LogConfig: Setting CVar [[r.Filter.SizeScale:1]]
[2020.06.19-00.32.08:722][  0]LogConfig: Setting CVar [[r.Tonemapper.Quality:5]]
[2020.06.19-00.32.08:722][  0]LogConfig: Setting CVar [[r.DOF.Gather.AccumulatorQuality:1        ; higher gathering accumulator quality]]
[2020.06.19-00.32.08:722][  0]LogConfig: Setting CVar [[r.DOF.Gather.PostfilterMethod:1          ; Median3x3 postfilering method]]
[2020.06.19-00.32.08:722][  0]LogConfig: Setting CVar [[r.DOF.Gather.EnableBokehSettings:0       ; no bokeh simulation when gathering]]
[2020.06.19-00.32.08:722][  0]LogConfig: Setting CVar [[r.DOF.Gather.RingCount:4                 ; medium number of samples when gathering]]
[2020.06.19-00.32.08:722][  0]LogConfig: Setting CVar [[r.DOF.Scatter.ForegroundCompositing:1    ; additive foreground scattering]]
[2020.06.19-00.32.08:722][  0]LogConfig: Setting CVar [[r.DOF.Scatter.BackgroundCompositing:2    ; additive background scattering]]
[2020.06.19-00.32.08:722][  0]LogConfig: Setting CVar [[r.DOF.Scatter.EnableBokehSettings:1      ; bokeh simulation when scattering]]
[2020.06.19-00.32.08:722][  0]LogConfig: Setting CVar [[r.DOF.Scatter.MaxSpriteRatio:0.1         ; only a maximum of 10% of scattered bokeh]]
[2020.06.19-00.32.08:722][  0]LogConfig: Setting CVar [[r.DOF.Recombine.Quality:1                ; cheap slight out of focus]]
[2020.06.19-00.32.08:722][  0]LogConfig: Setting CVar [[r.DOF.Recombine.EnableBokehSettings:0    ; no bokeh simulation on slight out of focus]]
[2020.06.19-00.32.08:722][  0]LogConfig: Setting CVar [[r.DOF.TemporalAAQuality:1                ; more stable temporal accumulation]]
[2020.06.19-00.32.08:722][  0]LogConfig: Setting CVar [[r.DOF.Kernel.MaxForegroundRadius:0.025]]
[2020.06.19-00.32.08:722][  0]LogConfig: Setting CVar [[r.DOF.Kernel.MaxBackgroundRadius:0.025]]
[2020.06.19-00.32.08:722][  0]LogConfig: Applying CVar settings from Section [TextureQuality@3] File [C:/Users/TheK-B1000/Desktop/The K-B Folder/United Planets of Galaxies/RPG/UnitedPlanets/Saved/Config/Windows/Scalability.ini]
[2020.06.19-00.32.08:722][  0]LogConfig: Setting CVar [[r.Streaming.MipBias:0]]
[2020.06.19-00.32.08:722][  0]LogConfig: Setting CVar [[r.Streaming.AmortizeCPUToGPUCopy:0]]
[2020.06.19-00.32.08:722][  0]LogConfig: Setting CVar [[r.Streaming.MaxNumTexturesToStreamPerFrame:0]]
[2020.06.19-00.32.08:722][  0]LogConfig: Setting CVar [[r.Streaming.Boost:1]]
[2020.06.19-00.32.08:722][  0]LogConfig: Setting CVar [[r.MaxAnisotropy:8]]
[2020.06.19-00.32.08:722][  0]LogConfig: Setting CVar [[r.VT.MaxAnisotropy:8]]
[2020.06.19-00.32.08:722][  0]LogConfig: Setting CVar [[r.Streaming.LimitPoolSizeToVRAM:0]]
[2020.06.19-00.32.08:722][  0]LogConfig: Setting CVar [[r.Streaming.PoolSize:1000]]
[2020.06.19-00.32.08:722][  0]LogConfig: Setting CVar [[r.Streaming.MaxEffectiveScreenSize:0]]
[2020.06.19-00.32.08:722][  0]LogConfig: Applying CVar settings from Section [EffectsQuality@3] File [C:/Users/TheK-B1000/Desktop/The K-B Folder/United Planets of Galaxies/RPG/UnitedPlanets/Saved/Config/Windows/Scalability.ini]
[2020.06.19-00.32.08:722][  0]LogConfig: Setting CVar [[r.TranslucencyLightingVolumeDim:64]]
[2020.06.19-00.32.08:722][  0]LogConfig: Setting CVar [[r.RefractionQuality:2]]
[2020.06.19-00.32.08:722][  0]LogConfig: Setting CVar [[r.SSR.Quality:3]]
[2020.06.19-00.32.08:722][  0]LogConfig: Setting CVar [[r.SSR.HalfResSceneColor:0]]
[2020.06.19-00.32.08:723][  0]LogConfig: Setting CVar [[r.SceneColorFormat:4]]
[2020.06.19-00.32.08:723][  0]LogConfig: Setting CVar [[r.DetailMode:2]]
[2020.06.19-00.32.08:723][  0]LogConfig: Setting CVar [[r.TranslucencyVolumeBlur:1]]
[2020.06.19-00.32.08:723][  0]LogConfig: Setting CVar [[r.MaterialQualityLevel:1 ; High quality]]
[2020.06.19-00.32.08:723][  0]LogConfig: Setting CVar [[r.SSS.Scale:1]]
[2020.06.19-00.32.08:723][  0]LogConfig: Setting CVar [[r.SSS.SampleSet:2]]
[2020.06.19-00.32.08:723][  0]LogConfig: Setting CVar [[r.SSS.Quality:1]]
[2020.06.19-00.32.08:723][  0]LogConfig: Setting CVar [[r.SSS.HalfRes:0]]
[2020.06.19-00.32.08:723][  0]LogConfig: Setting CVar [[r.SSGI.Quality:3]]
[2020.06.19-00.32.08:723][  0]LogConfig: Setting CVar [[r.EmitterSpawnRateScale:1.0]]
[2020.06.19-00.32.08:723][  0]LogConfig: Setting CVar [[r.ParticleLightQuality:2]]
[2020.06.19-00.32.08:723][  0]LogConfig: Setting CVar [[r.SkyAtmosphere.AerialPerspectiveLUT.FastApplyOnOpaque:1 ; Always have FastSkyLUT 1 in this case to avoid wrong sky]]
[2020.06.19-00.32.08:723][  0]LogConfig: Setting CVar [[r.SkyAtmosphere.AerialPerspectiveLUT.SampleCountPerSlice:1]]
[2020.06.19-00.32.08:723][  0]LogConfig: Setting CVar [[r.SkyAtmosphere.AerialPerspectiveLUT.DepthResolution:16.0]]
[2020.06.19-00.32.08:723][  0]LogConfig: Setting CVar [[r.SkyAtmosphere.FastSkyLUT:1]]
[2020.06.19-00.32.08:723][  0]LogConfig: Setting CVar [[r.SkyAtmosphere.FastSkyLUT.SampleCountMin:4.0]]
[2020.06.19-00.32.08:723][  0]LogConfig: Setting CVar [[r.SkyAtmosphere.FastSkyLUT.SampleCountMax:32.0]]
[2020.06.19-00.32.08:723][  0]LogConfig: Setting CVar [[r.SkyAtmosphere.SampleCountMin:4.0]]
[2020.06.19-00.32.08:723][  0]LogConfig: Setting CVar [[r.SkyAtmosphere.SampleCountMax:32.0]]
[2020.06.19-00.32.08:723][  0]LogConfig: Setting CVar [[r.SkyAtmosphere.TransmittanceLUT.UseSmallFormat:0]]
[2020.06.19-00.32.08:723][  0]LogConfig: Setting CVar [[r.SkyAtmosphere.TransmittanceLUT.SampleCount:10.0]]
[2020.06.19-00.32.08:723][  0]LogConfig: Setting CVar [[r.SkyAtmosphere.MultiScatteringLUT.SampleCount:15.0]]
[2020.06.19-00.32.08:723][  0]LogConfig: Applying CVar settings from Section [FoliageQuality@3] File [C:/Users/TheK-B1000/Desktop/The K-B Folder/United Planets of Galaxies/RPG/UnitedPlanets/Saved/Config/Windows/Scalability.ini]
[2020.06.19-00.32.08:723][  0]LogConfig: Setting CVar [[foliage.DensityScale:1.0]]
[2020.06.19-00.32.08:723][  0]LogConfig: Setting CVar [[grass.DensityScale:1.0]]
[2020.06.19-00.32.08:723][  0]LogConfig: Applying CVar settings from Section [ShadingQuality@3] File [C:/Users/TheK-B1000/Desktop/The K-B Folder/United Planets of Galaxies/RPG/UnitedPlanets/Saved/Config/Windows/Scalability.ini]
[2020.06.19-00.32.08:723][  0]LogConfig: Setting CVar [[r.HairStrands.SkyLighting.SampleCount:16]]
[2020.06.19-00.32.08:723][  0]LogConfig: Setting CVar [[r.HairStrands.SkyLighting.JitterIntegration:0]]
[2020.06.19-00.32.08:723][  0]LogConfig: Setting CVar [[r.HairStrands.SkyAO.SampleCount:16]]
[2020.06.19-00.32.08:723][  0]LogConfig: Setting CVar [[r.HairStrands.DeepShadow.SuperSampling:0]]
[2020.06.19-00.32.08:723][  0]LogConfig: Setting CVar [[r.HairStrands.VisibilityPPLL:0]]
[2020.06.19-00.32.08:723][  0]LogConfig: Setting CVar [[r.HairStrands.RasterizationScale:0.5]]
[2020.06.19-00.32.08:723][  0]LogConfig: Setting CVar [[r.HairStrands.VelocityRasterizationScale:1]]
[2020.06.19-00.32.08:723][  0]LogInit: Selected Device Profile: [Windows]
[2020.06.19-00.32.08:724][  0]LogInit: Applying CVar settings loaded from the selected device profile: [Windows]
[2020.06.19-00.32.08:724][  0]LogHAL: Display: Platform has ~ 8 GB [8462237696 / 8589934592 / 8], which maps to Default [LargestMinGB=32, LargerMinGB=12, DefaultMinGB=8, SmallerMinGB=6, SmallestMinGB=0)
[2020.06.19-00.32.08:724][  0]LogInit: Going up to parent DeviceProfile []
[2020.06.19-00.32.08:724][  0]LogConfig: Applying CVar settings from Section [ViewDistanceQuality@3] File [C:/Users/TheK-B1000/Desktop/The K-B Folder/United Planets of Galaxies/RPG/UnitedPlanets/Saved/Config/Windows/Scalability.ini]
[2020.06.19-00.32.08:724][  0]LogConfig: Setting CVar [[r.SkeletalMeshLODBias:0]]
[2020.06.19-00.32.08:724][  0]LogConfig: Setting CVar [[r.ViewDistanceScale:1.0]]
[2020.06.19-00.32.08:724][  0]LogConfig: Applying CVar settings from Section [AntiAliasingQuality@3] File [C:/Users/TheK-B1000/Desktop/The K-B Folder/United Planets of Galaxies/RPG/UnitedPlanets/Saved/Config/Windows/Scalability.ini]
[2020.06.19-00.32.08:724][  0]LogConfig: Setting CVar [[r.PostProcessAAQuality:4]]
[2020.06.19-00.32.08:724][  0]LogConfig: Applying CVar settings from Section [ShadowQuality@3] File [C:/Users/TheK-B1000/Desktop/The K-B Folder/United Planets of Galaxies/RPG/UnitedPlanets/Saved/Config/Windows/Scalability.ini]
[2020.06.19-00.32.08:724][  0]LogConfig: Setting CVar [[r.LightFunctionQuality:1]]
[2020.06.19-00.32.08:724][  0]LogConfig: Setting CVar [[r.ShadowQuality:5]]
[2020.06.19-00.32.08:724][  0]LogConfig: Setting CVar [[r.Shadow.CSM.MaxCascades:10]]
[2020.06.19-00.32.08:724][  0]LogConfig: Setting CVar [[r.Shadow.MaxResolution:2048]]
[2020.06.19-00.32.08:724][  0]LogConfig: Setting CVar [[r.Shadow.MaxCSMResolution:2048]]
[2020.06.19-00.32.08:724][  0]LogConfig: Setting CVar [[r.Shadow.RadiusThreshold:0.01]]
[2020.06.19-00.32.08:724][  0]LogConfig: Setting CVar [[r.Shadow.DistanceScale:1.0]]
[2020.06.19-00.32.08:724][  0]LogConfig: Setting CVar [[r.Shadow.CSM.TransitionScale:1.0]]
[2020.06.19-00.32.08:724][  0]LogConfig: Setting CVar [[r.Shadow.PreShadowResolutionFactor:1.0]]
[2020.06.19-00.32.08:724][  0]LogConfig: Setting CVar [[r.DistanceFieldShadowing:1]]
[2020.06.19-00.32.08:724][  0]LogConfig: Setting CVar [[r.DistanceFieldAO:1]]
[2020.06.19-00.32.08:724][  0]LogConfig: Setting CVar [[r.AOQuality:2]]
[2020.06.19-00.32.08:724][  0]LogConfig: Setting CVar [[r.VolumetricFog:1]]
[2020.06.19-00.32.08:724][  0]LogConfig: Setting CVar [[r.VolumetricFog.GridPixelSize:8]]
[2020.06.19-00.32.08:724][  0]LogConfig: Setting CVar [[r.VolumetricFog.GridSizeZ:128]]
[2020.06.19-00.32.08:724][  0]LogConfig: Setting CVar [[r.VolumetricFog.HistoryMissSupersampleCount:4]]
[2020.06.19-00.32.08:724][  0]LogConfig: Setting CVar [[r.LightMaxDrawDistanceScale:1]]
[2020.06.19-00.32.08:724][  0]LogConfig: Setting CVar [[r.CapsuleShadows:1]]
[2020.06.19-00.32.08:724][  0]LogConfig: Applying CVar settings from Section [PostProcessQuality@3] File [C:/Users/TheK-B1000/Desktop/The K-B Folder/United Planets of Galaxies/RPG/UnitedPlanets/Saved/Config/Windows/Scalability.ini]
[2020.06.19-00.32.08:724][  0]LogConfig: Setting CVar [[r.MotionBlurQuality:4]]
[2020.06.19-00.32.08:724][  0]LogConfig: Setting CVar [[r.AmbientOcclusionMipLevelFactor:0.4]]
[2020.06.19-00.32.08:724][  0]LogConfig: Setting CVar [[r.AmbientOcclusionMaxQuality:100]]
[2020.06.19-00.32.08:724][  0]LogConfig: Setting CVar [[r.AmbientOcclusionLevels:-1]]
[2020.06.19-00.32.08:724][  0]LogConfig: Setting CVar [[r.AmbientOcclusionRadiusScale:1.0]]
[2020.06.19-00.32.08:724][  0]LogConfig: Setting CVar [[r.DepthOfFieldQuality:2]]
[2020.06.19-00.32.08:724][  0]LogConfig: Setting CVar [[r.RenderTargetPoolMin:400]]
[2020.06.19-00.32.08:724][  0]LogConfig: Setting CVar [[r.LensFlareQuality:2]]
[2020.06.19-00.32.08:724][  0]LogConfig: Setting CVar [[r.SceneColorFringeQuality:1]]
[2020.06.19-00.32.08:724][  0]LogConfig: Setting CVar [[r.EyeAdaptationQuality:2]]
[2020.06.19-00.32.08:724][  0]LogConfig: Setting CVar [[r.BloomQuality:5]]
[2020.06.19-00.32.08:724][  0]LogConfig: Setting CVar [[r.FastBlurThreshold:100]]
[2020.06.19-00.32.08:724][  0]LogConfig: Setting CVar [[r.Upscale.Quality:3]]
[2020.06.19-00.32.08:724][  0]LogConfig: Setting CVar [[r.Tonemapper.GrainQuantization:1]]
[2020.06.19-00.32.08:724][  0]LogConfig: Setting CVar [[r.LightShaftQuality:1]]
[2020.06.19-00.32.08:724][  0]LogConfig: Setting CVar [[r.Filter.SizeScale:1]]
[2020.06.19-00.32.08:724][  0]LogConfig: Setting CVar [[r.Tonemapper.Quality:5]]
[2020.06.19-00.32.08:724][  0]LogConfig: Setting CVar [[r.DOF.Gather.AccumulatorQuality:1        ; higher gathering accumulator quality]]
[2020.06.19-00.32.08:724][  0]LogConfig: Setting CVar [[r.DOF.Gather.PostfilterMethod:1          ; Median3x3 postfilering method]]
[2020.06.19-00.32.08:724][  0]LogConfig: Setting CVar [[r.DOF.Gather.EnableBokehSettings:0       ; no bokeh simulation when gathering]]
[2020.06.19-00.32.08:724][  0]LogConfig: Setting CVar [[r.DOF.Gather.RingCount:4                 ; medium number of samples when gathering]]
[2020.06.19-00.32.08:725][  0]LogConfig: Setting CVar [[r.DOF.Scatter.ForegroundCompositing:1    ; additive foreground scattering]]
[2020.06.19-00.32.08:725][  0]LogConfig: Setting CVar [[r.DOF.Scatter.BackgroundCompositing:2    ; additive background scattering]]
[2020.06.19-00.32.08:725][  0]LogConfig: Setting CVar [[r.DOF.Scatter.EnableBokehSettings:1      ; bokeh simulation when scattering]]
[2020.06.19-00.32.08:725][  0]LogConfig: Setting CVar [[r.DOF.Scatter.MaxSpriteRatio:0.1         ; only a maximum of 10% of scattered bokeh]]
[2020.06.19-00.32.08:725][  0]LogConfig: Setting CVar [[r.DOF.Recombine.Quality:1                ; cheap slight out of focus]]
[2020.06.19-00.32.08:725][  0]LogConfig: Setting CVar [[r.DOF.Recombine.EnableBokehSettings:0    ; no bokeh simulation on slight out of focus]]
[2020.06.19-00.32.08:725][  0]LogConfig: Setting CVar [[r.DOF.TemporalAAQuality:1                ; more stable temporal accumulation]]
[2020.06.19-00.32.08:725][  0]LogConfig: Setting CVar [[r.DOF.Kernel.MaxForegroundRadius:0.025]]
[2020.06.19-00.32.08:725][  0]LogConfig: Setting CVar [[r.DOF.Kernel.MaxBackgroundRadius:0.025]]
[2020.06.19-00.32.08:725][  0]LogConfig: Applying CVar settings from Section [TextureQuality@3] File [C:/Users/TheK-B1000/Desktop/The K-B Folder/United Planets of Galaxies/RPG/UnitedPlanets/Saved/Config/Windows/Scalability.ini]
[2020.06.19-00.32.08:725][  0]LogConfig: Setting CVar [[r.Streaming.MipBias:0]]
[2020.06.19-00.32.08:725][  0]LogConfig: Setting CVar [[r.Streaming.AmortizeCPUToGPUCopy:0]]
[2020.06.19-00.32.08:725][  0]LogConfig: Setting CVar [[r.Streaming.MaxNumTexturesToStreamPerFrame:0]]
[2020.06.19-00.32.08:725][  0]LogConfig: Setting CVar [[r.Streaming.Boost:1]]
[2020.06.19-00.32.08:725][  0]LogConfig: Setting CVar [[r.MaxAnisotropy:8]]
[2020.06.19-00.32.08:725][  0]LogConfig: Setting CVar [[r.VT.MaxAnisotropy:8]]
[2020.06.19-00.32.08:725][  0]LogConfig: Setting CVar [[r.Streaming.LimitPoolSizeToVRAM:0]]
[2020.06.19-00.32.08:725][  0]LogConfig: Setting CVar [[r.Streaming.PoolSize:1000]]
[2020.06.19-00.32.08:725][  0]LogConfig: Setting CVar [[r.Streaming.MaxEffectiveScreenSize:0]]
[2020.06.19-00.32.08:725][  0]LogConfig: Applying CVar settings from Section [EffectsQuality@3] File [C:/Users/TheK-B1000/Desktop/The K-B Folder/United Planets of Galaxies/RPG/UnitedPlanets/Saved/Config/Windows/Scalability.ini]
[2020.06.19-00.32.08:725][  0]LogConfig: Setting CVar [[r.TranslucencyLightingVolumeDim:64]]
[2020.06.19-00.32.08:725][  0]LogConfig: Setting CVar [[r.RefractionQuality:2]]
[2020.06.19-00.32.08:725][  0]LogConfig: Setting CVar [[r.SSR.Quality:3]]
[2020.06.19-00.32.08:725][  0]LogConfig: Setting CVar [[r.SSR.HalfResSceneColor:0]]
[2020.06.19-00.32.08:725][  0]LogConfig: Setting CVar [[r.SceneColorFormat:4]]
[2020.06.19-00.32.08:725][  0]LogConfig: Setting CVar [[r.DetailMode:2]]
[2020.06.19-00.32.08:725][  0]LogConfig: Setting CVar [[r.TranslucencyVolumeBlur:1]]
[2020.06.19-00.32.08:725][  0]LogConfig: Setting CVar [[r.MaterialQualityLevel:1 ; High quality]]
[2020.06.19-00.32.08:725][  0]LogConfig: Setting CVar [[r.SSS.Scale:1]]
[2020.06.19-00.32.08:725][  0]LogConfig: Setting CVar [[r.SSS.SampleSet:2]]
[2020.06.19-00.32.08:725][  0]LogConfig: Setting CVar [[r.SSS.Quality:1]]
[2020.06.19-00.32.08:725][  0]LogConfig: Setting CVar [[r.SSS.HalfRes:0]]
[2020.06.19-00.32.08:725][  0]LogConfig: Setting CVar [[r.SSGI.Quality:3]]
[2020.06.19-00.32.08:725][  0]LogConfig: Setting CVar [[r.EmitterSpawnRateScale:1.0]]
[2020.06.19-00.32.08:725][  0]LogConfig: Setting CVar [[r.ParticleLightQuality:2]]
[2020.06.19-00.32.08:725][  0]LogConfig: Setting CVar [[r.SkyAtmosphere.AerialPerspectiveLUT.FastApplyOnOpaque:1 ; Always have FastSkyLUT 1 in this case to avoid wrong sky]]
[2020.06.19-00.32.08:725][  0]LogConfig: Setting CVar [[r.SkyAtmosphere.AerialPerspectiveLUT.SampleCountPerSlice:1]]
[2020.06.19-00.32.08:725][  0]LogConfig: Setting CVar [[r.SkyAtmosphere.AerialPerspectiveLUT.DepthResolution:16.0]]
[2020.06.19-00.32.08:725][  0]LogConfig: Setting CVar [[r.SkyAtmosphere.FastSkyLUT:1]]
[2020.06.19-00.32.08:725][  0]LogConfig: Setting CVar [[r.SkyAtmosphere.FastSkyLUT.SampleCountMin:4.0]]
[2020.06.19-00.32.08:726][  0]LogConfig: Setting CVar [[r.SkyAtmosphere.FastSkyLUT.SampleCountMax:32.0]]
[2020.06.19-00.32.08:726][  0]LogConfig: Setting CVar [[r.SkyAtmosphere.SampleCountMin:4.0]]
[2020.06.19-00.32.08:726][  0]LogConfig: Setting CVar [[r.SkyAtmosphere.SampleCountMax:32.0]]
[2020.06.19-00.32.08:726][  0]LogConfig: Setting CVar [[r.SkyAtmosphere.TransmittanceLUT.UseSmallFormat:0]]
[2020.06.19-00.32.08:726][  0]LogConfig: Setting CVar [[r.SkyAtmosphere.TransmittanceLUT.SampleCount:10.0]]
[2020.06.19-00.32.08:726][  0]LogConfig: Setting CVar [[r.SkyAtmosphere.MultiScatteringLUT.SampleCount:15.0]]
[2020.06.19-00.32.08:726][  0]LogConfig: Applying CVar settings from Section [FoliageQuality@3] File [C:/Users/TheK-B1000/Desktop/The K-B Folder/United Planets of Galaxies/RPG/UnitedPlanets/Saved/Config/Windows/Scalability.ini]
[2020.06.19-00.32.08:726][  0]LogConfig: Setting CVar [[foliage.DensityScale:1.0]]
[2020.06.19-00.32.08:726][  0]LogConfig: Setting CVar [[grass.DensityScale:1.0]]
[2020.06.19-00.32.08:726][  0]LogConfig: Applying CVar settings from Section [ShadingQuality@3] File [C:/Users/TheK-B1000/Desktop/The K-B Folder/United Planets of Galaxies/RPG/UnitedPlanets/Saved/Config/Windows/Scalability.ini]
[2020.06.19-00.32.08:726][  0]LogConfig: Setting CVar [[r.HairStrands.SkyLighting.SampleCount:16]]
[2020.06.19-00.32.08:726][  0]LogConfig: Setting CVar [[r.HairStrands.SkyLighting.JitterIntegration:0]]
[2020.06.19-00.32.08:726][  0]LogConfig: Setting CVar [[r.HairStrands.SkyAO.SampleCount:16]]
[2020.06.19-00.32.08:726][  0]LogConfig: Setting CVar [[r.HairStrands.DeepShadow.SuperSampling:0]]
[2020.06.19-00.32.08:726][  0]LogConfig: Setting CVar [[r.HairStrands.VisibilityPPLL:0]]
[2020.06.19-00.32.08:726][  0]LogConfig: Setting CVar [[r.HairStrands.RasterizationScale:0.5]]
[2020.06.19-00.32.08:726][  0]LogConfig: Setting CVar [[r.HairStrands.VelocityRasterizationScale:1]]
[2020.06.19-00.32.08:726][  0]LogConfig: Applying CVar settings from Section [Startup] File [../../../Engine/Config/ConsoleVariables.ini]
[2020.06.19-00.32.08:727][  0]LogConfig: Setting CVar [[net.UseAdaptiveNetUpdateFrequency:0]]
[2020.06.19-00.32.08:727][  0]LogConfig: Setting CVar [[p.chaos.AllowCreatePhysxBodies:1]]
[2020.06.19-00.32.08:727][  0]LogConfig: Setting CVar [[fx.SkipVectorVMBackendOptimizations:1]]
[2020.06.19-00.32.08:727][  0]LogConfig: Applying CVar settings from Section [ConsoleVariables] File [C:/Users/TheK-B1000/Desktop/The K-B Folder/United Planets of Galaxies/RPG/UnitedPlanets/Saved/Config/Windows/Engine.ini]
[2020.06.19-00.32.08:727][  0]LogInit: Computer: LAPTOP-7TARG8CR
[2020.06.19-00.32.08:727][  0]LogInit: User: TheKB1000
[2020.06.19-00.32.08:727][  0]LogInit: CPU Page size=4096, Cores=4
[2020.06.19-00.32.08:727][  0]LogInit: High frequency timer resolution =10.000000 MHz
[2020.06.19-00.32.08:727][  0]LogMemory: Memory total: Physical=7.9GB (8GB approx)
[2020.06.19-00.32.08:727][  0]LogMemory: Platform Memory Stats for Windows
[2020.06.19-00.32.08:727][  0]LogMemory: Process Physical Memory: 114.82 MB used, 114.82 MB peak
[2020.06.19-00.32.08:727][  0]LogMemory: Process Virtual Memory: 103.70 MB used, 103.70 MB peak
[2020.06.19-00.32.08:727][  0]LogMemory: Physical Memory: 6781.46 MB used,  1288.76 MB free, 8070.22 MB total
[2020.06.19-00.32.08:727][  0]LogMemory: Virtual Memory: 5136.00 MB used,  134212592.00 MB free, 134217728.00 MB total
[2020.06.19-00.32.08:742][  0]LogWindows: WindowsPlatformFeatures enabled
[2020.06.19-00.32.08:920][  0]LogInit: Physics initialised using underlying interface: PhysX
[2020.06.19-00.32.08:921][  0]LogInit: Using OS detected language (en-US).
[2020.06.19-00.32.08:921][  0]LogInit: Using OS detected locale (en-US).
[2020.06.19-00.32.08:979][  0]LogTextLocalizationManager: No specific localization for 'en-US' exists, so the 'en' localization will be used.
[2020.06.19-00.32.09:546][  0]LogInit: Setting process to per monitor DPI aware
[2020.06.19-00.32.09:629][  0]LogSlate: New Slate User Created.  User Index 0, Is Virtual User: 0
[2020.06.19-00.32.09:629][  0]LogSlate: Slate User Registered.  User Index 0, Is Virtual User: 0
[2020.06.19-00.32.10:221][  0]LogHMD: Failed to initialize OpenVR with code 110
[2020.06.19-00.32.10:221][  0]LogD3D11RHI: D3D11 min allowed feature level: 11_0
[2020.06.19-00.32.10:221][  0]LogD3D11RHI: D3D11 max allowed feature level: 11_0
[2020.06.19-00.32.10:221][  0]LogD3D11RHI: D3D11 adapters:
[2020.06.19-00.32.10:386][  0]LogD3D11RHI:    0. 'NVIDIA GeForce GTX 960M' (Feature Level 11_0)
[2020.06.19-00.32.10:386][  0]LogD3D11RHI:       4055/0/4035 MB DedicatedVideo/DedicatedSystem/SharedSystem, Outputs:1, VendorId:0x10de
[2020.06.19-00.32.10:412][  0]LogD3D11RHI:    1. 'Intel(R) HD Graphics 530' (Feature Level 11_0)
[2020.06.19-00.32.10:412][  0]LogD3D11RHI:       128/0/4035 MB DedicatedVideo/DedicatedSystem/SharedSystem, Outputs:0, VendorId:0x8086
[2020.06.19-00.32.10:423][  0]LogD3D11RHI:    2. 'Microsoft Basic Render Driver' (Feature Level 11_0)
[2020.06.19-00.32.10:423][  0]LogD3D11RHI:       0/0/4035 MB DedicatedVideo/DedicatedSystem/SharedSystem, Outputs:0, VendorId:0x1414
[2020.06.19-00.32.10:423][  0]LogD3D11RHI: Chosen D3D11 Adapter: 0
[2020.06.19-00.32.10:524][  0]LogD3D11RHI: Creating new Direct3DDevice
[2020.06.19-00.32.10:524][  0]LogD3D11RHI:     GPU DeviceId: 0x139b (for the marketing name, search the web for "GPU Device Id")
[2020.06.19-00.32.10:524][  0]LogWindows: EnumDisplayDevices:
[2020.06.19-00.32.10:524][  0]LogWindows:    0. 'Intel(R) HD Graphics 530' (P:1 D:1)
[2020.06.19-00.32.10:525][  0]LogWindows:    1. 'Intel(R) HD Graphics 530' (P:0 D:0)
[2020.06.19-00.32.10:526][  0]LogWindows:    2. 'Intel(R) HD Graphics 530' (P:0 D:0)
[2020.06.19-00.32.10:526][  0]LogWindows: DebugString: PrimaryIsNotTheChoosenAdapter PrimaryIsNotTheChoosenAdapter PrimaryIsNotTheChoosenAdapter FoundDriverCount:0 
[2020.06.19-00.32.10:526][  0]LogD3D11RHI:     Adapter Name: NVIDIA GeForce GTX 960M
[2020.06.19-00.32.10:526][  0]LogD3D11RHI:   Driver Version: Unknown (internal:Unknown, unified:Unknown)
[2020.06.19-00.32.10:526][  0]LogD3D11RHI:      Driver Date: Unknown
[2020.06.19-00.32.10:526][  0]LogRHI: Texture pool is 2839 MB (70% of 4055 MB)
[2020.06.19-00.32.10:595][  0]LogD3D11RHI: RHI has support for 64 bit atomics
[2020.06.19-00.32.10:605][  0]LogD3D11RHI: [Aftermath] Enabled and primed
[2020.06.19-00.32.10:605][  0]LogD3D11RHI: Async texture creation enabled
[2020.06.19-00.32.10:634][  0]LogD3D11RHI: GPU Timing Frequency: 1000.000000 (Debug: 2 2)
[2020.06.19-00.32.11:418][  0]LogTargetPlatformManager: Display: Loaded TargetPlatform 'AllDesktop'
[2020.06.19-00.32.11:472][  0]LogTargetPlatformManager: Display: Loaded TargetPlatform 'Android'
[2020.06.19-00.32.11:472][  0]LogTargetPlatformManager: Display: Loaded TargetPlatform 'Android_ASTC'
[2020.06.19-00.32.11:472][  0]LogTargetPlatformManager: Display: Loaded TargetPlatform 'Android_DXT'
[2020.06.19-00.32.11:472][  0]LogTargetPlatformManager: Display: Loaded TargetPlatform 'Android_ETC2'
[2020.06.19-00.32.11:472][  0]LogTargetPlatformManager: Display: Loaded TargetPlatform 'AndroidClient'
[2020.06.19-00.32.11:472][  0]LogTargetPlatformManager: Display: Loaded TargetPlatform 'Android_ASTCClient'
[2020.06.19-00.32.11:472][  0]LogTargetPlatformManager: Display: Loaded TargetPlatform 'Android_DXTClient'
[2020.06.19-00.32.11:472][  0]LogTargetPlatformManager: Display: Loaded TargetPlatform 'Android_ETC2Client'
[2020.06.19-00.32.11:472][  0]LogTargetPlatformManager: Display: Loaded TargetPlatform 'Android_Multi'
[2020.06.19-00.32.11:473][  0]LogTargetPlatformManager: Display: Loaded TargetPlatform 'Android_MultiClient'
[2020.06.19-00.32.11:529][  0]LogTargetPlatformManager: Display: Loaded TargetPlatform 'IOSClient'
[2020.06.19-00.32.11:529][  0]LogTargetPlatformManager: Display: Loaded TargetPlatform 'IOS'
[2020.06.19-00.32.11:554][  0]LogTargetPlatformManager: Display: Loaded TargetPlatform 'Linux'
[2020.06.19-00.32.11:575][  0]LogTargetPlatformManager: Display: Loaded TargetPlatform 'LinuxNoEditor'
[2020.06.19-00.32.11:595][  0]LogTargetPlatformManager: Display: Loaded TargetPlatform 'LinuxClient'
[2020.06.19-00.32.11:619][  0]LogTargetPlatformManager: Display: Loaded TargetPlatform 'LinuxServer'
[2020.06.19-00.32.11:637][  0]LogTargetPlatformManager: Display: Loaded TargetPlatform 'LinuxAArch64NoEditor'
[2020.06.19-00.32.11:655][  0]LogTargetPlatformManager: Display: Loaded TargetPlatform 'LinuxAArch64Client'
[2020.06.19-00.32.11:673][  0]LogTargetPlatformManager: Display: Loaded TargetPlatform 'LinuxAArch64Server'
[2020.06.19-00.32.11:735][  0]LogTargetPlatformManager: Display: Loaded TargetPlatform 'Lumin'
[2020.06.19-00.32.11:735][  0]LogTargetPlatformManager: Display: Loaded TargetPlatform 'LuminClient'
[2020.06.19-00.32.11:769][  0]LogTargetPlatformManager: Display: Loaded TargetPlatform 'TVOSClient'
[2020.06.19-00.32.11:769][  0]LogTargetPlatformManager: Display: Loaded TargetPlatform 'TVOS'
[2020.06.19-00.32.11:792][  0]LogTargetPlatformManager: Display: Loaded TargetPlatform 'WindowsNoEditor'
[2020.06.19-00.32.11:821][  0]LogTargetPlatformManager: Display: Loaded TargetPlatform 'Windows'
[2020.06.19-00.32.11:839][  0]LogTargetPlatformManager: Display: Loaded TargetPlatform 'WindowsClient'
[2020.06.19-00.32.11:857][  0]LogTargetPlatformManager: Display: Loaded TargetPlatform 'WindowsServer'
[2020.06.19-00.32.11:857][  0]LogTargetPlatformManager: Display: Building Assets For Windows
[2020.06.19-00.32.11:898][  0]LogAudioDebug: Display: Lib vorbis DLL was dynamically loaded.
[2020.06.19-00.32.12:112][  0]LogShaderCompilers: Guid format shader working directory is -51 characters bigger than the processId version (../../../../../../Users/TheK-B1000/Desktop/The K-B Folder/United Planets of Galaxies/RPG/UnitedPlanets/Intermediate/Shaders/WorkingDirectory/8208/).
[2020.06.19-00.32.12:112][  0]LogShaderCompilers: Cleaned the shader compiler working directory 'C:/Users/TheK-B1000/AppData/Local/Temp/UnrealShaderWorkingDir/7CD48ED9482D228377622697BD37B2E3/'.
[2020.06.19-00.32.12:115][  0]LogXGEController: Cannot use XGE Controller as Incredibuild is not installed on this machine.
[2020.06.19-00.32.12:115][  0]LogShaderCompilers: Cannot use XGE Shader Compiler as Incredibuild is not installed on this machine.
[2020.06.19-00.32.12:115][  0]LogShaderCompilers: Display: Using Local Shader Compiler.
[2020.06.19-00.32.13:869][  0]LogDerivedDataCache: Display: Max Cache Size: 512 MB
[2020.06.19-00.32.14:623][  0]LogDerivedDataCache: Loaded boot cache 0.75s 108MB C:/Users/TheK-B1000/AppData/Local/UnrealEngine/4.25/DerivedDataCache/Boot.ddc.
[2020.06.19-00.32.14:624][  0]LogDerivedDataCache: Display: Loaded Boot cache: C:/Users/TheK-B1000/AppData/Local/UnrealEngine/4.25/DerivedDataCache/Boot.ddc
[2020.06.19-00.32.14:624][  0]LogDerivedDataCache: FDerivedDataBackendGraph:  Pak pak cache file ../../../../../../Users/TheK-B1000/Desktop/The K-B Folder/United Planets of Galaxies/RPG/UnitedPlanets/DerivedDataCache/DDC.ddp not found, will not use a pak cache.
[2020.06.19-00.32.14:624][  0]LogDerivedDataCache: Unable to find inner node Pak for hierarchical cache Hierarchy.
[2020.06.19-00.32.14:624][  0]LogDerivedDataCache: FDerivedDataBackendGraph:  CompressedPak pak cache file ../../../../../../Users/TheK-B1000/Desktop/The K-B Folder/United Planets of Galaxies/RPG/UnitedPlanets/DerivedDataCache/Compressed.ddp not found, will not use a pak cache.
[2020.06.19-00.32.14:624][  0]LogDerivedDataCache: Unable to find inner node CompressedPak for hierarchical cache Hierarchy.
[2020.06.19-00.32.14:649][  0]LogDerivedDataCache: Display: Pak cache opened for reading ../../../Engine/DerivedDataCache/Compressed.ddp.
[2020.06.19-00.32.14:649][  0]LogDerivedDataCache: FDerivedDataBackendGraph:  EnterprisePak pak cache file ../../../Enterprise/DerivedDataCache/Compressed.ddp not found, will not use a pak cache.
[2020.06.19-00.32.14:649][  0]LogDerivedDataCache: Unable to find inner node EnterprisePak for hierarchical cache Hierarchy.
[2020.06.19-00.32.14:651][  0]LogDerivedDataCache: Using Local data cache path C:/Users/TheK-B1000/AppData/Local/UnrealEngine/Common/DerivedDataCache: Writable
[2020.06.19-00.32.14:651][  0]LogDerivedDataCache: Shared data cache path not found in *engine.ini, will not use an Shared cache.
[2020.06.19-00.32.14:651][  0]LogDerivedDataCache: Unable to find inner node Shared for hierarchical cache Hierarchy.
[2020.06.19-00.32.14:760][  0]LogSlate: Using FreeType 2.10.0
[2020.06.19-00.32.14:763][  0]LogSlate: SlateFontServices - WITH_FREETYPE: 1, WITH_HARFBUZZ: 1
[2020.06.19-00.32.14:836][  0]LogAssetRegistry: FAssetRegistry took 0.0096 seconds to start up
[2020.06.19-00.32.15:309][  0]LogInit: Selected Device Profile: [Windows]
[2020.06.19-00.32.15:652][  0]LogMeshReduction: Using QuadricMeshReduction for automatic static mesh reduction
[2020.06.19-00.32.15:652][  0]LogMeshReduction: Using SimplygonMeshReduction for automatic skeletal mesh reduction
[2020.06.19-00.32.15:652][  0]LogMeshReduction: Using ProxyLODMeshReduction for automatic mesh merging
[2020.06.19-00.32.15:652][  0]LogMeshReduction: No distributed automatic mesh merging module available
[2020.06.19-00.32.15:652][  0]LogMeshMerging: No distributed automatic mesh merging module available
[2020.06.19-00.32.15:699][  0]LogNetVersion: UnitedPlanets 1.0.0, NetCL: 13144385, EngineNetVer: 14, GameNetVer: 0 (Checksum: 201480592)
[2020.06.19-00.32.17:036][  0]LogAISub: UAISubsystem::UAISubsystem AISubsystem (000001AECC7CD840), frame # 0
[2020.06.19-00.32.17:036][  0]LogAISub: UAISubsystem::UAISubsystem AIPerceptionSystem (000001AECC6E6D40), frame # 0
[2020.06.19-00.32.17:038][  0]LogAISub: UAISubsystem::UAISubsystem EnvQueryManager (000001AECC84E200), frame # 0
[2020.06.19-00.32.17:137][  0]LogPackageLocalizationCache: Processed 19 localized package path(s) for 1 prioritized culture(s) in 0.087952 seconds
[2020.06.19-00.32.17:149][  0]LogUObjectArray: 15917 objects as part of root set at end of initial load.
[2020.06.19-00.32.17:149][  0]LogUObjectAllocator: 3965568 out of 0 bytes used by permanent object pool.
[2020.06.19-00.32.17:149][  0]LogUObjectArray: CloseDisregardForGC: 0/0 objects in disregard for GC pool
[2020.06.19-00.32.18:432][  0]LogTcpMessaging: Initializing TcpMessaging bridge
[2020.06.19-00.32.18:450][  0]LogUdpMessaging: Initializing bridge on interface 0.0.0.0:0 to multicast group 230.0.0.1:6666.
[2020.06.19-00.32.19:117][  0]SourceControl: Source control is disabled
[2020.06.19-00.32.19:117][  0]SourceControl: Source control is disabled
[2020.06.19-00.32.20:197][  0]LogAndroidPermission: UAndroidPermissionCallbackProxy::GetInstance
[2020.06.19-00.32.20:269][  0]LogAudioCaptureCore: Display: No Audio Capture implementations found. Audio input will be silent.
[2020.06.19-00.32.20:269][  0]LogAudioCaptureCore: Display: No Audio Capture implementations found. Audio input will be silent.
[2020.06.19-00.32.20:412][  0]LogOcInput: OculusInput pre-init called
[2020.06.19-00.32.20:443][  0]LogWindows: Failed to load 'OVRPlugin.dll' (GetLastError=126)
[2020.06.19-00.32.20:444][  0]LogWindows: File 'OVRPlugin.dll' does not exist
[2020.06.19-00.32.20:604][  0]LogEngine: Initializing Engine...
[2020.06.19-00.32.20:605][  0]LogHMD: Failed to initialize OpenVR with code 110
[2020.06.19-00.32.20:605][  0]LogMagicLeap: Warning: VR disabled because ZI is not enabled.  To enable, in the editor, Edit -> Project Settings -> Plugins -> Magic Leap Plugin -> Enable Zero Iteration
[2020.06.19-00.32.20:606][  0]LogStats: UGameplayTagsManager::InitializeManager -  0.000 s
[2020.06.19-00.32.20:923][  0]LogInit: Initializing FReadOnlyCVARCache
[2020.06.19-00.32.20:956][  0]LogAIModule: Creating AISystem for world Untitled
[2020.06.19-00.32.20:956][  0]LogAISub: UAISubsystem::UAISubsystem EnvQueryManager (000001AED2B3FC00), frame # 0
[2020.06.19-00.32.20:956][  0]LogAISub: UAISubsystem::UAISubsystem AIPerceptionSystem (000001AED2B9A0C0), frame # 0
[2020.06.19-00.32.21:022][  0]LogAudioMixer: Display: Audio Mixer Platform Settings:
[2020.06.19-00.32.21:022][  0]LogAudioMixer: Display: 	Sample Rate:						  48000
[2020.06.19-00.32.21:022][  0]LogAudioMixer: Display: 	Callback Buffer Frame Size Requested: 1024
[2020.06.19-00.32.21:022][  0]LogAudioMixer: Display: 	Callback Buffer Frame Size To Use:	  1024
[2020.06.19-00.32.21:022][  0]LogAudioMixer: Display: 	Number of buffers to queue:			  2
[2020.06.19-00.32.21:022][  0]LogAudioMixer: Display: 	Max Channels (voices):				  32
[2020.06.19-00.32.21:022][  0]LogAudioMixer: Display: 	Number of Async Source Workers:		  0
[2020.06.19-00.32.21:022][  0]LogAudio: Display: AudioDevice MaxSources: 32
[2020.06.19-00.32.21:022][  0]LogAudio: Display: Using built-in audio occlusion.
[2020.06.19-00.32.21:022][  0]LogAudioMixer: Display: Initializing audio mixer.
[2020.06.19-00.32.21:096][  0]LogAudioMixer: Display: 0: FrontLeft
[2020.06.19-00.32.21:097][  0]LogAudioMixer: Display: 1: FrontRight
[2020.06.19-00.32.21:255][  0]LogAudioMixer: Display: Using Audio Device Speakers (Yeti Stereo Microphone)
[2020.06.19-00.32.21:266][  0]LogAudioMixer: Display: Initializing Sound Submixes...
[2020.06.19-00.32.21:270][  0]LogAudioMixer: Display: Creating Master Submix 'MasterSubmixDefault'
[2020.06.19-00.32.21:270][  0]LogAudioMixer: Display: Creating Master Submix 'MasterReverbSubmixDefault'
[2020.06.19-00.32.21:273][  0]LogAudioMixer: Display: Creating Master Submix 'MasterEQSubmixDefault'
[2020.06.19-00.32.21:281][  0]LogInit: FAudioDevice initialized.
[2020.06.19-00.32.21:282][  0]LogNetVersion: Set ProjectVersion to 1.0.0.0. Version Checksum will be recalculated on next use.
[2020.06.19-00.32.21:593][  0]LogDerivedDataCache: Saved boot cache 0.31s 108MB C:/Users/TheK-B1000/AppData/Local/UnrealEngine/4.25/DerivedDataCache/Boot.ddc.
[2020.06.19-00.32.21:596][  0]LogInit: Texture streaming: Enabled
[2020.06.19-00.32.21:664][  0]LogEngineSessionManager: EngineSessionManager initialized
[2020.06.19-00.32.21:664][  0]LogEngineSessionManager: EngineSessionManager sent abnormal shutdown report. Type=Crashed, SessionId={886D5A20-434D-DD8C-667F-3C83AB05E188}
[2020.06.19-00.32.21:664][  0]LogEditorSessionSummary: Verbose: Initializing EditorSessionSummaryWriter for editor session tracking
[2020.06.19-00.32.21:672][  0]LogEditorSessionSummary: EditorSessionSummaryWriter initialized
[2020.06.19-00.32.21:776][  0]LogInit: Transaction tracking system initialized
[2020.06.19-00.32.21:868][  0]BlueprintLog: New page: Editor Load
[2020.06.19-00.32.22:195][  0]LocalizationService: Localization service is disabled
[2020.06.19-00.32.22:612][  0]DDCNotifications: Shared DDC not detected, performance notification enabled
[2020.06.19-00.32.22:771][  0]LogCook: Display: Max memory allowance for cook 16384mb min free memory 0mb
[2020.06.19-00.32.22:771][  0]LogCook: Display: Mobile HDR setting 1
[2020.06.19-00.32.23:588][  0]LogFileCache: Scanning file cache for directory 'C:/Users/TheK-B1000/Desktop/The K-B Folder/United Planets of Galaxies/RPG/UnitedPlanets/Content/' took 0.06s
[2020.06.19-00.32.24:250][  0]LogUnrealEdMisc: Loading editor; pre map load, took 22.788
[2020.06.19-00.32.24:250][  0]Cmd: MAP LOAD FILE="../../../../../../Users/TheK-B1000/Desktop/The K-B Folder/United Planets of Galaxies/RPG/UnitedPlanets/Content/Maps/Arena.umap" TEMPLATE=0 SHOWPROGRESS=1 FEATURELEVEL=3
[2020.06.19-00.32.24:252][  0]LightingResults: New page: Lighting Build
[2020.06.19-00.32.24:254][  0]LogWorld: UWorld::CleanupWorld for Untitled, bSessionEnded=true, bCleanupResources=true
[2020.06.19-00.32.24:254][  0]LogSlate: InvalidateAllWidgets triggered.  All widgets were invalidated
[2020.06.19-00.32.24:254][  0]MapCheck: New page: Map Check
[2020.06.19-00.32.24:254][  0]LightingResults: New page: Lighting Build
[2020.06.19-00.32.24:285][  0]LogAISub: UAISubsystem::~UAISubsystem EnvQueryManager (000001AED2B3FC00), frame # 0
[2020.06.19-00.32.24:285][  0]LogAISub: UAISubsystem::~UAISubsystem AIPerceptionSystem (000001AED2B9A0C0), frame # 0
[2020.06.19-00.32.24:286][  0]LogUObjectHash: Compacting FUObjectHashTables data took   1.09ms
[2020.06.19-00.32.25:569][  0]LogMaterial: Display: Missing cached shader map for material MagGun_SightLens_Mat, compiling. 
[2020.06.19-00.32.25:572][  0]LogMaterial: Warning: C:\Users\TheK-B1000\Desktop\The K-B Folder\United Planets of Galaxies\RPG\UnitedPlanets\Content\AssetPacks\ShooterGame\Weapons\Materials\MagGun_SightLens_Mat.uasset: Failed to compile Material for platform PCD3D_SM5, Default Material will be used in game.
[2020.06.19-00.32.25:572][  0]LogMaterial: Display: 	(Node TextureSample) Texture Sample> Missing input texture
[2020.06.19-00.32.25:580][  0]LogMaterial: Display: Missing cached shader map for material MagGun_MatB, compiling. 
[2020.06.19-00.32.25:599][  0]LogMaterial: Warning: C:\Users\TheK-B1000\Desktop\The K-B Folder\United Planets of Galaxies\RPG\UnitedPlanets\Content\AssetPacks\ShooterGame\Weapons\Materials\MagGun_MatB.uasset: Failed to compile Material for platform PCD3D_SM5, Default Material will be used in game.
[2020.06.19-00.32.25:599][  0]LogMaterial: Display: 	Function ML_Metal_Copper: (Node TextureSample) BaseColor in RGB Roughness in Alpha> Missing input texture
[2020.06.19-00.32.25:599][  0]LogMaterial: Display: 	Function ML_Metal_Copper: (Node MakeMaterialAttributes) Error on property BaseColor
[2020.06.19-00.32.25:599][  0]LogMaterial: Display: 	Function ML_Metal_Copper: (Node MakeMaterialAttributes) Error on property Roughness
[2020.06.19-00.32.25:794][  0]LogMaterial: Display: Missing cached shader map for material MagGun_MatA, compiling. 
[2020.06.19-00.32.25:802][  0]LogMaterial: Warning: C:\Users\TheK-B1000\Desktop\The K-B Folder\United Planets of Galaxies\RPG\UnitedPlanets\Content\AssetPacks\ShooterGame\Weapons\Materials\MagGun_MatA.uasset: Failed to compile Material for platform PCD3D_SM5, Default Material will be used in game.
[2020.06.19-00.32.25:802][  0]LogMaterial: Display: 	Function ML_Metal_Copper: (Node TextureSample) BaseColor in RGB Roughness in Alpha> Missing input texture
[2020.06.19-00.32.25:802][  0]LogMaterial: Display: 	Function ML_Metal_Copper: (Node MakeMaterialAttributes) Error on property BaseColor
[2020.06.19-00.32.25:802][  0]LogMaterial: Display: 	Function ML_Metal_Copper: (Node MakeMaterialAttributes) Error on property Roughness
[2020.06.19-00.32.25:935][  0]LogAIModule: Creating AISystem for world Arena
[2020.06.19-00.32.25:935][  0]LogAISub: UAISubsystem::UAISubsystem EnvQueryManager (000001AEC1704400), frame # 0
[2020.06.19-00.32.25:935][  0]LogAISub: UAISubsystem::UAISubsystem AIPerceptionSystem (000001AEC2A65A80), frame # 0
[2020.06.19-00.32.25:955][  0]LogEditorServer: Finished looking for orphan Actors (0.000 secs)
[2020.06.19-00.32.25:999][  0]LogUObjectHash: Compacting FUObjectHashTables data took   1.09ms
[2020.06.19-00.32.26:000][  0]Cmd: MAP CHECKDEP NOCLEARLOG
[2020.06.19-00.32.26:000][  0]MapCheck: Map check complete: 0 Error(s), 0 Warning(s), took 0.183ms to complete.
[2020.06.19-00.32.26:000][  0]LogFileHelpers: Loading map 'Arena' took 1.750
[2020.06.19-00.32.26:003][  0]LogUnrealEdMisc: Total Editor Startup Time, took 24.541
[2020.06.19-00.32.27:567][  0]LogSourceControl: Attempting 'p4 client -o UPG'
[2020.06.19-00.32.27:567][  0]LogSlate: Updating window title bar state: overlay mode, drag disabled, window buttons hidden, title bar hidden
[2020.06.19-00.32.27:586][  0]LogSlate: Updating window title bar state: overlay mode, drag disabled, window buttons hidden, title bar hidden
[2020.06.19-00.32.27:601][  0]LogSlate: Updating window title bar state: overlay mode, drag disabled, window buttons hidden, title bar hidden
[2020.06.19-00.32.27:618][  0]LogSlate: Updating window title bar state: overlay mode, drag disabled, window buttons hidden, title bar hidden
[2020.06.19-00.32.27:654][  0]LogCollectionManager: Loaded 0 collections in 0.002825 seconds
[2020.06.19-00.32.27:718][  0]LogFileCache: Scanning file cache for directory 'C:/Users/TheK-B1000/Desktop/The K-B Folder/United Planets of Galaxies/RPG/UnitedPlanets/Saved/Collections/' took 0.00s
[2020.06.19-00.32.27:718][  0]LogFileCache: Scanning file cache for directory 'C:/Users/TheK-B1000/Desktop/The K-B Folder/United Planets of Galaxies/RPG/UnitedPlanets/Content/Developers/TheKB1000/Collections/' took 0.00s
[2020.06.19-00.32.27:718][  0]LogFileCache: Scanning file cache for directory 'C:/Users/TheK-B1000/Desktop/The K-B Folder/United Planets of Galaxies/RPG/UnitedPlanets/Content/Collections/' took 0.00s
[2020.06.19-00.32.27:718][  0]LogContentBrowser: Native class hierarchy populated in 0.0209 seconds. Added 3433 classes and 823 folders.
[2020.06.19-00.32.27:734][  0]LogContentBrowser: Native class hierarchy updated for 'WidgetCarousel' in 0.0005 seconds. Added 0 classes and 0 folders.
[2020.06.19-00.32.28:033][  0]LogContentBrowser: Native class hierarchy updated for 'AddContentDialog' in 0.0005 seconds. Added 0 classes and 0 folders.
[2020.06.19-00.32.28:054][  0]LogContentBrowser: Native class hierarchy updated for 'SceneOutliner' in 0.0007 seconds. Added 2 classes and 0 folders.
[2020.06.19-00.32.28:195][  0]LogSlate: Took 0.001425 seconds to synchronously load lazily loaded font '../../../Engine/Content/Slate/Fonts/Roboto-Regular.ttf' (155K)
[2020.06.19-00.32.28:201][  0]LogSlate: Took 0.001048 seconds to synchronously load lazily loaded font '../../../Engine/Content/Slate/Fonts/Roboto-Bold.ttf' (160K)
[2020.06.19-00.32.28:214][  0]LogSlate: Took 0.001053 seconds to synchronously load lazily loaded font '../../../Engine/Content/Editor/Slate/Fonts/FontAwesome.ttf' (139K)
[2020.06.19-00.32.28:373][  0]LogRenderer: Reallocating scene render targets to support 964x452 Format 10 NumSamples 1 (Frame:1).
[2020.06.19-00.32.28:591][  0]LogSlate: Took 0.001982 seconds to synchronously load lazily loaded font '../../../Engine/Content/Slate/Fonts/Roboto-Light.ttf' (167K)
[2020.06.19-00.32.28:718][  0]LogContentBrowser: Native class hierarchy updated for 'HierarchicalLODOutliner' in 0.0007 seconds. Added 0 classes and 0 folders.
[2020.06.19-00.32.28:719][  0]LogLoad: (Engine Initialization) Total time: 27.26 seconds
[2020.06.19-00.32.28:719][  0]LogLoad: (Engine Initialization) Total Blueprint compile time: 0.00 seconds
[2020.06.19-00.32.29:098][  0]SourceControl: Client UPG
[2020.06.19-00.32.29:098][  0]SourceControl: Update 2020/05/09 09:11:02
[2020.06.19-00.32.29:098][  0]SourceControl: Access 2020/06/18 16:24:09
[2020.06.19-00.32.29:098][  0]SourceControl: Owner TheK-B10000
[2020.06.19-00.32.29:098][  0]SourceControl: Host LAPTOP-7TARG8CR
[2020.06.19-00.32.29:098][  0]SourceControl: Description Created by TheK-B10000.

[2020.06.19-00.32.29:098][  0]SourceControl: Root C:\Users\TheK-B1000\Desktop\The K-B Folder\United Planets of Galaxies\RPG\UnitedPlanets
[2020.06.19-00.32.29:098][  0]SourceControl: Options noallwrite noclobber nocompress unlocked nomodtime normdir
[2020.06.19-00.32.29:098][  0]SourceControl: SubmitOptions submitunchanged
[2020.06.19-00.32.29:098][  0]SourceControl: LineEnd local
[2020.06.19-00.32.29:098][  0]SourceControl: View0 //depot/... //UPG/...
[2020.06.19-00.32.29:098][  0]SourceControl: Type writeable
[2020.06.19-00.32.29:099][  0]SourceControl: Backup enable
[2020.06.19-00.32.29:099][  0]SourceControl: specFormatted 
[2020.06.19-00.32.29:099][  0]SourceControl: func client-FstatInfo
[2020.06.19-00.32.29:102][  0]LogContentStreaming: Texture pool size now 1000 MB
[2020.06.19-00.32.29:167][  1]LogSourceControl: Attempting 'p4 fstat -Or C:/Users/TheK-B1000/Desktop/The K-B Folder/United Planets of Galaxies/RPG/UnitedPlanets/Config/DefaultEngine.ini C:/Users/TheK-B1000/Desktop/The K-B Folder/United Planets of Galaxies/RPG/UnitedPlanets/Content/BP_Rifle.uasset C:/Users/TheK-B1000/Desktop/The K-B Folder/United Planets of Galaxies/RPG/UnitedPlanets/Content/BP_ShooterCharacter.uasset'
[2020.06.19-00.32.29:581][  3]LogAssetRegistry: Asset discovery search completed in 14.7499 seconds
[2020.06.19-00.32.29:598][  3]LogCollectionManager: Fixed up redirectors for 0 collections in 0.000824 seconds (updated 0 objects)
[2020.06.19-00.32.48:671][118]Candidate modules for hot reload:
[2020.06.19-00.32.48:673][118]  UnitedPlanets
[2020.06.19-00.32.48:673][118]Launching UnrealBuildTool... [C:/Program Files/Epic Games/UE_4.25/Engine/Binaries/DotNET/UnrealBuildTool.exe  -ModuleWithSuffix=UnitedPlanets,7918 UnitedPlanetsEditor Win64 Development -Project="C:/Users/TheK-B1000/Desktop/The K-B Folder/United Planets of Galaxies/RPG/UnitedPlanets/UnitedPlanets.uproject" "C:/Users/TheK-B1000/Desktop/The K-B Folder/United Planets of Galaxies/RPG/UnitedPlanets/UnitedPlanets.uproject"  -IgnoreJunk]
[2020.06.19-00.32.48:727][118]Warning: Starting HotReload took  0.2s.
[2020.06.19-00.33.31:346][252]CompilerResultsLog: New page: Compilation - Jun 18, 2020, 10:33:31 AM
[2020.06.19-00.33.31:349][252]CompilerResultsLog: Building UnitedPlanetsEditor...
[2020.06.19-00.33.31:349][252]CompilerResultsLog: Using Visual Studio 2019 14.25.28614 toolchain (C:\Program Files (x86)\Microsoft Visual Studio\2019\Community\VC\Tools\MSVC\14.25.28610) and Windows 10.0.18362.0 SDK (C:\Program Files (x86)\Windows Kits\10).
[2020.06.19-00.33.31:349][252]CompilerResultsLog: Building 4 actions with 4 processes...
[2020.06.19-00.33.31:349][252]CompilerResultsLog:   [1/4] Gun.cpp
[2020.06.19-00.33.31:349][252]CompilerResultsLog:   [2/4] UE4Editor-UnitedPlanets-7918.lib
[2020.06.19-00.33.31:349][252]CompilerResultsLog:      Creating library C:\Users\TheK-B1000\Desktop\The K-B Folder\United Planets of Galaxies\RPG\UnitedPlanets\Intermediate\Build\Win64\UE4Editor\Development\UnitedPlanets\UE4Editor-UnitedPlanets-7918.lib and object C:\Users\TheK-B1000\Desktop\The K-B Folder\United Planets of Galaxies\RPG\UnitedPlanets\Intermediate\Build\Win64\UE4Editor\Development\UnitedPlanets\UE4Editor-UnitedPlanets-7918.exp
[2020.06.19-00.33.31:350][252]CompilerResultsLog:   [3/4] UE4Editor-UnitedPlanets-7918.dll
[2020.06.19-00.33.31:350][252]CompilerResultsLog:      Creating library C:\Users\TheK-B1000\Desktop\The K-B Folder\United Planets of Galaxies\RPG\UnitedPlanets\Intermediate\Build\Win64\UE4Editor\Development\UnitedPlanets\UE4Editor-UnitedPlanets-7918.suppressed.lib and object C:\Users\TheK-B1000\Desktop\The K-B Folder\United Planets of Galaxies\RPG\UnitedPlanets\Intermediate\Build\Win64\UE4Editor\Development\UnitedPlanets\UE4Editor-UnitedPlanets-7918.suppressed.exp
[2020.06.19-00.33.31:350][252]CompilerResultsLog:   [4/4] UnitedPlanetsEditor.target
[2020.06.19-00.33.31:350][252]CompilerResultsLog: Total time in Parallel executor: 38.79 seconds
[2020.06.19-00.33.31:350][252]CompilerResultsLog: Total execution time: 41.98 seconds
[2020.06.19-00.33.31:351][252]LogMainFrame: MainFrame: Module compiling took 42.709 seconds
[2020.06.19-00.33.32:350][252]LogContentBrowser: Native class hierarchy updated for 'UnitedPlanets' in 0.0007 seconds. Added 7 classes and 3 folders.
[2020.06.19-00.33.32:360][252]Display: HotReload successful (1 functions remapped  0 scriptstructs remapped)
[2020.06.19-00.33.32:630][252]LogContentBrowser: Native class hierarchy populated in 0.0187 seconds. Added 3433 classes and 823 folders.
[2020.06.19-00.33.32:632][252]Display: HotReload took 44.1s.
[2020.06.19-00.49.26:549][250]LogTemp: Repeating last play command: Selected Viewport
[2020.06.19-00.49.26:584][250]LogPlayLevel: PlayLevel: No blueprints needed recompiling
[2020.06.19-00.49.26:584][250]PIE: New page: PIE session: Arena (Jun 18, 2020, 10:49:26 AM)
[2020.06.19-00.49.26:601][250]LogOnline: OSS: Creating online subsystem instance for: NULL
[2020.06.19-00.49.26:609][250]LogOnline: OSS: TryLoadSubsystemAndSetDefault: Loaded subsystem for module [NULL]
[2020.06.19-00.49.26:612][250]LogPlayLevel: Creating play world package: /Game/Maps/UEDPIE_0_Arena
[2020.06.19-00.49.26:732][250]LogPlayLevel: PIE: StaticDuplicateObject took: (0.120183s)
[2020.06.19-00.49.26:786][250]LogAIModule: Creating AISystem for world Arena
[2020.06.19-00.49.26:790][250]LogAISub: UAISubsystem::UAISubsystem EnvQueryManager (000001AEEFD78600), frame # 3250
[2020.06.19-00.49.26:794][250]LogAISub: UAISubsystem::UAISubsystem AIPerceptionSystem (000001AE8CFC9440), frame # 3250
[2020.06.19-00.49.26:799][250]LogPlayLevel: PIE: World Init took: (0.067094s)
[2020.06.19-00.49.26:799][250]LogPlayLevel: PIE: Created PIE world by copying editor world from /Game/Maps/Arena.Arena to /Game/Maps/UEDPIE_0_Arena.Arena (0.187920s)
[2020.06.19-00.49.26:828][250]LogUObjectHash: Compacting FUObjectHashTables data took   1.07ms
[2020.06.19-00.49.26:835][250]LogAudioMixer: Display: Audio Mixer Platform Settings:
[2020.06.19-00.49.26:835][250]LogAudioMixer: Display: 	Sample Rate:						  48000
[2020.06.19-00.49.26:835][250]LogAudioMixer: Display: 	Callback Buffer Frame Size Requested: 1024
[2020.06.19-00.49.26:835][250]LogAudioMixer: Display: 	Callback Buffer Frame Size To Use:	  1024
[2020.06.19-00.49.26:835][250]LogAudioMixer: Display: 	Number of buffers to queue:			  2
[2020.06.19-00.49.26:835][250]LogAudioMixer: Display: 	Max Channels (voices):				  32
[2020.06.19-00.49.26:835][250]LogAudioMixer: Display: 	Number of Async Source Workers:		  0
[2020.06.19-00.49.26:835][250]LogAudio: Display: AudioDevice MaxSources: 32
[2020.06.19-00.49.26:837][250]LogAudio: Display: Using built-in audio occlusion.
[2020.06.19-00.49.26:837][250]LogAudioMixer: Display: Initializing audio mixer.
[2020.06.19-00.49.26:850][250]LogAudioMixer: Display: 0: FrontLeft
[2020.06.19-00.49.26:850][250]LogAudioMixer: Display: 1: FrontRight
[2020.06.19-00.49.26:881][250]LogAudioMixer: Display: Using Audio Device Speakers (Yeti Stereo Microphone)
[2020.06.19-00.49.26:882][250]LogAudioMixer: Display: Initializing Sound Submixes...
[2020.06.19-00.49.26:882][250]LogAudioMixer: Display: Creating Master Submix 'MasterSubmixDefault'
[2020.06.19-00.49.26:882][250]LogAudioMixer: Display: Creating Master Submix 'MasterReverbSubmixDefault'
[2020.06.19-00.49.26:882][250]LogAudioMixer: Display: Creating Master Submix 'MasterEQSubmixDefault'
[2020.06.19-00.49.26:905][250]LogInit: FAudioDevice initialized.
[2020.06.19-00.49.26:936][250]LogLoad: Game class is 'BP_UnitedPlanetsGameMode_C'
[2020.06.19-00.49.26:955][250]LogWorld: Bringing World /Game/Maps/UEDPIE_0_Arena.Arena up for play (max tick rate 60) at 2020.06.18-17.49.26
[2020.06.19-00.49.26:976][250]LogWorld: Bringing up level for play took: 0.030087
[2020.06.19-00.49.26:979][250]LogOnline: OSS: Creating online subsystem instance for: :Context_3
[2020.06.19-00.49.27:075][250]LogContentBrowser: Native class hierarchy updated for 'MovieSceneCapture' in 0.0008 seconds. Added 20 classes and 0 folders.
[2020.06.19-00.49.27:087][250]PIE: Server logged in
[2020.06.19-00.49.27:090][250]PIE: Play in editor total start time 0.52 seconds.
[2020.06.19-00.49.27:423][254]LogTemp: Warning: You've been shot!
[2020.06.19-00.49.27:890][277]LogTemp: Warning: You've been shot!
[2020.06.19-00.49.27:891][277]LogTemp: Warning: You Hit Something!
[2020.06.19-00.49.28:088][288]LogTemp: Warning: You've been shot!
[2020.06.19-00.49.28:089][288]LogTemp: Warning: You Hit Something!
[2020.06.19-00.49.28:291][298]LogTemp: Warning: You've been shot!
[2020.06.19-00.49.28:291][298]LogTemp: Warning: You Hit Something!
[2020.06.19-00.49.28:452][307]LogTemp: Warning: You've been shot!
[2020.06.19-00.49.28:452][307]LogTemp: Warning: You Hit Something!
[2020.06.19-00.49.28:622][317]LogTemp: Warning: You've been shot!
[2020.06.19-00.49.28:622][317]LogTemp: Warning: You Hit Something!
[2020.06.19-00.49.28:791][327]LogTemp: Warning: You've been shot!
[2020.06.19-00.49.28:791][327]LogTemp: Warning: You Hit Something!
[2020.06.19-00.49.28:956][337]LogTemp: Warning: You've been shot!
[2020.06.19-00.49.28:956][337]LogTemp: Warning: You Hit Something!
[2020.06.19-00.49.29:157][349]LogTemp: Warning: You've been shot!
[2020.06.19-00.49.29:157][349]LogTemp: Warning: You Hit Something!
[2020.06.19-00.49.29:340][360]LogTemp: Warning: You've been shot!
[2020.06.19-00.49.29:340][360]LogTemp: Warning: You Hit Something!
[2020.06.19-00.49.29:506][370]LogTemp: Warning: You've been shot!
[2020.06.19-00.49.29:507][370]LogTemp: Warning: You Hit Something!
[2020.06.19-00.49.29:690][381]LogTemp: Warning: You've been shot!
[2020.06.19-00.49.29:690][381]LogTemp: Warning: You Hit Something!
[2020.06.19-00.49.29:808][388]LogAudioMixer: Display: No commands were queued while flushing the source manager.
[2020.06.19-00.49.29:814][388]LogAudioMixer: Display: Flush succeeded in the source manager command queue (1).
[2020.06.19-00.49.29:834][388]LogAudioMixer: Display: Flush succeeded the source manager command queue (2).
[2020.06.19-00.49.29:839][388]LogSlate: Updating window title bar state: overlay mode, drag disabled, window buttons hidden, title bar hidden
[2020.06.19-00.49.29:839][388]LogWorld: BeginTearingDown for /Game/Maps/UEDPIE_0_Arena
[2020.06.19-00.49.29:840][388]LogAudioMixer: Display: No commands were queued while flushing the source manager.
[2020.06.19-00.49.29:841][388]LogWorld: UWorld::CleanupWorld for Arena, bSessionEnded=true, bCleanupResources=true
[2020.06.19-00.49.29:843][388]LogSlate: InvalidateAllWidgets triggered.  All widgets were invalidated
[2020.06.19-00.49.29:854][388]LogPlayLevel: Display: Shutting down PIE online subsystems
[2020.06.19-00.49.29:858][388]LogSlate: InvalidateAllWidgets triggered.  All widgets were invalidated
[2020.06.19-00.49.29:879][388]LogAudioMixer: Display: No commands were queued while flushing the source manager.
[2020.06.19-00.49.29:907][388]LogSlate: Updating window title bar state: overlay mode, drag disabled, window buttons hidden, title bar hidden
[2020.06.19-00.49.29:916][388]LogAISub: UAISubsystem::~UAISubsystem EnvQueryManager (000001AEEFD78600), frame # 3388
[2020.06.19-00.49.29:916][388]LogAISub: UAISubsystem::~UAISubsystem AIPerceptionSystem (000001AE8CFC9440), frame # 3388
[2020.06.19-00.49.29:919][388]LogUObjectHash: Compacting FUObjectHashTables data took   1.20ms
[2020.06.19-00.49.29:965][389]LogPlayLevel: Display: Destroying online subsystem :Context_3
[2020.06.19-00.49.30:575][415]LogSourceControl: Attempting 'p4 fstat -Or C:/Users/TheK-B1000/Desktop/The K-B Folder/United Planets of Galaxies/RPG/UnitedPlanets/Content/Maps/Arena.umap'
[2020.06.19-00.49.30:589][415]LogSlate: Took 0.002297 seconds to synchronously load lazily loaded font '../../../Engine/Content/Slate/Fonts/Roboto-Light.ttf' (167K)
[2020.06.19-00.49.30:632][415]LogUObjectHash: Compacting FUObjectHashTables data took   0.65ms
[2020.06.19-00.49.30:715][415]LogSavePackage: Moving '../../../../../../Users/TheK-B1000/Desktop/The K-B Folder/United Planets of Galaxies/RPG/UnitedPlanets/Saved/Arena9376FB244BD7173446074C8B76704A95.tmp' to '../../../../../../Users/TheK-B1000/Desktop/The K-B Folder/United Planets of Galaxies/RPG/UnitedPlanets/Content/Maps/Arena.umap'
[2020.06.19-00.49.30:784][415]AssetCheck: New page: Asset Save: Arena
[2020.06.19-00.49.30:784][415]LogContentValidation: Display: Validating World /Game/Maps/Arena.Arena
[2020.06.19-00.49.32:029][473]LogSourceControl: Attempting 'p4 fstat -Or C:/Program Files/Epic Games/UE_4.25/Engine/Content/... C:/Users/TheK-B1000/Desktop/The K-B Folder/United Planets of Galaxies/RPG/UnitedPlanets/Content/... C:/Program Files/Epic Games/UE_4.25/Engine/Plugins/2D/Paper2D/Content/... C:/Program Files/Epic Games/UE_4.25/Engine/Plugins/Developer/AnimationSharing/Content/... C:/Program Files/Epic Games/UE_4.25/Engine/Plugins/Editor/GeometryMode/Content/... C:/Program Files/Epic Games/UE_4.25/Engine/Plugins/Enterprise/DatasmithContent/Content/... C:/Program Files/Epic Games/UE_4.25/Engine/Plugins/Experimental/ChaosClothEditor/Content/ C:/Program Files/Epic Games/UE_4.25/Engine/Plugins/Experimental/ChaosNiagara/Content/... C:/Program Files/Epic Games/UE_4.25/Engine/Plugins/Experimental/ChaosSolverPlugin/Content/ C:/Program Files/Epic Games/UE_4.25/Engine/Plugins/Experimental/GeometryCollectionPlugin/Content/... C:/Program Files/Epic Games/UE_4.25/Engine/Plugins/Experimental/GeometryProcessing/Content/ C:/Program Files/Epic Games/UE_4.25/Engine/Plugins/FX/Niagara/Content/... C:/Program Files/Epic Games/UE_4.25/Engine/Plugins/Lumin/MagicLeap/Content/ C:/Program Files/Epic Games/UE_4.25/Engine/Plugins/Lumin/MagicLeapPassableWorld/Content/ C:/Program Files/Epic Games/UE_4.25/Engine/Plugins/Media/MediaCompositing/Content/... C:/Program Files/Epic Games/UE_4.25/Engine/Plugins/MovieScene/MovieRenderPipeline/Content/... C:/Program Files/Epic Games/UE_4.25/Engine/Plugins/Runtime/Oculus/OculusVR/Content/... C:/Program Files/Epic Games/UE_4.25/Engine/Plugins/Runtime/PostSplashScreen/Content/ C:/Program Files/Epic Games/UE_4.25/Engine/Plugins/Runtime/Steam/SteamVR/Content/... C:/Users/TheK-B1000/Desktop/The K-B Folder/United Planets of Galaxies/RPG/UnitedPlanets/Config/... C:/Users/TheK-B1000/Desktop/The K-B Folder/United Planets of Galaxies/RPG/UnitedPlanets/UnitedPlanets.uproject'
[2020.06.19-00.49.32:032][473]SourceControl: Path 'C:/Program Files/Epic Games/UE_4.25/Engine/Content/...' is not under client's root 'C:\Users\TheK-B1000\Desktop\The K-B Folder\United Planets of Galaxies\RPG\UnitedPlanets'.

[2020.06.19-00.49.32:032][473]SourceControl: Path 'C:/Program Files/Epic Games/UE_4.25/Engine/Plugins/2D/Paper2D/Content/...' is not under client's root 'C:\Users\TheK-B1000\Desktop\The K-B Folder\United Planets of Galaxies\RPG\UnitedPlanets'.

[2020.06.19-00.49.32:032][473]SourceControl: Path 'C:/Program Files/Epic Games/UE_4.25/Engine/Plugins/Developer/AnimationSharing/Content/...' is not under client's root 'C:\Users\TheK-B1000\Desktop\The K-B Folder\United Planets of Galaxies\RPG\UnitedPlanets'.

[2020.06.19-00.49.32:032][473]SourceControl: Path 'C:/Program Files/Epic Games/UE_4.25/Engine/Plugins/Editor/GeometryMode/Content/...' is not under client's root 'C:\Users\TheK-B1000\Desktop\The K-B Folder\United Planets of Galaxies\RPG\UnitedPlanets'.

[2020.06.19-00.49.32:033][473]SourceControl: Path 'C:/Program Files/Epic Games/UE_4.25/Engine/Plugins/Enterprise/DatasmithContent/Content/...' is not under client's root 'C:\Users\TheK-B1000\Desktop\The K-B Folder\United Planets of Galaxies\RPG\UnitedPlanets'.

[2020.06.19-00.49.32:033][473]SourceControl: Path 'C:/Program Files/Epic Games/UE_4.25/Engine/Plugins/Experimental/ChaosClothEditor/Content/' is not under client's root 'C:\Users\TheK-B1000\Desktop\The K-B Folder\United Planets of Galaxies\RPG\UnitedPlanets'.

[2020.06.19-00.49.32:033][473]SourceControl: Path 'C:/Program Files/Epic Games/UE_4.25/Engine/Plugins/Experimental/ChaosNiagara/Content/...' is not under client's root 'C:\Users\TheK-B1000\Desktop\The K-B Folder\United Planets of Galaxies\RPG\UnitedPlanets'.

[2020.06.19-00.49.32:033][473]SourceControl: Path 'C:/Program Files/Epic Games/UE_4.25/Engine/Plugins/Experimental/ChaosSolverPlugin/Content/' is not under client's root 'C:\Users\TheK-B1000\Desktop\The K-B Folder\United Planets of Galaxies\RPG\UnitedPlanets'.

[2020.06.19-00.49.32:033][473]SourceControl: Path 'C:/Program Files/Epic Games/UE_4.25/Engine/Plugins/Experimental/GeometryCollectionPlugin/Content/...' is not under client's root 'C:\Users\TheK-B1000\Desktop\The K-B Folder\United Planets of Galaxies\RPG\UnitedPlanets'.

[2020.06.19-00.49.32:033][473]SourceControl: Path 'C:/Program Files/Epic Games/UE_4.25/Engine/Plugins/Experimental/GeometryProcessing/Content/' is not under client's root 'C:\Users\TheK-B1000\Desktop\The K-B Folder\United Planets of Galaxies\RPG\UnitedPlanets'.

[2020.06.19-00.49.32:033][473]SourceControl: Path 'C:/Program Files/Epic Games/UE_4.25/Engine/Plugins/FX/Niagara/Content/...' is not under client's root 'C:\Users\TheK-B1000\Desktop\The K-B Folder\United Planets of Galaxies\RPG\UnitedPlanets'.

[2020.06.19-00.49.32:033][473]SourceControl: Path 'C:/Program Files/Epic Games/UE_4.25/Engine/Plugins/Lumin/MagicLeap/Content/' is not under client's root 'C:\Users\TheK-B1000\Desktop\The K-B Folder\United Planets of Galaxies\RPG\UnitedPlanets'.

[2020.06.19-00.49.32:033][473]SourceControl: Path 'C:/Program Files/Epic Games/UE_4.25/Engine/Plugins/Lumin/MagicLeapPassableWorld/Content/' is not under client's root 'C:\Users\TheK-B1000\Desktop\The K-B Folder\United Planets of Galaxies\RPG\UnitedPlanets'.

[2020.06.19-00.49.32:033][473]SourceControl: Path 'C:/Program Files/Epic Games/UE_4.25/Engine/Plugins/Media/MediaCompositing/Content/...' is not under client's root 'C:\Users\TheK-B1000\Desktop\The K-B Folder\United Planets of Galaxies\RPG\UnitedPlanets'.

[2020.06.19-00.49.32:033][473]SourceControl: Path 'C:/Program Files/Epic Games/UE_4.25/Engine/Plugins/MovieScene/MovieRenderPipeline/Content/...' is not under client's root 'C:\Users\TheK-B1000\Desktop\The K-B Folder\United Planets of Galaxies\RPG\UnitedPlanets'.

[2020.06.19-00.49.32:033][473]SourceControl: Path 'C:/Program Files/Epic Games/UE_4.25/Engine/Plugins/Runtime/Oculus/OculusVR/Content/...' is not under client's root 'C:\Users\TheK-B1000\Desktop\The K-B Folder\United Planets of Galaxies\RPG\UnitedPlanets'.

[2020.06.19-00.49.32:033][473]SourceControl: Path 'C:/Program Files/Epic Games/UE_4.25/Engine/Plugins/Runtime/PostSplashScreen/Content/' is not under client's root 'C:\Users\TheK-B1000\Desktop\The K-B Folder\United Planets of Galaxies\RPG\UnitedPlanets'.

[2020.06.19-00.49.32:033][473]SourceControl: Path 'C:/Program Files/Epic Games/UE_4.25/Engine/Plugins/Runtime/Steam/SteamVR/Content/...' is not under client's root 'C:\Users\TheK-B1000\Desktop\The K-B Folder\United Planets of Galaxies\RPG\UnitedPlanets'.

[2020.06.19-00.49.37:568][473]LogSlate: Window 'Submit Files' being destroyed
[2020.06.19-00.49.37:729][473]LogSourceControl: Attempting 'p4 fstat -Or C:/Users/TheK-B1000/Desktop/The K-B Folder/United Planets of Galaxies/RPG/UnitedPlanets/Content/BP_Rifle.uasset'
[2020.06.19-00.49.37:729][473]LogSourceControl: Attempting 'p4 diff -sa C:/Users/TheK-B1000/Desktop/The K-B Folder/United Planets of Galaxies/RPG/UnitedPlanets/Content/BP_Rifle.uasset'
[2020.06.19-00.49.37:729][473]LogSourceControl: Attempting 'p4 reopen -c 48 C:/Users/TheK-B1000/Desktop/The K-B Folder/United Planets of Galaxies/RPG/UnitedPlanets/Content/BP_Rifle.uasset'
[2020.06.19-00.49.37:729][473]LogSourceControl: Attempting 'p4 submit -c 48'
[2020.06.19-00.49.37:739][473]SourceControl: Submitted changelist 48
